#
# A fatal error has been detected by the Java Runtime Environment:
#
#  EXCEPTION_ACCESS_VIOLATION (0xc0000005) at pc=0x00007ffb2612c8e8, pid=12724, tid=3024
#
# JRE version: OpenJDK Runtime Environment Temurin-17.0.1+12 (17.0.1+12) (build 17.0.1+12)
# Java VM: OpenJDK 64-Bit Server VM Temurin-17.0.1+12 (17.0.1+12, mixed mode, tiered, compressed oops, compressed class ptrs, parallel gc, windows-amd64)
# Problematic frame:
# V  [jvm.dll+0xc8e8]
#
# No core dump will be written. Minidumps are not enabled by default on client versions of Windows
#
# If you would like to submit a bug report, please visit:
#   https://github.com/adoptium/adoptium-support/issues
#

---------------  S U M M A R Y ------------

Command Line: --add-modules=ALL-SYSTEM --add-opens=java.base/java.util=ALL-UNNAMED --add-opens=java.base/java.lang=ALL-UNNAMED -Declipse.application=org.eclipse.jdt.ls.core.id1 -Dosgi.bundles.defaultStartLevel=4 -Declipse.product=org.eclipse.jdt.ls.core.product -Djava.import.generatesMetadataFilesAtProjectRoot=false -Dfile.encoding=utf8 -DwatchParentProcess=false -XX:+UseParallelGC -XX:GCTimeRatio=4 -XX:AdaptiveSizePolicyWeight=90 -Dsun.zip.disableMemoryMapping=true -Xmx1G -Xms100m -javaagent:c:\Users\rhuan\.vscode\extensions\gabrielbb.vscode-lombok-1.0.1\server\lombok.jar -XX:+HeapDumpOnOutOfMemoryError -XX:HeapDumpPath=c:\Users\rhuan\AppData\Roaming\Code\User\workspaceStorage\e7f517770e77997855dded13f607dff6\redhat.java c:\Users\rhuan\.vscode\extensions\redhat.java-1.2.0\server\plugins\org.eclipse.equinox.launcher_1.6.400.v20210924-0641.jar -configuration c:\Users\rhuan\AppData\Roaming\Code\User\globalStorage\redhat.java\1.2.0\config_win -data c:\Users\rhuan\AppData\Roaming\Code\User\workspaceStorage\e7f517770e77997855dded13f607dff6\redhat.java\jdt_ws

Host: Intel(R) Core(TM) i5-3570K CPU @ 3.40GHz, 4 cores, 7G,  Windows 10 , 64 bit Build 19041 (10.0.19041.1499)
Time: Mon Jan 24 14:53:27 2022 Hora oficial do Brasil elapsed time: 1012.053220 seconds (0d 0h 16m 52s)

---------------  T H R E A D  ---------------

Current thread (0x000002367dc8ff30):  GCTaskThread "GC Thread#3" [stack: 0x0000008f4eb00000,0x0000008f4ec00000] [id=3024]

Stack: [0x0000008f4eb00000,0x0000008f4ec00000],  sp=0x0000008f4ebff498,  free space=1021k
Native frames: (J=compiled Java code, j=interpreted, Vv=VM code, C=native code)
V  [jvm.dll+0xc8e8]


siginfo: EXCEPTION_ACCESS_VIOLATION (0xc0000005), reading address 0x0000000100a72518


Register to memory mapping:

RIP=0x00007ffb2612c8e8 jvm.dll
RAX=0x0000000000000001 is an unknown value
RBX=0x0000000000000001 is an unknown value
RCX=0x0000000000000003 is an unknown value
RDX=0x00000000eb45efe0 points into unknown readable memory: 0x0000000000000001 | 01 00 00 00 00 00 00 00
RSP=0x0000008f4ebff498 points into unknown readable memory: 0x00007ffb267d0e86 | 86 0e 7d 26 fb 7f 00 00
RBP=0x0000008f4ebff518 points into unknown readable memory: 0x000000000000000c | 0c 00 00 00 00 00 00 00
RSI=0x00000000ebbe18e0 points into unknown readable memory: 0xebbe4048eb45efe0 | e0 ef 45 eb 48 40 be eb
RDI=0x000002367baf7300 points into unknown readable memory: 0x00007ffb26acdf20 | 20 df ac 26 fb 7f 00 00
R8 =
[error occurred during error reporting (printing register info), id 0xc0000005, EXCEPTION_ACCESS_VIOLATION (0xc0000005) at pc=0x00007ffb267463c3]

Registers:
RAX=0x0000000000000001, RBX=0x0000000000000001, RCX=0x0000000000000003, RDX=0x00000000eb45efe0
RSP=0x0000008f4ebff498, RBP=0x0000008f4ebff518, RSI=0x00000000ebbe18e0, RDI=0x000002367baf7300
R8 =0x0000000100a72510, R9 =0x000000000000000c, R10=0x0000000000000000, R11=0x000002367baf7300
R12=0x0000000000000000, R13=0x0000000000000010, R14=0x00000000eb45efe0, R15=0x000002367baf7300
RIP=0x00007ffb2612c8e8, EFLAGS=0x0000000000010202

Top of Stack: (sp=0x0000008f4ebff498)
0x0000008f4ebff498:   00007ffb267d0e86 0000000000000009
0x0000008f4ebff4a8:   0000000000000008 000002366c6176e7
0x0000008f4ebff4b8:   0000008f4ebf000a 0000008f4ebff4b8
0x0000008f4ebff4c8:   00000000eb0c0001 00000000c6f86080
0x0000008f4ebff4d8:   0000000000000400 00000000ebbdd200
0x0000008f4ebff4e8:   0000000000001000 0000023665db5990
0x0000008f4ebff4f8:   000002367dcc7930 0000000000000009
0x0000008f4ebff508:   0000000000001000 0000000000000010
0x0000008f4ebff518:   000000000000000c 0000000000000038
0x0000008f4ebff528:   0000000000000000 00000000ebbe18e0
0x0000008f4ebff538:   0000000000000001 0000000000000000
0x0000008f4ebff548:   00007ffb267d20f0 000002367baf7300
0x0000008f4ebff558:   00007ffb267c371f 0000000000000001
0x0000008f4ebff568:   0000023665c30000 0000000000000000
0x0000008f4ebff578:   00007ffb267f11e0 00000000c6e4ffac
0x0000008f4ebff588:   00000000c6e50000 0000000000000000 

Instructions: (pc=0x00007ffb2612c8e8)
0x00007ffb2612c7e8:   48 83 c4 20 5e c3 cc cc 48 8b 01 c3 cc cc cc cc
0x00007ffb2612c7f8:   cc cc cc cc cc cc cc cc 4c 8b 01 4c 8b c9 48 8b
0x00007ffb2612c808:   0d 03 c1 b4 00 ba 44 60 08 00 e9 59 f2 ff ff cc
0x00007ffb2612c818:   cc cc cc cc cc cc cc cc 48 89 5c 24 08 57 48 83
0x00007ffb2612c828:   ec 20 48 8b 39 48 8b d9 48 85 3d 01 9e b9 00 75
0x00007ffb2612c838:   0e 48 8b c7 48 8b 5c 24 30 48 83 c4 20 5f c3 48
0x00007ffb2612c848:   8b cf e8 c1 2c 85 00 48 8b d0 48 85 c0 74 20 48
0x00007ffb2612c858:   8b c7 f0 48 0f b1 13 74 16 48 85 05 d0 9d b9 00
0x00007ffb2612c868:   74 0d 48 8b c8 f0 48 0f b1 13 48 3b c1 75 ea 48
0x00007ffb2612c878:   8b 5c 24 30 48 8b c2 48 83 c4 20 5f c3 cc cc cc
0x00007ffb2612c888:   cc cc cc cc cc cc cc cc 4c 8b 01 4c 8b c9 48 8b
0x00007ffb2612c898:   0d 73 c0 b4 00 ba 64 60 08 00 e9 c9 f1 ff ff cc
0x00007ffb2612c8a8:   cc cc cc cc cc cc cc cc 8b 05 32 0a af 00 c3 cc
0x00007ffb2612c8b8:   cc cc cc cc cc cc cc cc 0f b6 05 98 c8 b5 00 48
0x00007ffb2612c8c8:   8b d1 84 c0 74 16 44 8b 41 08 8b 0d 10 0a af 00
0x00007ffb2612c8d8:   49 d3 e0 4c 03 05 fe 09 af 00 eb 04 4c 8b 41 08
0x00007ffb2612c8e8:   45 8b 50 08 45 85 d2 7e 0e 41 f6 c2 01 75 53 41
0x00007ffb2612c8f8:   c1 fa 03 41 8b c2 c3 79 49 84 c0 b9 10 00 00 00
0x00007ffb2612c908:   8b 05 06 19 af 00 41 b8 0c 00 00 00 41 0f 45 c8
0x00007ffb2612c918:   ff c8 4c 63 c8 48 63 14 11 41 8b ca 83 e1 3f 48
0x00007ffb2612c928:   d3 e2 41 8b ca 48 c1 f9 10 0f b6 c1 49 8d 0c 11
0x00007ffb2612c938:   49 f7 d1 48 03 c1 49 c1 e9 03 48 c1 e8 03 41 23
0x00007ffb2612c948:   c1 c3 49 8b 00 49 8b c8 48 ff a0 00 01 00 00 cc
0x00007ffb2612c958:   cc cc cc cc cc cc cc cc 8b 44 24 30 45 03 c9 44
0x00007ffb2612c968:   2b 4c 24 28 83 c0 0b 44 03 ca 45 03 c8 41 03 c1
0x00007ffb2612c978:   c3 cc cc cc cc cc cc cc 4c 8b ca 48 8b d1 45 8b
0x00007ffb2612c988:   41 08 45 85 c0 7e 0e 41 f6 c0 01 75 56 41 c1 f8
0x00007ffb2612c998:   03 41 8b c0 c3 79 4c 80 3d b9 c7 b5 00 00 b8 0c
0x00007ffb2612c9a8:   00 00 00 b9 10 00 00 00 0f 45 c8 8b 05 5b 18 af
0x00007ffb2612c9b8:   00 ff c8 4c 63 c8 48 63 14 11 41 8b c8 83 e1 3f
0x00007ffb2612c9c8:   48 d3 e2 41 8b c8 48 c1 f9 10 0f b6 c1 49 8d 0c
0x00007ffb2612c9d8:   11 49 f7 d1 48 03 c1 49 c1 e9 03 48 c1 e8 03 41 


Stack slot to memory mapping:
stack at sp + 0 slots: 0x00007ffb267d0e86 jvm.dll
stack at sp + 1 slots: 0x0000000000000009 is an unknown value
stack at sp + 2 slots: 0x0000000000000008 is an unknown value
stack at sp + 3 slots: 0x000002366c6176e7 is at entry_point+327 in (nmethod*)0x000002366c617290
stack at sp + 4 slots: 0x0000008f4ebf000a is an unknown value
stack at sp + 5 slots: 0x0000008f4ebff4b8 points into unknown readable memory: 0x0000008f4ebf000a | 0a 00 bf 4e 8f 00 00 00
stack at sp + 6 slots: 0x00000000eb0c0001 points into unknown readable memory: 00 00 00 00 00 00 00
stack at sp + 7 slots: 0x00000000c6f86080 is an oop: org.eclipse.jdt.internal.compiler.ast.SingleTypeReference 
{0x00000000c6f86080} - klass: 'org/eclipse/jdt/internal/compiler/ast/SingleTypeReference'
 - ---- fields (total size 8 words):
 - public 'sourceStart' 'I' @12  526 (20e)
 - public 'sourceEnd' 'I' @16  532 (214)
 - public 'bits' 'I' @20  -2147483648 (80000000)
 - public transient '$generatedBy' 'Lorg/eclipse/jdt/internal/compiler/ast/ASTNode;' @24  a 'org/eclipse/jdt/internal/compiler/ast/MarkerAnnotation'{0x00000000c6dfd440} (c6dfd440)
 - 'patternVarsWhenTrue' '[Lorg/eclipse/jdt/internal/compiler/lookup/LocalVariableBinding;' @28  NULL (0)
 - 'patternVarsWhenFalse' '[Lorg/eclipse/jdt/internal/compiler/lookup/LocalVariableBinding;' @32  NULL (0)
 - public 'statementEnd' 'I' @36  532 (214)
 - public 'implicitConversion' 'I' @40  0
 - public 'constant' 'Lorg/eclipse/jdt/internal/compiler/impl/Constant;' @44  NULL (0)
 - public 'resolvedType' 'Lorg/eclipse/jdt/internal/compiler/lookup/TypeBinding;' @48  NULL (0)
 - public 'annotations' '[[Lorg/eclipse/jdt/internal/compiler/ast/Annotation;' @52  NULL (0)
 - public 'token' '[C' @56  [C{0x00000000c6dfdb18} (c6dfdb18)


---------------  P R O C E S S  ---------------

Threads class SMR info:
_java_thread_list=0x00000236035655b0, length=39, elements={
0x0000023665db88b0, 0x000002367bb14750, 0x000002367bb17220, 0x000002367bb3d260,
0x000002367bb3dd20, 0x000002367bb406f0, 0x000002367bb41fc0, 0x000002367bb42c60,
0x000002367d5400f0, 0x000002367d540600, 0x0000023665e77ae0, 0x000002367d769980,
0x000002367dfbecd0, 0x000002367dfaec90, 0x000002367dfafac0, 0x000002367dfe8d10,
0x000002367dec3fd0, 0x00000236000d9ed0, 0x00000236000d9a00, 0x0000023600e84750,
0x0000023600e88110, 0x0000023601d49b10, 0x0000023601d4b7f0, 0x0000023601d4d9a0,
0x0000023600e85f60, 0x0000023600e89450, 0x000002360368d140, 0x000002360368e480,
0x000002360368dfb0, 0x000002360368be00, 0x000002360368ee20, 0x000002360368dae0,
0x000002360368c7a0, 0x000002360368b930, 0x000002360368cc70, 0x0000023600e85a90,
0x0000023600e86430, 0x0000023600e885e0, 0x0000023617c3bc10
}

Java Threads: ( => current thread )
  0x0000023665db88b0 JavaThread "main" [_thread_blocked, id=16368, stack(0x0000008f4d900000,0x0000008f4da00000)]
  0x000002367bb14750 JavaThread "Reference Handler" daemon [_thread_blocked, id=11544, stack(0x0000008f4dd00000,0x0000008f4de00000)]
  0x000002367bb17220 JavaThread "Finalizer" daemon [_thread_blocked, id=16248, stack(0x0000008f4de00000,0x0000008f4df00000)]
  0x000002367bb3d260 JavaThread "Signal Dispatcher" daemon [_thread_blocked, id=15448, stack(0x0000008f4df00000,0x0000008f4e000000)]
  0x000002367bb3dd20 JavaThread "Attach Listener" daemon [_thread_blocked, id=340, stack(0x0000008f4e000000,0x0000008f4e100000)]
  0x000002367bb406f0 JavaThread "Service Thread" daemon [_thread_blocked, id=12220, stack(0x0000008f4e100000,0x0000008f4e200000)]
  0x000002367bb41fc0 JavaThread "Monitor Deflation Thread" daemon [_thread_blocked, id=15556, stack(0x0000008f4e200000,0x0000008f4e300000)]
  0x000002367bb42c60 JavaThread "C2 CompilerThread0" daemon [_thread_blocked, id=13808, stack(0x0000008f4e300000,0x0000008f4e400000)]
  0x000002367d5400f0 JavaThread "C1 CompilerThread0" daemon [_thread_blocked, id=15204, stack(0x0000008f4e400000,0x0000008f4e500000)]
  0x000002367d540600 JavaThread "Sweeper thread" daemon [_thread_blocked, id=9388, stack(0x0000008f4e500000,0x0000008f4e600000)]
  0x0000023665e77ae0 JavaThread "Common-Cleaner" daemon [_thread_blocked, id=14840, stack(0x0000008f4e600000,0x0000008f4e700000)]
  0x000002367d769980 JavaThread "Notification Thread" daemon [_thread_blocked, id=15596, stack(0x0000008f4e700000,0x0000008f4e800000)]
  0x000002367dfbecd0 JavaThread "Active Thread: Equinox Container: 0817cfcc-c73b-4b05-9324-ea770e978530" [_thread_blocked, id=8608, stack(0x0000008f4ed00000,0x0000008f4ee00000)]
  0x000002367dfaec90 JavaThread "Framework Event Dispatcher: Equinox Container: 0817cfcc-c73b-4b05-9324-ea770e978530" daemon [_thread_blocked, id=12944, stack(0x0000008f4ec00000,0x0000008f4ed00000)]
  0x000002367dfafac0 JavaThread "Start Level: Equinox Container: 0817cfcc-c73b-4b05-9324-ea770e978530" daemon [_thread_blocked, id=13920, stack(0x0000008f4ee00000,0x0000008f4ef00000)]
  0x000002367dfe8d10 JavaThread "SCR Component Actor" daemon [_thread_blocked, id=12104, stack(0x0000008f4ef00000,0x0000008f4f000000)]
  0x000002367dec3fd0 JavaThread "Worker-JM" [_thread_blocked, id=2136, stack(0x0000008f4f100000,0x0000008f4f200000)]
  0x00000236000d9ed0 JavaThread "Java indexing" daemon [_thread_blocked, id=15868, stack(0x0000008f4f500000,0x0000008f4f600000)]
  0x00000236000d9a00 JavaThread "pool-2-thread-1" [_thread_in_native, id=6568, stack(0x0000008f4f000000,0x0000008f4f100000)]
  0x0000023600e84750 JavaThread "Worker-3" [_thread_blocked, id=4416, stack(0x0000008f4f400000,0x0000008f4f500000)]
  0x0000023600e88110 JavaThread "Bundle File Closer" daemon [_thread_blocked, id=13220, stack(0x0000008f4f700000,0x0000008f4f800000)]
  0x0000023601d49b10 JavaThread "ForkJoinPool.commonPool-worker-5" daemon [_thread_blocked, id=11644, stack(0x0000008f4f300000,0x0000008f4f400000)]
  0x0000023601d4b7f0 JavaThread "Java Debug Server" daemon [_thread_in_native, id=8968, stack(0x0000008f4f600000,0x0000008f4f700000)]
  0x0000023601d4d9a0 JavaThread "RxSchedulerPurge-1" daemon [_thread_blocked, id=12980, stack(0x0000008f4fa00000,0x0000008f4fb00000)]
  0x0000023600e85f60 JavaThread "RxCachedWorkerPoolEvictor-1" daemon [_thread_blocked, id=10836, stack(0x0000008f4fb00000,0x0000008f4fc00000)]
  0x0000023600e89450 JavaThread "Worker-7" [_thread_blocked, id=6940, stack(0x0000008f4d800000,0x0000008f4d900000)]
  0x000002360368d140 JavaThread "pool-3-thread-2" [_thread_in_native, id=7416, stack(0x0000008f4da00000,0x0000008f4db00000)]
  0x000002360368e480 JavaThread "RxNewThreadScheduler-3" daemon [_thread_blocked, id=720, stack(0x0000008f4fd00000,0x0000008f4fe00000)]
  0x000002360368dfb0 JavaThread "Thread-3" daemon [_thread_in_native, id=13704, stack(0x0000008f4ff00000,0x0000008f50000000)]
  0x000002360368be00 JavaThread "Debuggee Stdout Handler" daemon [_thread_in_native, id=13512, stack(0x0000008f50000000,0x0000008f50100000)]
  0x000002360368ee20 JavaThread "Debuggee Stderr Handler" daemon [_thread_in_native, id=10012, stack(0x0000008f50100000,0x0000008f50200000)]
  0x000002360368dae0 JavaThread "RxNewThreadScheduler-4" daemon [_thread_blocked, id=14160, stack(0x0000008f4fc00000,0x0000008f4fd00000)]
  0x000002360368c7a0 JavaThread "ForkJoinPool.commonPool-worker-6" daemon [_thread_blocked, id=15344, stack(0x0000008f4f900000,0x0000008f4fa00000)]
  0x000002360368b930 JavaThread "ForkJoinPool.commonPool-worker-7" daemon [_thread_blocked, id=13120, stack(0x0000008f4fe00000,0x0000008f4ff00000)]
  0x000002360368cc70 JavaThread "ForkJoinPool.commonPool-worker-8" daemon [_thread_blocked, id=8664, stack(0x0000008f4f200000,0x0000008f4f300000)]
  0x0000023600e85a90 JavaThread "Worker-8" [_thread_blocked, id=4764, stack(0x0000008f50200000,0x0000008f50300000)]
  0x0000023600e86430 JavaThread "Worker-9" [_thread_blocked, id=9756, stack(0x0000008f50300000,0x0000008f50400000)]
  0x0000023600e885e0 JavaThread "Worker-10" [_thread_blocked, id=3736, stack(0x0000008f4f800000,0x0000008f4f900000)]
  0x0000023617c3bc10 JavaThread "Worker-11" [_thread_blocked, id=15772, stack(0x0000008f50400000,0x0000008f50500000)]

Other Threads:
  0x000002367bafba20 VMThread "VM Thread" [stack: 0x0000008f4dc00000,0x0000008f4dd00000] [id=13716]
  0x000002367d76ccd0 WatcherThread [stack: 0x0000008f4e800000,0x0000008f4e900000] [id=10120]
  0x0000023665dce0e0 GCTaskThread "GC Thread#0" [stack: 0x0000008f4db00000,0x0000008f4dc00000] [id=6632]
  0x000002367dc8f9d0 GCTaskThread "GC Thread#1" [stack: 0x0000008f4e900000,0x0000008f4ea00000] [id=15216]
  0x000002367dc8fc80 GCTaskThread "GC Thread#2" [stack: 0x0000008f4ea00000,0x0000008f4eb00000] [id=14548]
=>0x000002367dc8ff30 GCTaskThread "GC Thread#3" [stack: 0x0000008f4eb00000,0x0000008f4ec00000] [id=3024]

Threads with active compile tasks:

VM state: at safepoint (normal execution)

VM Mutex/Monitor currently owned by a thread:  ([mutex/lock_event])
[0x0000023665db5d80] Threads_lock - owner thread: 0x000002367bafba20
[0x0000023665db4d30] Heap_lock - owner thread: 0x000002360368c7a0

Heap address: 0x00000000c0000000, size: 1024 MB, Compressed Oops mode: 32-bit

CDS archive(s) not mapped
Compressed class space mapped at: 0x0000000100000000-0x0000000140000000, reserved size: 1073741824
Narrow klass base: 0x0000000000000000, Narrow klass shift: 3, Narrow klass range: 0x140000000

GC Precious Log:
 CPUs: 4 total, 4 available
 Memory: 8079M
 Large Page Support: Disabled
 NUMA Support: Disabled
 Compressed Oops: Enabled (32-bit)
 Alignments: Space 512K, Generation 512K, Heap 2M
 Heap Min Capacity: 100M
 Heap Initial Capacity: 100M
 Heap Max Capacity: 1G
 Pre-touch: Disabled
 Parallel Workers: 4

Heap:
 PSYoungGen      total 17920K, used 17895K [0x00000000eab00000, 0x00000000ec100000, 0x0000000100000000)
  eden space 16896K, 100% used [0x00000000eab00000,0x00000000ebb80000,0x00000000ebb80000)
  from space 1024K, 97% used [0x00000000ebe00000,0x00000000ebef9f68,0x00000000ebf00000)
  to   space 2560K, 99% used [0x00000000ebb80000,0x00000000ebdfd218,0x00000000ebe00000)
 ParOldGen       total 144896K, used 114866K [0x00000000c0000000, 0x00000000c8d80000, 0x00000000eab00000)
  object space 144896K, 79% used [0x00000000c0000000,0x00000000c702c890,0x00000000c8d80000)
 Metaspace       used 89994K, committed 91136K, reserved 1130496K
  class space    used 9020K, committed 9472K, reserved 1048576K

Card table byte_map: [0x0000023679400000,0x0000023679610000] _byte_map_base: 0x0000023678e00000

Marking Bits: (ParMarkBitMap*) 0x00007ffb26ca2a60
 Begin Bits: [0x0000023679770000, 0x000002367a770000)
 End Bits:   [0x000002367a770000, 0x000002367b770000)

Polling page: 0x0000023665e90000

Metaspace:

Usage:
  Non-class:     79.08 MB used.
      Class:      8.81 MB used.
       Both:     87.89 MB used.

Virtual space:
  Non-class space:       80.00 MB reserved,      79.75 MB (>99%) committed,  10 nodes.
      Class space:        1.00 GB reserved,       9.25 MB ( <1%) committed,  1 nodes.
             Both:        1.08 GB reserved,      89.00 MB (  8%) committed. 

Chunk freelists:
   Non-Class:  112.00 KB
       Class:  2.72 MB
        Both:  2.83 MB

MaxMetaspaceSize: unlimited
CompressedClassSpaceSize: 1.00 GB
Initial GC threshold: 21.00 MB
Current GC threshold: 148.38 MB
CDS: off
MetaspaceReclaimPolicy: balanced
 - commit_granule_bytes: 65536.
 - commit_granule_words: 8192.
 - virtual_space_node_default_size: 1048576.
 - enlarge_chunks_in_place: 1.
 - new_chunks_are_fully_committed: 0.
 - uncommit_free_chunks: 1.
 - use_allocation_guard: 0.
 - handle_deallocations: 1.


Internal statistics:

num_allocs_failed_limit: 9.
num_arena_births: 706.
num_arena_deaths: 98.
num_vsnodes_births: 11.
num_vsnodes_deaths: 0.
num_space_committed: 1424.
num_space_uncommitted: 0.
num_chunks_returned_to_freelist: 124.
num_chunks_taken_from_freelist: 4306.
num_chunk_merges: 45.
num_chunk_splits: 2725.
num_chunks_enlarged: 1713.
num_purges: 10.
num_inconsistent_stats: 0.

CodeHeap 'non-profiled nmethods': size=120000Kb used=21642Kb max_used=21642Kb free=98357Kb
 bounds [0x0000023671ce0000, 0x0000023673210000, 0x0000023679210000]
CodeHeap 'profiled nmethods': size=120000Kb used=34951Kb max_used=35258Kb free=85048Kb
 bounds [0x000002366a7b0000, 0x000002366cb00000, 0x0000023671ce0000]
CodeHeap 'non-nmethods': size=5760Kb used=1428Kb max_used=1524Kb free=4331Kb
 bounds [0x000002366a210000, 0x000002366a480000, 0x000002366a7b0000]
 total_blobs=17562 nmethods=16787 adapters=683
 compilation: enabled
              stopped_count=0, restarted_count=0
 full_count=0

Compilation events (20 events):
Event: 1011.990 Thread 0x000002367d5400f0 nmethod 25499 0x000002366ca29c90 code [0x000002366ca2ab40, 0x000002366ca369c8]
Event: 1011.990 Thread 0x000002367d5400f0 25500       3       org.eclipse.jdt.ls.core.internal.handlers.BaseDocumentLifeCycleHandler$DocumentMonitor::checkChanged (28 bytes)
Event: 1011.991 Thread 0x000002367d5400f0 nmethod 25500 0x000002366c368d90 code [0x000002366c368f80, 0x000002366c369558]
Event: 1011.991 Thread 0x000002367d5400f0 25501       3       org.eclipse.jdt.ls.core.internal.handlers.BaseDocumentLifeCycleHandler$DocumentMonitor::hasChanged (33 bytes)
Event: 1011.991 Thread 0x000002367d5400f0 nmethod 25501 0x000002366c01c990 code [0x000002366c01cb40, 0x000002366c01cea8]
Event: 1011.993 Thread 0x000002367d5400f0 25502       3       org.eclipse.core.runtime.Path::makeRelative (32 bytes)
Event: 1011.993 Thread 0x000002367d5400f0 nmethod 25502 0x000002366bdb8690 code [0x000002366bdb8860, 0x000002366bdb8c28]
Event: 1011.994 Thread 0x000002367bb42c60 nmethod 25492 0x00000236731fd010 code [0x00000236731fd3a0, 0x00000236731ff3e8]
Event: 1011.994 Thread 0x000002367bb42c60 25493       4       org.eclipse.jdt.internal.compiler.ast.AbstractMethodDeclaration::analyseArguments (200 bytes)
Event: 1012.008 Thread 0x000002367d5400f0 25504       3       org.eclipse.jdt.internal.corext.refactoring.code.SourceAnalyzer$ActivationAnalyzer::visit (57 bytes)
Event: 1012.008 Thread 0x000002367d5400f0 nmethod 25504 0x000002366bb01f10 code [0x000002366bb02100, 0x000002366bb025f8]
Event: 1012.009 Thread 0x000002367d5400f0 25505       3       org.eclipse.jdt.internal.corext.refactoring.code.SourceAnalyzer$UpdateCollector::addReferencesToName (61 bytes)
Event: 1012.009 Thread 0x000002367bb42c60 nmethod 25493 0x0000023673200d90 code [0x0000023673201000, 0x0000023673201be0]
Event: 1012.009 Thread 0x000002367bb42c60 25503       4       org.eclipse.jdt.core.dom.MethodBinding::isDeprecated (8 bytes)
Event: 1012.009 Thread 0x000002367d5400f0 nmethod 25505 0x000002366b7d2f10 code [0x000002366b7d3140, 0x000002366b7d3a08]
Event: 1012.009 Thread 0x000002367d5400f0 25506       3       org.eclipse.jdt.internal.corext.refactoring.code.SourceAnalyzer$UpdateCollector::visit (201 bytes)
Event: 1012.009 Thread 0x000002367bb42c60 nmethod 25503 0x0000023673202490 code [0x0000023673202600, 0x0000023673202698]
Event: 1012.010 Thread 0x000002367d5400f0 nmethod 25506 0x000002366b8e1a10 code [0x000002366b8e1d40, 0x000002366b8e36c8]
Event: 1012.010 Thread 0x000002367d5400f0 25507       1       org.eclipse.jdt.internal.corext.refactoring.code.flow.FlowContext::setComputeMode (6 bytes)
Event: 1012.010 Thread 0x000002367d5400f0 nmethod 25507 0x0000023673202790 code [0x0000023673202920, 0x00000236732029f8]

GC Heap History (20 events):
Event: 1009.371 GC heap after
{Heap after GC invocations=4143 (full 115):
 PSYoungGen      total 18432K, used 816K [0x00000000eab00000, 0x00000000ec000000, 0x0000000100000000)
  eden space 17408K, 0% used [0x00000000eab00000,0x00000000eab00000,0x00000000ebc00000)
  from space 1024K, 79% used [0x00000000ebc00000,0x00000000ebccc010,0x00000000ebd00000)
  to   space 1536K, 0% used [0x00000000ebe80000,0x00000000ebe80000,0x00000000ec000000)
 ParOldGen       total 155648K, used 154973K [0x00000000c0000000, 0x00000000c9800000, 0x00000000eab00000)
  object space 155648K, 99% used [0x00000000c0000000,0x00000000c9757510,0x00000000c9800000)
 Metaspace       used 89978K, committed 91136K, reserved 1130496K
  class space    used 9020K, committed 9472K, reserved 1048576K
}
Event: 1009.371 GC heap before
{Heap before GC invocations=4144 (full 116):
 PSYoungGen      total 18432K, used 816K [0x00000000eab00000, 0x00000000ec000000, 0x0000000100000000)
  eden space 17408K, 0% used [0x00000000eab00000,0x00000000eab00000,0x00000000ebc00000)
  from space 1024K, 79% used [0x00000000ebc00000,0x00000000ebccc010,0x00000000ebd00000)
  to   space 1536K, 0% used [0x00000000ebe80000,0x00000000ebe80000,0x00000000ec000000)
 ParOldGen       total 155648K, used 154973K [0x00000000c0000000, 0x00000000c9800000, 0x00000000eab00000)
  object space 155648K, 99% used [0x00000000c0000000,0x00000000c9757510,0x00000000c9800000)
 Metaspace       used 89978K, committed 91136K, reserved 1130496K
  class space    used 9020K, committed 9472K, reserved 1048576K
}
Event: 1009.482 GC heap after
{Heap after GC invocations=4144 (full 116):
 PSYoungGen      total 17920K, used 0K [0x00000000eab00000, 0x00000000ebf00000, 0x0000000100000000)
  eden space 17408K, 0% used [0x00000000eab00000,0x00000000eab00000,0x00000000ebc00000)
  from space 512K, 0% used [0x00000000ebe80000,0x00000000ebe80000,0x00000000ebf00000)
  to   space 1536K, 0% used [0x00000000ebc00000,0x00000000ebc00000,0x00000000ebd80000)
 ParOldGen       total 144896K, used 107183K [0x00000000c0000000, 0x00000000c8d80000, 0x00000000eab00000)
  object space 144896K, 73% used [0x00000000c0000000,0x00000000c68abd48,0x00000000c8d80000)
 Metaspace       used 89978K, committed 91136K, reserved 1130496K
  class space    used 9020K, committed 9472K, reserved 1048576K
}
Event: 1011.164 GC heap before
{Heap before GC invocations=4145 (full 116):
 PSYoungGen      total 17920K, used 17408K [0x00000000eab00000, 0x00000000ebf00000, 0x0000000100000000)
  eden space 17408K, 100% used [0x00000000eab00000,0x00000000ebc00000,0x00000000ebc00000)
  from space 512K, 0% used [0x00000000ebe80000,0x00000000ebe80000,0x00000000ebf00000)
  to   space 1536K, 0% used [0x00000000ebc00000,0x00000000ebc00000,0x00000000ebd80000)
 ParOldGen       total 144896K, used 107183K [0x00000000c0000000, 0x00000000c8d80000, 0x00000000eab00000)
  object space 144896K, 73% used [0x00000000c0000000,0x00000000c68abd48,0x00000000c8d80000)
 Metaspace       used 89978K, committed 91136K, reserved 1130496K
  class space    used 9020K, committed 9472K, reserved 1048576K
}
Event: 1011.165 GC heap after
{Heap after GC invocations=4145 (full 116):
 PSYoungGen      total 18944K, used 1533K [0x00000000eab00000, 0x00000000ec000000, 0x0000000100000000)
  eden space 17408K, 0% used [0x00000000eab00000,0x00000000eab00000,0x00000000ebc00000)
  from space 1536K, 99% used [0x00000000ebc00000,0x00000000ebd7f4b0,0x00000000ebd80000)
  to   space 2048K, 0% used [0x00000000ebe00000,0x00000000ebe00000,0x00000000ec000000)
 ParOldGen       total 144896K, used 107183K [0x00000000c0000000, 0x00000000c8d80000, 0x00000000eab00000)
  object space 144896K, 73% used [0x00000000c0000000,0x00000000c68abd48,0x00000000c8d80000)
 Metaspace       used 89978K, committed 91136K, reserved 1130496K
  class space    used 9020K, committed 9472K, reserved 1048576K
}
Event: 1011.298 GC heap before
{Heap before GC invocations=4146 (full 116):
 PSYoungGen      total 18944K, used 18941K [0x00000000eab00000, 0x00000000ec000000, 0x0000000100000000)
  eden space 17408K, 100% used [0x00000000eab00000,0x00000000ebc00000,0x00000000ebc00000)
  from space 1536K, 99% used [0x00000000ebc00000,0x00000000ebd7f4b0,0x00000000ebd80000)
  to   space 2048K, 0% used [0x00000000ebe00000,0x00000000ebe00000,0x00000000ec000000)
 ParOldGen       total 144896K, used 107183K [0x00000000c0000000, 0x00000000c8d80000, 0x00000000eab00000)
  object space 144896K, 73% used [0x00000000c0000000,0x00000000c68abd48,0x00000000c8d80000)
 Metaspace       used 89982K, committed 91136K, reserved 1130496K
  class space    used 9020K, committed 9472K, reserved 1048576K
}
Event: 1011.300 GC heap after
{Heap after GC invocations=4146 (full 116):
 PSYoungGen      total 18944K, used 1170K [0x00000000eab00000, 0x00000000ebf80000, 0x0000000100000000)
  eden space 17408K, 0% used [0x00000000eab00000,0x00000000eab00000,0x00000000ebc00000)
  from space 1536K, 76% used [0x00000000ebe00000,0x00000000ebf24ba0,0x00000000ebf80000)
  to   space 1536K, 0% used [0x00000000ebc00000,0x00000000ebc00000,0x00000000ebd80000)
 ParOldGen       total 144896K, used 108641K [0x00000000c0000000, 0x00000000c8d80000, 0x00000000eab00000)
  object space 144896K, 74% used [0x00000000c0000000,0x00000000c6a184f8,0x00000000c8d80000)
 Metaspace       used 89982K, committed 91136K, reserved 1130496K
  class space    used 9020K, committed 9472K, reserved 1048576K
}
Event: 1011.325 GC heap before
{Heap before GC invocations=4147 (full 116):
 PSYoungGen      total 18944K, used 18578K [0x00000000eab00000, 0x00000000ebf80000, 0x0000000100000000)
  eden space 17408K, 100% used [0x00000000eab00000,0x00000000ebc00000,0x00000000ebc00000)
  from space 1536K, 76% used [0x00000000ebe00000,0x00000000ebf24ba0,0x00000000ebf80000)
  to   space 1536K, 0% used [0x00000000ebc00000,0x00000000ebc00000,0x00000000ebd80000)
 ParOldGen       total 144896K, used 108641K [0x00000000c0000000, 0x00000000c8d80000, 0x00000000eab00000)
  object space 144896K, 74% used [0x00000000c0000000,0x00000000c6a184f8,0x00000000c8d80000)
 Metaspace       used 89982K, committed 91136K, reserved 1130496K
  class space    used 9020K, committed 9472K, reserved 1048576K
}
Event: 1011.327 GC heap after
{Heap after GC invocations=4147 (full 116):
 PSYoungGen      total 18944K, used 1517K [0x00000000eab00000, 0x00000000ec100000, 0x0000000100000000)
  eden space 17408K, 0% used [0x00000000eab00000,0x00000000eab00000,0x00000000ebc00000)
  from space 1536K, 98% used [0x00000000ebc00000,0x00000000ebd7b4a0,0x00000000ebd80000)
  to   space 2560K, 0% used [0x00000000ebe80000,0x00000000ebe80000,0x00000000ec100000)
 ParOldGen       total 144896K, used 109233K [0x00000000c0000000, 0x00000000c8d80000, 0x00000000eab00000)
  object space 144896K, 75% used [0x00000000c0000000,0x00000000c6aac7f8,0x00000000c8d80000)
 Metaspace       used 89982K, committed 91136K, reserved 1130496K
  class space    used 9020K, committed 9472K, reserved 1048576K
}
Event: 1011.360 GC heap before
{Heap before GC invocations=4148 (full 116):
 PSYoungGen      total 18944K, used 18925K [0x00000000eab00000, 0x00000000ec100000, 0x0000000100000000)
  eden space 17408K, 100% used [0x00000000eab00000,0x00000000ebc00000,0x00000000ebc00000)
  from space 1536K, 98% used [0x00000000ebc00000,0x00000000ebd7b4a0,0x00000000ebd80000)
  to   space 2560K, 0% used [0x00000000ebe80000,0x00000000ebe80000,0x00000000ec100000)
 ParOldGen       total 144896K, used 109233K [0x00000000c0000000, 0x00000000c8d80000, 0x00000000eab00000)
  object space 144896K, 75% used [0x00000000c0000000,0x00000000c6aac7f8,0x00000000c8d80000)
 Metaspace       used 89983K, committed 91136K, reserved 1130496K
  class space    used 9020K, committed 9472K, reserved 1048576K
}
Event: 1011.363 GC heap after
{Heap after GC invocations=4148 (full 116):
 PSYoungGen      total 19456K, used 1581K [0x00000000eab00000, 0x00000000ec080000, 0x0000000100000000)
  eden space 17408K, 0% used [0x00000000eab00000,0x00000000eab00000,0x00000000ebc00000)
  from space 2048K, 77% used [0x00000000ebe80000,0x00000000ec00b5c8,0x00000000ec080000)
  to   space 2048K, 0% used [0x00000000ebc80000,0x00000000ebc80000,0x00000000ebe80000)
 ParOldGen       total 144896K, used 110747K [0x00000000c0000000, 0x00000000c8d80000, 0x00000000eab00000)
  object space 144896K, 76% used [0x00000000c0000000,0x00000000c6c26d68,0x00000000c8d80000)
 Metaspace       used 89983K, committed 91136K, reserved 1130496K
  class space    used 9020K, committed 9472K, reserved 1048576K
}
Event: 1011.385 GC heap before
{Heap before GC invocations=4149 (full 116):
 PSYoungGen      total 19456K, used 18989K [0x00000000eab00000, 0x00000000ec080000, 0x0000000100000000)
  eden space 17408K, 100% used [0x00000000eab00000,0x00000000ebc00000,0x00000000ebc00000)
  from space 2048K, 77% used [0x00000000ebe80000,0x00000000ec00b5c8,0x00000000ec080000)
  to   space 2048K, 0% used [0x00000000ebc80000,0x00000000ebc80000,0x00000000ebe80000)
 ParOldGen       total 144896K, used 110747K [0x00000000c0000000, 0x00000000c8d80000, 0x00000000eab00000)
  object space 144896K, 76% used [0x00000000c0000000,0x00000000c6c26d68,0x00000000c8d80000)
 Metaspace       used 89983K, committed 91136K, reserved 1130496K
  class space    used 9020K, committed 9472K, reserved 1048576K
}
Event: 1011.387 GC heap after
{Heap after GC invocations=4149 (full 116):
 PSYoungGen      total 19456K, used 2045K [0x00000000eab00000, 0x00000000ec100000, 0x0000000100000000)
  eden space 17408K, 0% used [0x00000000eab00000,0x00000000eab00000,0x00000000ebc00000)
  from space 2048K, 99% used [0x00000000ebc80000,0x00000000ebe7f5d8,0x00000000ebe80000)
  to   space 2560K, 0% used [0x00000000ebe80000,0x00000000ebe80000,0x00000000ec100000)
 ParOldGen       total 144896K, used 110903K [0x00000000c0000000, 0x00000000c8d80000, 0x00000000eab00000)
  object space 144896K, 76% used [0x00000000c0000000,0x00000000c6c4dd88,0x00000000c8d80000)
 Metaspace       used 89983K, committed 91136K, reserved 1130496K
  class space    used 9020K, committed 9472K, reserved 1048576K
}
Event: 1011.544 GC heap before
{Heap before GC invocations=4150 (full 116):
 PSYoungGen      total 19456K, used 19453K [0x00000000eab00000, 0x00000000ec100000, 0x0000000100000000)
  eden space 17408K, 100% used [0x00000000eab00000,0x00000000ebc00000,0x00000000ebc00000)
  from space 2048K, 99% used [0x00000000ebc80000,0x00000000ebe7f5d8,0x00000000ebe80000)
  to   space 2560K, 0% used [0x00000000ebe80000,0x00000000ebe80000,0x00000000ec100000)
 ParOldGen       total 144896K, used 110903K [0x00000000c0000000, 0x00000000c8d80000, 0x00000000eab00000)
  object space 144896K, 76% used [0x00000000c0000000,0x00000000c6c4dd88,0x00000000c8d80000)
 Metaspace       used 89983K, committed 91136K, reserved 1130496K
  class space    used 9020K, committed 9472K, reserved 1048576K
}
Event: 1011.546 GC heap after
{Heap after GC invocations=4150 (full 116):
 PSYoungGen      total 19456K, used 1554K [0x00000000eab00000, 0x00000000ec080000, 0x0000000100000000)
  eden space 17408K, 0% used [0x00000000eab00000,0x00000000eab00000,0x00000000ebc00000)
  from space 2048K, 75% used [0x00000000ebe80000,0x00000000ec004bc0,0x00000000ec080000)
  to   space 2048K, 0% used [0x00000000ebc80000,0x00000000ebc80000,0x00000000ebe80000)
 ParOldGen       total 144896K, used 112911K [0x00000000c0000000, 0x00000000c8d80000, 0x00000000eab00000)
  object space 144896K, 77% used [0x00000000c0000000,0x00000000c6e43fe0,0x00000000c8d80000)
 Metaspace       used 89983K, committed 91136K, reserved 1130496K
  class space    used 9020K, committed 9472K, reserved 1048576K
}
Event: 1011.817 GC heap before
{Heap before GC invocations=4151 (full 116):
 PSYoungGen      total 19456K, used 18962K [0x00000000eab00000, 0x00000000ec080000, 0x0000000100000000)
  eden space 17408K, 100% used [0x00000000eab00000,0x00000000ebc00000,0x00000000ebc00000)
  from space 2048K, 75% used [0x00000000ebe80000,0x00000000ec004bc0,0x00000000ec080000)
  to   space 2048K, 0% used [0x00000000ebc80000,0x00000000ebc80000,0x00000000ebe80000)
 ParOldGen       total 144896K, used 112911K [0x00000000c0000000, 0x00000000c8d80000, 0x00000000eab00000)
  object space 144896K, 77% used [0x00000000c0000000,0x00000000c6e43fe0,0x00000000c8d80000)
 Metaspace       used 89983K, committed 91136K, reserved 1130496K
  class space    used 9020K, committed 9472K, reserved 1048576K
}
Event: 1011.818 GC heap after
{Heap after GC invocations=4151 (full 116):
 PSYoungGen      total 18432K, used 595K [0x00000000eab00000, 0x00000000ebf00000, 0x0000000100000000)
  eden space 17408K, 0% used [0x00000000eab00000,0x00000000eab00000,0x00000000ebc00000)
  from space 1024K, 58% used [0x00000000ebc80000,0x00000000ebd14cc8,0x00000000ebd80000)
  to   space 1024K, 0% used [0x00000000ebe00000,0x00000000ebe00000,0x00000000ebf00000)
 ParOldGen       total 144896K, used 112911K [0x00000000c0000000, 0x00000000c8d80000, 0x00000000eab00000)
  object space 144896K, 77% used [0x00000000c0000000,0x00000000c6e43fe0,0x00000000c8d80000)
 Metaspace       used 89983K, committed 91136K, reserved 1130496K
  class space    used 9020K, committed 9472K, reserved 1048576K
}
Event: 1011.863 GC heap before
{Heap before GC invocations=4152 (full 116):
 PSYoungGen      total 18432K, used 18003K [0x00000000eab00000, 0x00000000ebf00000, 0x0000000100000000)
  eden space 17408K, 100% used [0x00000000eab00000,0x00000000ebc00000,0x00000000ebc00000)
  from space 1024K, 58% used [0x00000000ebc80000,0x00000000ebd14cc8,0x00000000ebd80000)
  to   space 1024K, 0% used [0x00000000ebe00000,0x00000000ebe00000,0x00000000ebf00000)
 ParOldGen       total 144896K, used 112911K [0x00000000c0000000, 0x00000000c8d80000, 0x00000000eab00000)
  object space 144896K, 77% used [0x00000000c0000000,0x00000000c6e43fe0,0x00000000c8d80000)
 Metaspace       used 89983K, committed 91136K, reserved 1130496K
  class space    used 9020K, committed 9472K, reserved 1048576K
}
Event: 1011.865 GC heap after
{Heap after GC invocations=4152 (full 116):
 PSYoungGen      total 17920K, used 999K [0x00000000eab00000, 0x00000000ec100000, 0x0000000100000000)
  eden space 16896K, 0% used [0x00000000eab00000,0x00000000eab00000,0x00000000ebb80000)
  from space 1024K, 97% used [0x00000000ebe00000,0x00000000ebef9f68,0x00000000ebf00000)
  to   space 2560K, 0% used [0x00000000ebb80000,0x00000000ebb80000,0x00000000ebe00000)
 ParOldGen       total 144896K, used 113984K [0x00000000c0000000, 0x00000000c8d80000, 0x00000000eab00000)
  object space 144896K, 78% used [0x00000000c0000000,0x00000000c6f50080,0x00000000c8d80000)
 Metaspace       used 89983K, committed 91136K, reserved 1130496K
  class space    used 9020K, committed 9472K, reserved 1048576K
}
Event: 1012.032 GC heap before
{Heap before GC invocations=4153 (full 116):
 PSYoungGen      total 17920K, used 17895K [0x00000000eab00000, 0x00000000ec100000, 0x0000000100000000)
  eden space 16896K, 100% used [0x00000000eab00000,0x00000000ebb80000,0x00000000ebb80000)
  from space 1024K, 97% used [0x00000000ebe00000,0x00000000ebef9f68,0x00000000ebf00000)
  to   space 2560K, 0% used [0x00000000ebb80000,0x00000000ebb80000,0x00000000ebe00000)
 ParOldGen       total 144896K, used 113984K [0x00000000c0000000, 0x00000000c8d80000, 0x00000000eab00000)
  object space 144896K, 78% used [0x00000000c0000000,0x00000000c6f50080,0x00000000c8d80000)
 Metaspace       used 89994K, committed 91136K, reserved 1130496K
  class space    used 9020K, committed 9472K, reserved 1048576K
}

Deoptimization events (20 events):
Event: 1011.932 Thread 0x0000023601d49b10 Uncommon trap: trap_request=0xffffff76 fr.pc=0x000002367244b618 relative=0x0000000000000558
Event: 1011.932 Thread 0x0000023601d49b10 Uncommon trap: reason=predicate action=maybe_recompile pc=0x000002367244b618 method=org.eclipse.jdt.internal.compiler.ClassFile.generateLineNumberAttribute()I @ 205 c2
Event: 1011.932 Thread 0x0000023601d49b10 DEOPT PACKING pc=0x000002367244b618 sp=0x0000008f4f3fdfd0
Event: 1011.932 Thread 0x0000023601d49b10 DEOPT UNPACKING pc=0x000002366a2620a3 sp=0x0000008f4f3fdf38 mode 2
Event: 1011.933 Thread 0x0000023601d49b10 Uncommon trap: trap_request=0xffffffde fr.pc=0x0000023672227aa8 relative=0x0000000000000b48
Event: 1011.933 Thread 0x0000023601d49b10 Uncommon trap: reason=class_check action=maybe_recompile pc=0x0000023672227aa8 method=org.eclipse.jdt.internal.compiler.ast.MessageSend.generateCode(Lorg/eclipse/jdt/internal/compiler/lookup/BlockScope;Lorg/eclipse/jdt/internal/compiler/codegen/CodeStream
Event: 1011.933 Thread 0x0000023601d49b10 DEOPT PACKING pc=0x0000023672227aa8 sp=0x0000008f4f3fd810
Event: 1011.933 Thread 0x0000023601d49b10 DEOPT UNPACKING pc=0x000002366a2620a3 sp=0x0000008f4f3fd7a0 mode 2
Event: 1011.936 Thread 0x0000023601d49b10 Uncommon trap: trap_request=0xffffffc6 fr.pc=0x00000236724cec70 relative=0x0000000000000870
Event: 1011.936 Thread 0x0000023601d49b10 Uncommon trap: reason=bimorphic_or_optimized_type_check action=maybe_recompile pc=0x00000236724cec70 method=org.eclipse.jdt.internal.compiler.ast.Expression.generateOptimizedBoolean(Lorg/eclipse/jdt/internal/compiler/lookup/BlockScope;Lorg/eclipse/jdt/int
Event: 1011.936 Thread 0x0000023601d49b10 DEOPT PACKING pc=0x00000236724cec70 sp=0x0000008f4f3fdef0
Event: 1011.936 Thread 0x0000023601d49b10 DEOPT UNPACKING pc=0x000002366a2620a3 sp=0x0000008f4f3fde90 mode 2
Event: 1011.973 Thread 0x000002360368c7a0 Uncommon trap: trap_request=0xfffffff4 fr.pc=0x0000023673054a60 relative=0x00000000000001c0
Event: 1011.973 Thread 0x000002360368c7a0 Uncommon trap: reason=null_check action=make_not_entrant pc=0x0000023673054a60 method=org.eclipse.jdt.internal.corext.dom.ASTNodes.getParent(Lorg/eclipse/jdt/core/dom/ASTNode;Ljava/lang/Class;)Lorg/eclipse/jdt/core/dom/ASTNode; @ 22 c2
Event: 1011.973 Thread 0x000002360368c7a0 DEOPT PACKING pc=0x0000023673054a60 sp=0x0000008f4f9fed70
Event: 1011.973 Thread 0x000002360368c7a0 DEOPT UNPACKING pc=0x000002366a2620a3 sp=0x0000008f4f9fed10 mode 2
Event: 1011.976 Thread 0x000002360368c7a0 Uncommon trap: trap_request=0xffffff45 fr.pc=0x00000236730c225c relative=0x00000000000033dc
Event: 1011.976 Thread 0x000002360368c7a0 Uncommon trap: reason=unstable_if action=reinterpret pc=0x00000236730c225c method=org.eclipse.jdt.core.dom.DefaultBindingResolver.resolveName(Lorg/eclipse/jdt/core/dom/Name;)Lorg/eclipse/jdt/core/dom/IBinding; @ 126 c2
Event: 1011.976 Thread 0x000002360368c7a0 DEOPT PACKING pc=0x00000236730c225c sp=0x0000008f4f9fe020
Event: 1011.976 Thread 0x000002360368c7a0 DEOPT UNPACKING pc=0x000002366a2620a3 sp=0x0000008f4f9fdfd0 mode 2

Classes unloaded (20 events):
Event: 952.084 Thread 0x000002367bafba20 Unloading class 0x00000001006a9800 'java/lang/invoke/LambdaForm$MH+0x00000001006a9800'
Event: 952.084 Thread 0x000002367bafba20 Unloading class 0x00000001006a9000 'java/lang/invoke/LambdaForm$MH+0x00000001006a9000'
Event: 952.084 Thread 0x000002367bafba20 Unloading class 0x0000000100671800 'jdk/internal/reflect/GeneratedMethodAccessor22'
Event: 952.084 Thread 0x000002367bafba20 Unloading class 0x0000000100671400 'jdk/internal/reflect/GeneratedMethodAccessor21'
Event: 952.084 Thread 0x000002367bafba20 Unloading class 0x000000010066a800 'jdk/internal/reflect/GeneratedMethodAccessor20'
Event: 952.084 Thread 0x000002367bafba20 Unloading class 0x000000010066a400 'jdk/internal/reflect/GeneratedMethodAccessor19'
Event: 952.084 Thread 0x000002367bafba20 Unloading class 0x000000010066a000 'jdk/internal/reflect/GeneratedMethodAccessor18'
Event: 952.084 Thread 0x000002367bafba20 Unloading class 0x0000000100669c00 'jdk/internal/reflect/GeneratedMethodAccessor17'
Event: 952.084 Thread 0x000002367bafba20 Unloading class 0x0000000100669400 'jdk/internal/reflect/GeneratedMethodAccessor15'
Event: 952.084 Thread 0x000002367bafba20 Unloading class 0x0000000100669000 'jdk/internal/reflect/GeneratedMethodAccessor14'
Event: 952.084 Thread 0x000002367bafba20 Unloading class 0x0000000100668c00 'jdk/internal/reflect/GeneratedMethodAccessor13'
Event: 952.084 Thread 0x000002367bafba20 Unloading class 0x0000000100668800 'jdk/internal/reflect/GeneratedMethodAccessor12'
Event: 952.084 Thread 0x000002367bafba20 Unloading class 0x0000000100668000 'jdk/internal/reflect/GeneratedMethodAccessor10'
Event: 997.335 Thread 0x000002367bafba20 Unloading class 0x0000000100304400 'java/lang/invoke/LambdaForm$MH+0x0000000100304400'
Event: 997.335 Thread 0x000002367bafba20 Unloading class 0x00000001002b1800 'java/lang/invoke/LambdaForm$MH+0x00000001002b1800'
Event: 997.335 Thread 0x000002367bafba20 Unloading class 0x00000001002b1400 'java/lang/invoke/LambdaForm$MH+0x00000001002b1400'
Event: 997.335 Thread 0x000002367bafba20 Unloading class 0x00000001002b1000 'java/lang/invoke/LambdaForm$MH+0x00000001002b1000'
Event: 997.335 Thread 0x000002367bafba20 Unloading class 0x00000001002b0c00 'java/lang/invoke/LambdaForm$MH+0x00000001002b0c00'
Event: 997.335 Thread 0x000002367bafba20 Unloading class 0x00000001002b0800 'java/lang/invoke/LambdaForm$MH+0x00000001002b0800'
Event: 997.335 Thread 0x000002367bafba20 Unloading class 0x00000001002b0400 'java/lang/invoke/LambdaForm$MH+0x00000001002b0400'

Classes redefined (0 events):
No events

Internal exceptions (20 events):
Event: 927.413 Thread 0x000002360368b930 Exception <a 'java/lang/ClassNotFoundException'{0x00000000eb121140}: sun/net/www/protocol/jdt/Handler> (0x00000000eb121140) 
thrown [e:\jenkins\tmp\workspace\build\src\src\hotspot\share\classfile\systemDictionary.cpp, line 256]
Event: 927.413 Thread 0x000002360368b930 Exception <a 'java/lang/ClassNotFoundException'{0x00000000eb123820}: sun/net/www/protocol/jdt/Handler> (0x00000000eb123820) 
thrown [e:\jenkins\tmp\workspace\build\src\src\hotspot\share\classfile\systemDictionary.cpp, line 256]
Event: 927.414 Thread 0x000002360368b930 Exception <a 'java/lang/ClassNotFoundException'{0x00000000eb136be0}: sun/net/www/protocol/jdt/Handler> (0x00000000eb136be0) 
thrown [e:\jenkins\tmp\workspace\build\src\src\hotspot\share\classfile\systemDictionary.cpp, line 256]
Event: 931.976 Thread 0x000002360368b930 Implicit null exception at 0x0000023672484576 to 0x0000023672484ed4
Event: 936.119 Thread 0x000002360368b930 Exception <a 'java/lang/ArrayIndexOutOfBoundsException'{0x00000000ead20b68}> (0x00000000ead20b68) 
thrown [e:\jenkins\tmp\workspace\build\src\src\hotspot\share\runtime\sharedRuntime.cpp, line 628]
Event: 936.119 Thread 0x000002360368b930 Exception <a 'java/lang/ArrayIndexOutOfBoundsException'{0x00000000ead20e90}> (0x00000000ead20e90) 
thrown [e:\jenkins\tmp\workspace\build\src\src\hotspot\share\runtime\sharedRuntime.cpp, line 628]
Event: 937.230 Thread 0x000002360368cc70 Exception <a 'java/lang/ArrayIndexOutOfBoundsException'{0x00000000eadc3a18}> (0x00000000eadc3a18) 
thrown [e:\jenkins\tmp\workspace\build\src\src\hotspot\share\runtime\sharedRuntime.cpp, line 628]
Event: 937.230 Thread 0x000002360368cc70 Exception <a 'java/lang/ArrayIndexOutOfBoundsException'{0x00000000eadc3d40}> (0x00000000eadc3d40) 
thrown [e:\jenkins\tmp\workspace\build\src\src\hotspot\share\runtime\sharedRuntime.cpp, line 628]
Event: 959.126 Thread 0x000002360368c7a0 Implicit null exception at 0x0000023672fa2f9c to 0x0000023672faa7c8
Event: 961.129 Thread 0x000002360368b930 Implicit null exception at 0x000002367237f3a7 to 0x000002367237fc68
Event: 961.227 Thread 0x000002360368b930 Exception <a 'java/lang/NoSuchMethodError'{0x00000000eb1c1888}: 'void java.lang.invoke.DirectMethodHandle$Holder.invokeSpecial(java.lang.Object, java.lang.Object, int)'> (0x00000000eb1c1888) 
thrown [e:\jenkins\tmp\workspace\build\src\src\hotspot\share\interpreter\linkResolver.cpp, line 766]
Event: 985.244 Thread 0x000002360368c7a0 Exception <a 'java/lang/ClassNotFoundException'{0x00000000eacb54a8}: sun/net/www/protocol/jdt/Handler> (0x00000000eacb54a8) 
thrown [e:\jenkins\tmp\workspace\build\src\src\hotspot\share\classfile\systemDictionary.cpp, line 256]
Event: 987.504 Thread 0x000002360368c7a0 Exception <a 'java/lang/ClassNotFoundException'{0x00000000eb0493f8}: sun/net/www/protocol/jdt/Handler> (0x00000000eb0493f8) 
thrown [e:\jenkins\tmp\workspace\build\src\src\hotspot\share\classfile\systemDictionary.cpp, line 256]
Event: 1008.086 Thread 0x000002360368c7a0 Implicit null exception at 0x0000023672ef98c7 to 0x0000023672efb5e4
Event: 1008.087 Thread 0x000002360368c7a0 Implicit null exception at 0x00000236730ff159 to 0x0000023673100ba4
Event: 1008.619 Thread 0x000002360368c7a0 Implicit null exception at 0x00000236720bf850 to 0x00000236720bf8a4
Event: 1008.626 Thread 0x000002360368c7a0 Implicit null exception at 0x0000023672bdfb6f to 0x0000023672bdfdec
Event: 1011.894 Thread 0x000002360368b930 Exception <a 'java/lang/ArrayIndexOutOfBoundsException'{0x00000000eb25a5d8}: Index 13579 out of bounds for length 13579> (0x00000000eb25a5d8) 
thrown [e:\jenkins\tmp\workspace\build\src\src\hotspot\share\interpreter\interpreterRuntime.cpp, line 428]
Event: 1011.894 Thread 0x000002360368b930 Exception <a 'java/lang/ArrayIndexOutOfBoundsException'{0x00000000eb25a900}: Index 13580 out of bounds for length 13579> (0x00000000eb25a900) 
thrown [e:\jenkins\tmp\workspace\build\src\src\hotspot\share\interpreter\interpreterRuntime.cpp, line 428]
Event: 1011.973 Thread 0x000002360368c7a0 Implicit null exception at 0x00000236730548ff to 0x0000023673054a54

VM Operations (20 events):
Event: 1010.493 Executing VM operation: Cleanup done
Event: 1011.164 Executing VM operation: ParallelGCFailedAllocation
Event: 1011.165 Executing VM operation: ParallelGCFailedAllocation done
Event: 1011.298 Executing VM operation: ParallelGCFailedAllocation
Event: 1011.300 Executing VM operation: ParallelGCFailedAllocation done
Event: 1011.325 Executing VM operation: ParallelGCFailedAllocation
Event: 1011.327 Executing VM operation: ParallelGCFailedAllocation done
Event: 1011.360 Executing VM operation: ParallelGCFailedAllocation
Event: 1011.363 Executing VM operation: ParallelGCFailedAllocation done
Event: 1011.385 Executing VM operation: ParallelGCFailedAllocation
Event: 1011.387 Executing VM operation: ParallelGCFailedAllocation done
Event: 1011.544 Executing VM operation: ParallelGCFailedAllocation
Event: 1011.546 Executing VM operation: ParallelGCFailedAllocation done
Event: 1011.817 Executing VM operation: ParallelGCFailedAllocation
Event: 1011.819 Executing VM operation: ParallelGCFailedAllocation done
Event: 1011.863 Executing VM operation: ParallelGCFailedAllocation
Event: 1011.865 Executing VM operation: ParallelGCFailedAllocation done
Event: 1012.009 Executing VM operation: ICBufferFull
Event: 1012.009 Executing VM operation: ICBufferFull done
Event: 1012.032 Executing VM operation: ParallelGCFailedAllocation

Events (20 events):
Event: 1008.638 Thread 0x000002367d540600 flushing nmethod 0x000002366bb7b310
Event: 1008.638 Thread 0x000002367d540600 flushing nmethod 0x000002366bbdbf90
Event: 1008.639 Thread 0x000002367d540600 flushing nmethod 0x000002366bc16610
Event: 1008.639 Thread 0x000002367d540600 flushing nmethod 0x000002366bcf1210
Event: 1008.640 Thread 0x000002367d540600 flushing nmethod 0x000002366bdb8690
Event: 1008.640 Thread 0x000002367d540600 flushing nmethod 0x000002366be19f10
Event: 1008.640 Thread 0x000002367d540600 flushing nmethod 0x000002366be2a110
Event: 1008.641 Thread 0x000002367d540600 flushing nmethod 0x000002366bf6a690
Event: 1008.641 Thread 0x000002367d540600 flushing nmethod 0x000002366bf81510
Event: 1008.642 Thread 0x000002367d540600 flushing nmethod 0x000002366c046310
Event: 1008.642 Thread 0x000002367d540600 flushing nmethod 0x000002366c0f9790
Event: 1008.642 Thread 0x000002367d540600 flushing nmethod 0x000002366c121510
Event: 1008.643 Thread 0x000002367d540600 flushing nmethod 0x000002366c1b1e90
Event: 1008.643 Thread 0x000002367d540600 flushing nmethod 0x000002366c202610
Event: 1008.644 Thread 0x000002367d540600 flushing nmethod 0x000002366c33de10
Event: 1008.644 Thread 0x000002367d540600 flushing nmethod 0x000002366c3d2590
Event: 1008.644 Thread 0x000002367d540600 flushing nmethod 0x000002366c509410
Event: 1008.644 Thread 0x000002367d540600 flushing nmethod 0x000002366c510f90
Event: 1008.645 Thread 0x000002367d540600 flushing nmethod 0x000002366c5f6b10
Event: 1008.647 Thread 0x000002367d540600 flushing nmethod 0x000002366c9ea690


Dynamic libraries:
0x00007ff78f220000 - 0x00007ff78f22e000 	c:\Users\rhuan\.vscode\extensions\redhat.java-1.2.0\jre\17.0.1-win32-x86_64\bin\java.exe
0x00007ffb9aa90000 - 0x00007ffb9ac85000 	C:\WINDOWS\SYSTEM32\ntdll.dll
0x00007ffb98b40000 - 0x00007ffb98bfe000 	C:\WINDOWS\System32\KERNEL32.DLL
0x00007ffb98250000 - 0x00007ffb98518000 	C:\WINDOWS\System32\KERNELBASE.dll
0x00007ffb98700000 - 0x00007ffb98800000 	C:\WINDOWS\System32\ucrtbase.dll
0x00007ffb73b90000 - 0x00007ffb73ba8000 	c:\Users\rhuan\.vscode\extensions\redhat.java-1.2.0\jre\17.0.1-win32-x86_64\bin\jli.dll
0x00007ffb9a140000 - 0x00007ffb9a2e0000 	C:\WINDOWS\System32\USER32.dll
0x00007ffb98520000 - 0x00007ffb98542000 	C:\WINDOWS\System32\win32u.dll
0x00007ffb99010000 - 0x00007ffb9903b000 	C:\WINDOWS\System32\GDI32.dll
0x00007ffb988d0000 - 0x00007ffb989dd000 	C:\WINDOWS\System32\gdi32full.dll
0x00007ffb98830000 - 0x00007ffb988cd000 	C:\WINDOWS\System32\msvcp_win.dll
0x00007ffb74040000 - 0x00007ffb74059000 	c:\Users\rhuan\.vscode\extensions\redhat.java-1.2.0\jre\17.0.1-win32-x86_64\bin\VCRUNTIME140.dll
0x00007ffb87450000 - 0x00007ffb876ea000 	C:\WINDOWS\WinSxS\amd64_microsoft.windows.common-controls_6595b64144ccf1df_6.0.19041.1110_none_60b5254171f9507e\COMCTL32.dll
0x00007ffb99470000 - 0x00007ffb9950e000 	C:\WINDOWS\System32\msvcrt.dll
0x00007ffb98f40000 - 0x00007ffb98f70000 	C:\WINDOWS\System32\IMM32.DLL
0x00007ffb78ef0000 - 0x00007ffb78efc000 	c:\Users\rhuan\.vscode\extensions\redhat.java-1.2.0\jre\17.0.1-win32-x86_64\bin\vcruntime140_1.dll
0x00007ffb26d70000 - 0x00007ffb26e01000 	c:\Users\rhuan\.vscode\extensions\redhat.java-1.2.0\jre\17.0.1-win32-x86_64\bin\msvcp140.dll
0x00007ffb26120000 - 0x00007ffb26d66000 	c:\Users\rhuan\.vscode\extensions\redhat.java-1.2.0\jre\17.0.1-win32-x86_64\bin\server\jvm.dll
0x00007ffb98d30000 - 0x00007ffb98dde000 	C:\WINDOWS\System32\ADVAPI32.dll
0x00007ffb98f70000 - 0x00007ffb9900c000 	C:\WINDOWS\System32\sechost.dll
0x00007ffb98c00000 - 0x00007ffb98d25000 	C:\WINDOWS\System32\RPCRT4.dll
0x00007ffb99fb0000 - 0x00007ffb99fb8000 	C:\WINDOWS\System32\PSAPI.DLL
0x00007ffb81e70000 - 0x00007ffb81e79000 	C:\WINDOWS\SYSTEM32\WSOCK32.dll
0x00007ffb9a0d0000 - 0x00007ffb9a13b000 	C:\WINDOWS\System32\WS2_32.dll
0x00007ffb87270000 - 0x00007ffb87297000 	C:\WINDOWS\SYSTEM32\WINMM.dll
0x00007ffb8f750000 - 0x00007ffb8f75a000 	C:\WINDOWS\SYSTEM32\VERSION.dll
0x00007ffb96050000 - 0x00007ffb96062000 	C:\WINDOWS\SYSTEM32\kernel.appcore.dll
0x00007ffb77180000 - 0x00007ffb7718a000 	c:\Users\rhuan\.vscode\extensions\redhat.java-1.2.0\jre\17.0.1-win32-x86_64\bin\jimage.dll
0x00007ffb84b80000 - 0x00007ffb84d64000 	C:\WINDOWS\SYSTEM32\DBGHELP.DLL
0x00007ffb83cc0000 - 0x00007ffb83cec000 	C:\WINDOWS\SYSTEM32\dbgcore.DLL
0x00007ffb989e0000 - 0x00007ffb98a62000 	C:\WINDOWS\System32\bcryptPrimitives.dll
0x00007ffb77090000 - 0x00007ffb7709e000 	c:\Users\rhuan\.vscode\extensions\redhat.java-1.2.0\jre\17.0.1-win32-x86_64\bin\instrument.dll
0x00007ffb5fb20000 - 0x00007ffb5fb45000 	c:\Users\rhuan\.vscode\extensions\redhat.java-1.2.0\jre\17.0.1-win32-x86_64\bin\java.dll
0x00007ffb736b0000 - 0x00007ffb736c8000 	c:\Users\rhuan\.vscode\extensions\redhat.java-1.2.0\jre\17.0.1-win32-x86_64\bin\zip.dll
0x00007ffb9a2e0000 - 0x00007ffb9aa24000 	C:\WINDOWS\System32\SHELL32.dll
0x00007ffb96250000 - 0x00007ffb969e4000 	C:\WINDOWS\SYSTEM32\windows.storage.dll
0x00007ffb99650000 - 0x00007ffb999a5000 	C:\WINDOWS\System32\combase.dll
0x00007ffb97a40000 - 0x00007ffb97a6e000 	C:\WINDOWS\SYSTEM32\Wldp.dll
0x00007ffb99510000 - 0x00007ffb995bd000 	C:\WINDOWS\System32\SHCORE.dll
0x00007ffb99250000 - 0x00007ffb992a5000 	C:\WINDOWS\System32\shlwapi.dll
0x00007ffb980e0000 - 0x00007ffb980ff000 	C:\WINDOWS\SYSTEM32\profapi.dll
0x00007ffb73540000 - 0x00007ffb73559000 	C:\Users\rhuan\.vscode\extensions\redhat.java-1.2.0\jre\17.0.1-win32-x86_64\bin\net.dll
0x00007ffb90dd0000 - 0x00007ffb90edc000 	C:\WINDOWS\SYSTEM32\WINHTTP.dll
0x00007ffb97820000 - 0x00007ffb9788a000 	C:\WINDOWS\system32\mswsock.dll
0x00007ffb706b0000 - 0x00007ffb706c5000 	C:\Users\rhuan\.vscode\extensions\redhat.java-1.2.0\jre\17.0.1-win32-x86_64\bin\nio.dll
0x00007ffb75c70000 - 0x00007ffb75c80000 	c:\Users\rhuan\.vscode\extensions\redhat.java-1.2.0\jre\17.0.1-win32-x86_64\bin\verify.dll
0x00007ffb97d80000 - 0x00007ffb97d98000 	C:\WINDOWS\SYSTEM32\CRYPTSP.dll
0x00007ffb971c0000 - 0x00007ffb971f4000 	C:\WINDOWS\system32\rsaenh.dll
0x00007ffb98800000 - 0x00007ffb98827000 	C:\WINDOWS\System32\bcrypt.dll
0x00007ffb980a0000 - 0x00007ffb980ce000 	C:\WINDOWS\SYSTEM32\USERENV.dll
0x00007ffb979b0000 - 0x00007ffb979bc000 	C:\WINDOWS\SYSTEM32\CRYPTBASE.dll
0x00007ffb97530000 - 0x00007ffb9756b000 	C:\WINDOWS\SYSTEM32\IPHLPAPI.DLL
0x00007ffb99040000 - 0x00007ffb99048000 	C:\WINDOWS\System32\NSI.dll
0x00007ffb91a50000 - 0x00007ffb91a67000 	C:\WINDOWS\SYSTEM32\dhcpcsvc6.DLL
0x00007ffb91a30000 - 0x00007ffb91a4d000 	C:\WINDOWS\SYSTEM32\dhcpcsvc.DLL
0x00007ffb97570000 - 0x00007ffb9763b000 	C:\WINDOWS\SYSTEM32\DNSAPI.dll
0x00007ffb6f470000 - 0x00007ffb6f4ae000 	C:\Users\rhuan\AppData\Roaming\Code\User\globalStorage\redhat.java\1.2.0\config_win\org.eclipse.equinox.launcher\org.eclipse.equinox.launcher.win32.win32.x86_64_1.2.400.v20211117-0650\eclipse_11602.dll
0x00007ffb99050000 - 0x00007ffb9917a000 	C:\WINDOWS\System32\ole32.dll
0x00007ffb75330000 - 0x00007ffb75341000 	C:\Users\rhuan\AppData\Roaming\Code\User\globalStorage\redhat.java\1.2.0\config_win\org.eclipse.osgi\22\0\.cp\jWinHttp-1.0.0.dll
0x00007ffb85bc0000 - 0x00007ffb85bce000 	C:\Users\rhuan\.vscode\extensions\redhat.java-1.2.0\jre\17.0.1-win32-x86_64\bin\sunmscapi.dll
0x00007ffb98550000 - 0x00007ffb986a6000 	C:\WINDOWS\System32\CRYPT32.dll
0x00007ffb97ab0000 - 0x00007ffb97ad7000 	C:\WINDOWS\SYSTEM32\ncrypt.dll
0x00007ffb97a70000 - 0x00007ffb97aab000 	C:\WINDOWS\SYSTEM32\NTASN1.dll
0x00007ffb89d90000 - 0x00007ffb89d9a000 	C:\Windows\System32\rasadhlp.dll
0x00007ffb90960000 - 0x00007ffb909df000 	C:\WINDOWS\System32\fwpuclnt.dll

dbghelp: loaded successfully - version: 4.0.5 - missing functions: none
symbol engine: initialized successfully - sym options: 0x614 - pdb path: .;c:\Users\rhuan\.vscode\extensions\redhat.java-1.2.0\jre\17.0.1-win32-x86_64\bin;C:\WINDOWS\SYSTEM32;C:\WINDOWS\WinSxS\amd64_microsoft.windows.common-controls_6595b64144ccf1df_6.0.19041.1110_none_60b5254171f9507e;c:\Users\rhuan\.vscode\extensions\redhat.java-1.2.0\jre\17.0.1-win32-x86_64\bin\server;C:\Users\rhuan\AppData\Roaming\Code\User\globalStorage\redhat.java\1.2.0\config_win\org.eclipse.equinox.launcher\org.eclipse.equinox.launcher.win32.win32.x86_64_1.2.400.v20211117-0650;C:\Users\rhuan\AppData\Roaming\Code\User\globalStorage\redhat.java\1.2.0\config_win\org.eclipse.osgi\22\0\.cp

VM Arguments:
jvm_args: --add-modules=ALL-SYSTEM --add-opens=java.base/java.util=ALL-UNNAMED --add-opens=java.base/java.lang=ALL-UNNAMED -Declipse.application=org.eclipse.jdt.ls.core.id1 -Dosgi.bundles.defaultStartLevel=4 -Declipse.product=org.eclipse.jdt.ls.core.product -Djava.import.generatesMetadataFilesAtProjectRoot=false -Dfile.encoding=utf8 -DwatchParentProcess=false -XX:+UseParallelGC -XX:GCTimeRatio=4 -XX:AdaptiveSizePolicyWeight=90 -Dsun.zip.disableMemoryMapping=true -Xmx1G -Xms100m -javaagent:c:\Users\rhuan\.vscode\extensions\gabrielbb.vscode-lombok-1.0.1\server\lombok.jar -XX:+HeapDumpOnOutOfMemoryError -XX:HeapDumpPath=c:\Users\rhuan\AppData\Roaming\Code\User\workspaceStorage\e7f517770e77997855dded13f607dff6\redhat.java 
java_command: c:\Users\rhuan\.vscode\extensions\redhat.java-1.2.0\server\plugins\org.eclipse.equinox.launcher_1.6.400.v20210924-0641.jar -configuration c:\Users\rhuan\AppData\Roaming\Code\User\globalStorage\redhat.java\1.2.0\config_win -data c:\Users\rhuan\AppData\Roaming\Code\User\workspaceStorage\e7f517770e77997855dded13f607dff6\redhat.java\jdt_ws
java_class_path (initial): c:\Users\rhuan\.vscode\extensions\redhat.java-1.2.0\server\plugins\org.eclipse.equinox.launcher_1.6.400.v20210924-0641.jar
Launcher Type: SUN_STANDARD

[Global flags]
    uintx AdaptiveSizePolicyWeight                 = 90                                        {product} {command line}
     intx CICompilerCount                          = 3                                         {product} {ergonomic}
    uintx GCTimeRatio                              = 4                                         {product} {command line}
     bool HeapDumpOnOutOfMemoryError               = true                                   {manageable} {command line}
    ccstr HeapDumpPath                             = c:\Users\rhuan\AppData\Roaming\Code\User\workspaceStorage\e7f517770e77997855dded13f607dff6\redhat.java         {manageable} {command line}
   size_t InitialHeapSize                          = 104857600                                 {product} {command line}
   size_t MaxHeapSize                              = 1073741824                                {product} {command line}
   size_t MaxNewSize                               = 357564416                                 {product} {ergonomic}
   size_t MinHeapDeltaBytes                        = 524288                                    {product} {ergonomic}
   size_t MinHeapSize                              = 104857600                                 {product} {command line}
   size_t NewSize                                  = 34603008                                  {product} {ergonomic}
    uintx NonNMethodCodeHeapSize                   = 5832780                                {pd product} {ergonomic}
    uintx NonProfiledCodeHeapSize                  = 122912730                              {pd product} {ergonomic}
   size_t OldSize                                  = 70254592                                  {product} {ergonomic}
    uintx ProfiledCodeHeapSize                     = 122912730                              {pd product} {ergonomic}
    uintx ReservedCodeCacheSize                    = 251658240                              {pd product} {ergonomic}
     bool SegmentedCodeCache                       = true                                      {product} {ergonomic}
   size_t SoftMaxHeapSize                          = 1073741824                             {manageable} {ergonomic}
     bool UseCompressedClassPointers               = true                           {product lp64_product} {ergonomic}
     bool UseCompressedOops                        = true                           {product lp64_product} {ergonomic}
     bool UseLargePagesIndividualAllocation        = false                                  {pd product} {ergonomic}
     bool UseParallelGC                            = true                                      {product} {command line}

Logging:
Log output configuration:
 #0: stdout all=warning uptime,level,tags
 #1: stderr all=off uptime,level,tags

Environment Variables:
JAVA_HOME=C:\Program Files\Java\jdk-11.0.8
CLASSPATH=C:\sqljdbc_4.2\ptb\jre8\sqljdbc42.jar
PATH=C:\Program Files\AdoptOpenJDK\jdk-11.0.9.11-hotspot\bin;C:\Program Files\Common Files\Oracle\Java\javapath;C:\Python38\Scripts\;C:\Python38\;C:\Program Files (x86)\Common Files\Oracle\Java\javapath;C:\WINDOWS\system32;C:\WINDOWS;C:\WINDOWS\System32\Wbem;C:\WINDOWS\System32\WindowsPowerShell\v1.0\;C:\WINDOWS\System32\OpenSSH\;C:\Program Files (x86)\MySQL\MySQL Server 5.5\bin;C:\Program Files\Git\cmd;C:\ProgramData\chocolatey\bin;C:\apache-maven-3.6.3\bin;C:\Program Files (x86)\Google\Chrome\Application;C:\Program Files\Java\jdk-11.0.8\bin;C:\Program Files (x86)\Yarn\bin\;C:\Program Files\Microsoft SQL Server\Client SDK\ODBC\170\Tools\Binn\;C:\Program Files (x86)\Microsoft SQL Server\150\Tools\Binn\;C:\Program Files\Microsoft SQL Server\150\Tools\Binn\;C:\Program Files\Microsoft SQL Server\150\DTS\Binn\;C:\Program Files\Docker\Docker\resources\bin;C:\ProgramData\DockerDesktop\version-bin;C:\Program Files\dotnet\;C:\Users\rhuan\AppData\Local\Android\Sdk\platform-tools;C:\Users\rhuan\AppData\Local\Android\Sdk\emulator;C:\Users\rhuan\AppData\Local\Android\Sdk\tools\bin;C:\curl-7.74.0_2-win64-mingw\bin;C:\Program Files (x86)\GnuWin32\bin;C:\Program Files\nodejs\;C:\Program Files\TortoiseSVN\bin;C:\Program Files\TortoiseGit\bin;C:\Ruby27-x64\bin;C:\Users\rhuan\anaconda3;C:\Users\rhuan\anaconda3\Library\mingw-w64\bin;C:\Users\rhuan\anaconda3\Library\usr\bin;C:\Users\rhuan\anaconda3\Library\bin;C:\Users\rhuan\anaconda3\Scripts;C:\Users\rhuan\AppData\Local\Microsoft\WindowsApps;C:\Program Files\heroku\bin;C:\src\flutter\bin;C:\Users\rhuan\AppData\Local\Yarn\bin;C:\Users\rhuan\.dotnet\tools;C:\Users\rhuan\AppData\Roaming\npm;C:\Users\rhuan\AppData\Local\Programs\Microsoft VS Code\bin
USERNAME=rhuan
OS=Windows_NT
PROCESSOR_IDENTIFIER=Intel64 Family 6 Model 58 Stepping 9, GenuineIntel



---------------  S Y S T E M  ---------------

OS:
 Windows 10 , 64 bit Build 19041 (10.0.19041.1499)
OS uptime: 1 days 1:39 hours
Hyper-V role detected

CPU: total 4 (initial active 4) (4 cores per cpu, 1 threads per core) family 6 model 58 stepping 9 microcode 0x21, cx8, cmov, fxsr, mmx, sse, sse2, sse3, ssse3, sse4.1, sse4.2, popcnt, tsc, tscinvbit, avx, aes, erms, clmul, vzeroupper, clflush, hv

Memory: 4k page, system-wide physical 8079M (813M free)
TotalPageFile size 18831M (AvailPageFile size 5600M)
current process WorkingSet (physical memory assigned to process): 479M, peak: 521M
current process commit charge ("private bytes"): 473M, peak: 524M

vm_info: OpenJDK 64-Bit Server VM (17.0.1+12) for windows-amd64 JRE (17.0.1+12), built on Oct 20 2021 07:42:55 by "" with MS VC++ 16.7 (VS2019)

END.
