#
# A fatal error has been detected by the Java Runtime Environment:
#
#  EXCEPTION_ACCESS_VIOLATION (0xc0000005) at pc=0x00007ffb2612c8e8, pid=6208, tid=6048
#
# JRE version: OpenJDK Runtime Environment Temurin-17.0.1+12 (17.0.1+12) (build 17.0.1+12)
# Java VM: OpenJDK 64-Bit Server VM Temurin-17.0.1+12 (17.0.1+12, mixed mode, tiered, compressed oops, compressed class ptrs, parallel gc, windows-amd64)
# Problematic frame:
# V  [jvm.dll+0xc8e8]
#
# No core dump will be written. Minidumps are not enabled by default on client versions of Windows
#
# If you would like to submit a bug report, please visit:
#   https://github.com/adoptium/adoptium-support/issues
#

---------------  S U M M A R Y ------------

Command Line: --add-modules=ALL-SYSTEM --add-opens=java.base/java.util=ALL-UNNAMED --add-opens=java.base/java.lang=ALL-UNNAMED -Declipse.application=org.eclipse.jdt.ls.core.id1 -Dosgi.bundles.defaultStartLevel=4 -Declipse.product=org.eclipse.jdt.ls.core.product -Djava.import.generatesMetadataFilesAtProjectRoot=false -Dfile.encoding=utf8 -DwatchParentProcess=false -XX:+UseParallelGC -XX:GCTimeRatio=4 -XX:AdaptiveSizePolicyWeight=90 -Dsun.zip.disableMemoryMapping=true -Xmx1G -Xms100m -javaagent:c:\Users\rhuan\.vscode\extensions\gabrielbb.vscode-lombok-1.0.1\server\lombok.jar -XX:+HeapDumpOnOutOfMemoryError -XX:HeapDumpPath=c:\Users\rhuan\AppData\Roaming\Code\User\workspaceStorage\e7f517770e77997855dded13f607dff6\redhat.java c:\Users\rhuan\.vscode\extensions\redhat.java-1.2.0\server\plugins\org.eclipse.equinox.launcher_1.6.400.v20210924-0641.jar -configuration c:\Users\rhuan\AppData\Roaming\Code\User\globalStorage\redhat.java\1.2.0\config_win -data c:\Users\rhuan\AppData\Roaming\Code\User\workspaceStorage\e7f517770e77997855dded13f607dff6\redhat.java\jdt_ws

Host: Intel(R) Core(TM) i5-3570K CPU @ 3.40GHz, 4 cores, 7G,  Windows 10 , 64 bit Build 19041 (10.0.19041.1499)
Time: Mon Jan 24 14:56:22 2022 Hora oficial do Brasil elapsed time: 174.656664 seconds (0d 0h 2m 54s)

---------------  T H R E A D  ---------------

Current thread (0x0000016eb6906580):  GCTaskThread "GC Thread#2" [stack: 0x0000003daff00000,0x0000003db0000000] [id=6048]

Stack: [0x0000003daff00000,0x0000003db0000000],  sp=0x0000003daffff468,  free space=1021k
Native frames: (J=compiled Java code, j=interpreted, Vv=VM code, C=native code)
V  [jvm.dll+0xc8e8]


siginfo: EXCEPTION_ACCESS_VIOLATION (0xc0000005), reading address 0x0000000100e2d1d0


Register to memory mapping:

RIP=0x00007ffb2612c8e8 jvm.dll
RAX=0x0000000000000001 is an unknown value
RBX=0x00000042702b6c01 is an unknown value
RCX=0x0000000000000003 is an unknown value
RDX=0x00000000eb465fe0 points into unknown readable memory: 0x00000042702b6c01 | 01 6c 2b 70 42 00 00 00
RSP=0x0000003daffff468 points into unknown readable memory: 0x00007ffb267d0e86 | 86 0e 7d 26 fb 7f 00 00
RBP=0x0000003daffff4e8 points into unknown readable memory: 0x000000000000000c | 0c 00 00 00 00 00 00 00
RSI=0x00000000ca218788 is pointing into object: org.eclipse.jdt.core.dom.MethodInvocation 
{0x00000000ca218750} - klass: 'org/eclipse/jdt/core/dom/MethodInvocation'
 - ---- fields (total size 8 words):
 - private 'startPosition' 'I' @12  4843 (12eb)
 - private 'length' 'I' @16  27 (1b)
 - 'typeAndFlags' 'I' @20  2097158 (200006)
 - public transient '$isGenerated' 'Z' @24  false
 - final 'ast' 'Lorg/eclipse/jdt/core/dom/AST;' @28  a 'org/eclipse/jdt/core/dom/AST'{0x00000000eb857be0} (eb857be0)
 - private 'parent' 'Lorg/eclipse/jdt/core/dom/ASTNode;' @32  a 'org/eclipse/jdt/core/dom/MethodInvocation'{0x00000000ca218710} (ca218710)
 - private 'property1' 'Ljava/lang/Object;' @36  NULL (0)
 - private 'property2' 'Ljava/lang/Object;' @40  NULL (0)
 - private 'location' 'Lorg/eclipse/jdt/core/dom/StructuralPropertyDescriptor;' @44  a 'org/eclipse/jdt/core/dom/ChildPropertyDescriptor'{0x00000000c4058a00} (c4058a00)
 - private 'optionalExpression' 'Lorg/eclipse/jdt/core/dom/Expression;' @48  a 'org/eclipse/jdt/core/dom/SimpleName'{0x00000000ca218790} (ca218790)
 - private 'typeArguments' 'Lorg/eclipse/jdt/core/dom/ASTNode$NodeList;' @52  a 'org/eclipse/jdt/core/dom/ASTNode$NodeList'{0x00000000ca218800} (ca218800)
 - private 'methodName' 'Lorg/eclipse/jdt/core/dom/SimpleName;' @56  
[error occurred during error reporting (printing register info), id 0xc0000005, EXCEPTION_ACCESS_VIOLATION (0xc0000005) at pc=0x00007ffb26780e63]

Registers:
RAX=0x0000000000000001, RBX=0x00000042702b6c01, RCX=0x0000000000000003, RDX=0x00000000eb465fe0
RSP=0x0000003daffff468, RBP=0x0000003daffff4e8, RSI=0x00000000ca218788, RDI=0x0000016eb4acaa80
R8 =0x0000000100e2d1c8, R9 =0x00007ffb26c32640, R10=0x0000000000000000, R11=0x0000016eb4acaa80
R12=0x0000000000000000, R13=0x0000000000000010, R14=0x00000000eb465fe0, R15=0x0000016eb4acaa80
RIP=0x00007ffb2612c8e8, EFLAGS=0x0000000000010202

Top of Stack: (sp=0x0000003daffff468)
0x0000003daffff468:   00007ffb267d0e86 0000000000000000
0x0000003daffff478:   0000000000000007 00000000ca13b878
0x0000003daffff488:   00007ffb267c371f 0000016eb4acaa80
0x0000003daffff498:   00000000eb702850 00000000ca217570
0x0000003daffff4a8:   0000000000000400 00000000eb860000
0x0000003daffff4b8:   0000000000001000 0000003daffff578
0x0000003daffff4c8:   00007ffb9aae07b0 00000000ca217570
0x0000003daffff4d8:   0000000000000400 0000000000000010
0x0000003daffff4e8:   000000000000000c 0000000000000200
0x0000003daffff4f8:   0000000000000000 00000000ca218788
0x0000003daffff508:   00000042702b6c01 00000000000001ce
0x0000003daffff518:   00007ffb267d20f0 0000016eb4acaa80
0x0000003daffff528:   00007ffb267c3703 00000042702b6c01
0x0000003daffff538:   0000000000000003 0000000000000048
0x0000003daffff548:   00007ffb00000001 00000000ca13b780
0x0000003daffff558:   00000000ca13b810 0000000000000000 

Instructions: (pc=0x00007ffb2612c8e8)
0x00007ffb2612c7e8:   48 83 c4 20 5e c3 cc cc 48 8b 01 c3 cc cc cc cc
0x00007ffb2612c7f8:   cc cc cc cc cc cc cc cc 4c 8b 01 4c 8b c9 48 8b
0x00007ffb2612c808:   0d 03 c1 b4 00 ba 44 60 08 00 e9 59 f2 ff ff cc
0x00007ffb2612c818:   cc cc cc cc cc cc cc cc 48 89 5c 24 08 57 48 83
0x00007ffb2612c828:   ec 20 48 8b 39 48 8b d9 48 85 3d 01 9e b9 00 75
0x00007ffb2612c838:   0e 48 8b c7 48 8b 5c 24 30 48 83 c4 20 5f c3 48
0x00007ffb2612c848:   8b cf e8 c1 2c 85 00 48 8b d0 48 85 c0 74 20 48
0x00007ffb2612c858:   8b c7 f0 48 0f b1 13 74 16 48 85 05 d0 9d b9 00
0x00007ffb2612c868:   74 0d 48 8b c8 f0 48 0f b1 13 48 3b c1 75 ea 48
0x00007ffb2612c878:   8b 5c 24 30 48 8b c2 48 83 c4 20 5f c3 cc cc cc
0x00007ffb2612c888:   cc cc cc cc cc cc cc cc 4c 8b 01 4c 8b c9 48 8b
0x00007ffb2612c898:   0d 73 c0 b4 00 ba 64 60 08 00 e9 c9 f1 ff ff cc
0x00007ffb2612c8a8:   cc cc cc cc cc cc cc cc 8b 05 32 0a af 00 c3 cc
0x00007ffb2612c8b8:   cc cc cc cc cc cc cc cc 0f b6 05 98 c8 b5 00 48
0x00007ffb2612c8c8:   8b d1 84 c0 74 16 44 8b 41 08 8b 0d 10 0a af 00
0x00007ffb2612c8d8:   49 d3 e0 4c 03 05 fe 09 af 00 eb 04 4c 8b 41 08
0x00007ffb2612c8e8:   45 8b 50 08 45 85 d2 7e 0e 41 f6 c2 01 75 53 41
0x00007ffb2612c8f8:   c1 fa 03 41 8b c2 c3 79 49 84 c0 b9 10 00 00 00
0x00007ffb2612c908:   8b 05 06 19 af 00 41 b8 0c 00 00 00 41 0f 45 c8
0x00007ffb2612c918:   ff c8 4c 63 c8 48 63 14 11 41 8b ca 83 e1 3f 48
0x00007ffb2612c928:   d3 e2 41 8b ca 48 c1 f9 10 0f b6 c1 49 8d 0c 11
0x00007ffb2612c938:   49 f7 d1 48 03 c1 49 c1 e9 03 48 c1 e8 03 41 23
0x00007ffb2612c948:   c1 c3 49 8b 00 49 8b c8 48 ff a0 00 01 00 00 cc
0x00007ffb2612c958:   cc cc cc cc cc cc cc cc 8b 44 24 30 45 03 c9 44
0x00007ffb2612c968:   2b 4c 24 28 83 c0 0b 44 03 ca 45 03 c8 41 03 c1
0x00007ffb2612c978:   c3 cc cc cc cc cc cc cc 4c 8b ca 48 8b d1 45 8b
0x00007ffb2612c988:   41 08 45 85 c0 7e 0e 41 f6 c0 01 75 56 41 c1 f8
0x00007ffb2612c998:   03 41 8b c0 c3 79 4c 80 3d b9 c7 b5 00 00 b8 0c
0x00007ffb2612c9a8:   00 00 00 b9 10 00 00 00 0f 45 c8 8b 05 5b 18 af
0x00007ffb2612c9b8:   00 ff c8 4c 63 c8 48 63 14 11 41 8b c8 83 e1 3f
0x00007ffb2612c9c8:   48 d3 e2 41 8b c8 48 c1 f9 10 0f b6 c1 49 8d 0c
0x00007ffb2612c9d8:   11 49 f7 d1 48 03 c1 49 c1 e9 03 48 c1 e8 03 41 


Stack slot to memory mapping:
stack at sp + 0 slots: 0x00007ffb267d0e86 jvm.dll
stack at sp + 1 slots: 0x0 is NULL
stack at sp + 2 slots: 0x0000000000000007 is an unknown value
stack at sp + 3 slots: 0x00000000ca13b878 is pointing into object: [Ljava.lang.String; 
{0x00000000ca13b860} - klass: 'java/lang/String'[]
 - length: 3
stack at sp + 4 slots: 0x00007ffb267c371f jvm.dll
stack at sp + 5 slots: 0x0000016eb4acaa80 points into unknown readable memory: 0x00007ffb26acdf20 | 20 df ac 26 fb 7f 00 00
stack at sp + 6 slots: 0x00000000eb702850 is an oop: java.util.Hashtable$Entry 
{0x00000000eb702850} - klass: 'java/util/Hashtable$Entry'
 - ---- fields (total size 4 words):
 - final 'hash' 'I' @12  549438898 (20bfc5b2)
 - final 'key' 'Ljava/lang/Object;' @16  "org.eclipse.jdt.core.formatter.wrap_before_assertion_message_operator"{0x00000000c08df088} (c08df088)
 - 'value' 'Ljava/lang/Object;' @20  "true"{0x00000000c00004a8} (c00004a8)
 - 'next' 'Ljava/util/Hashtable$Entry;' @24  NULL (0)
stack at sp + 7 slots: 0x00000000ca217570 is an oop: org.eclipse.jdt.core.dom.SimpleName 
{0x00000000ca217570} - klass: 'org/eclipse/jdt/core/dom/SimpleName'
 - ---- fields (total size 7 words):
 - private 'startPosition' 'I' @12  5080 (13d8)
 - private 'length' 'I' @16  8
 - 'typeAndFlags' 'I' @20  2752518 (2a0006)
 - public transient '$isGenerated' 'Z' @24  false
 - final 'ast' 'Lorg/eclipse/jdt/core/dom/AST;' @28  a 'org/eclipse/jdt/core/dom/AST'{0x00000000eb857be0} (eb857be0)
 - private 'parent' 'Lorg/eclipse/jdt/core/dom/ASTNode;' @32  a 'org/eclipse/jdt/core/dom/MethodInvocation'{0x00000000ca2114f0} (ca2114f0)
 - private 'property1' 'Ljava/lang/Object;' @36  NULL (0)
 - private 'property2' 'Ljava/lang/Object;' @40  NULL (0)
 - private 'location' 'Lorg/eclipse/jdt/core/dom/StructuralPropertyDescriptor;' @44  a 'org/eclipse/jdt/core/dom/ChildPropertyDescriptor'{0x00000000c4058a00} (c4058a00)
 - 'index' 'I' @48  0
 - private 'isVarType' 'Z' @25  false
 - private 'identifier' 'Ljava/lang/String;' @52  "response"{0x00000000ca2175a8} (ca2175a8)


---------------  P R O C E S S  ---------------

Threads class SMR info:
_java_thread_list=0x0000016ebc3562d0, length=32, elements={
0x0000016ea0cc33d0, 0x0000016ea0d6d6c0, 0x0000016ea0d6e340, 0x0000016eb4afcef0,
0x0000016eb4ae9d90, 0x0000016eb4b18650, 0x0000016eb4b18f10, 0x0000016e9ea0d690,
0x0000016e9ea0dba0, 0x0000016eb651b7c0, 0x0000016ea0d270d0, 0x0000016eb6821060,
0x0000016eb70f4160, 0x0000016eb6f76e60, 0x0000016eb706cfa0, 0x0000016eb70c8070,
0x0000016eb7fd2980, 0x0000016eb8239020, 0x0000016eb6aa1a80, 0x0000016eb6aa2dc0,
0x0000016eb6aa2420, 0x0000016eb6aa28f0, 0x0000016eb6aa0740, 0x0000016eb6aa3760,
0x0000016eb6aa1f50, 0x0000016eb878e8b0, 0x0000016eb87935b0, 0x0000016eb87948f0,
0x0000016eb878f250, 0x0000016ebdde2bc0, 0x0000016eb878ed80, 0x0000016eb878e3e0
}

Java Threads: ( => current thread )
  0x0000016ea0cc33d0 JavaThread "main" [_thread_blocked, id=13844, stack(0x0000003daeb00000,0x0000003daec00000)]
  0x0000016ea0d6d6c0 JavaThread "Reference Handler" daemon [_thread_blocked, id=2340, stack(0x0000003daf100000,0x0000003daf200000)]
  0x0000016ea0d6e340 JavaThread "Finalizer" daemon [_thread_blocked, id=14624, stack(0x0000003daf200000,0x0000003daf300000)]
  0x0000016eb4afcef0 JavaThread "Signal Dispatcher" daemon [_thread_blocked, id=16268, stack(0x0000003daf300000,0x0000003daf400000)]
  0x0000016eb4ae9d90 JavaThread "Attach Listener" daemon [_thread_blocked, id=1140, stack(0x0000003daf400000,0x0000003daf500000)]
  0x0000016eb4b18650 JavaThread "Service Thread" daemon [_thread_blocked, id=752, stack(0x0000003daf500000,0x0000003daf600000)]
  0x0000016eb4b18f10 JavaThread "Monitor Deflation Thread" daemon [_thread_blocked, id=7392, stack(0x0000003daf600000,0x0000003daf700000)]
  0x0000016e9ea0d690 JavaThread "C2 CompilerThread0" daemon [_thread_blocked, id=13500, stack(0x0000003daf700000,0x0000003daf800000)]
  0x0000016e9ea0dba0 JavaThread "C1 CompilerThread0" daemon [_thread_blocked, id=8008, stack(0x0000003daf800000,0x0000003daf900000)]
  0x0000016eb651b7c0 JavaThread "Sweeper thread" daemon [_thread_blocked, id=11464, stack(0x0000003daf900000,0x0000003dafa00000)]
  0x0000016ea0d270d0 JavaThread "Common-Cleaner" daemon [_thread_blocked, id=3540, stack(0x0000003dafa00000,0x0000003dafb00000)]
  0x0000016eb6821060 JavaThread "Notification Thread" daemon [_thread_blocked, id=2760, stack(0x0000003dafb00000,0x0000003dafc00000)]
  0x0000016eb70f4160 JavaThread "Active Thread: Equinox Container: b5d9f047-64f9-4ef2-a908-53c8e57fb9c2" [_thread_blocked, id=12960, stack(0x0000003db0100000,0x0000003db0200000)]
  0x0000016eb6f76e60 JavaThread "Framework Event Dispatcher: Equinox Container: b5d9f047-64f9-4ef2-a908-53c8e57fb9c2" daemon [_thread_blocked, id=3832, stack(0x0000003db0200000,0x0000003db0300000)]
  0x0000016eb706cfa0 JavaThread "Start Level: Equinox Container: b5d9f047-64f9-4ef2-a908-53c8e57fb9c2" daemon [_thread_blocked, id=16348, stack(0x0000003db0300000,0x0000003db0400000)]
  0x0000016eb70c8070 JavaThread "SCR Component Actor" daemon [_thread_blocked, id=12700, stack(0x0000003db0400000,0x0000003db0500000)]
  0x0000016eb7fd2980 JavaThread "Worker-JM" [_thread_blocked, id=10472, stack(0x0000003db0500000,0x0000003db0600000)]
  0x0000016eb8239020 JavaThread "Worker-1" [_thread_blocked, id=6572, stack(0x0000003db0800000,0x0000003db0900000)]
  0x0000016eb6aa1a80 JavaThread "Worker-2" [_thread_blocked, id=10336, stack(0x0000003db0900000,0x0000003db0a00000)]
  0x0000016eb6aa2dc0 JavaThread "Java indexing" daemon [_thread_blocked, id=15376, stack(0x0000003db0a00000,0x0000003db0b00000)]
  0x0000016eb6aa2420 JavaThread "pool-2-thread-1" [_thread_in_native, id=11236, stack(0x0000003db0b00000,0x0000003db0c00000)]
  0x0000016eb6aa28f0 JavaThread "Bundle File Closer" daemon [_thread_blocked, id=11168, stack(0x0000003db0c00000,0x0000003db0d00000)]
  0x0000016eb6aa0740 JavaThread "Worker-3" [_thread_blocked, id=14172, stack(0x0000003db0d00000,0x0000003db0e00000)]
  0x0000016eb6aa3760 JavaThread "Worker-4" [_thread_blocked, id=6956, stack(0x0000003dafd00000,0x0000003dafe00000)]
  0x0000016eb6aa1f50 JavaThread "Worker-5" [_thread_blocked, id=7296, stack(0x0000003db0e00000,0x0000003db0f00000)]
  0x0000016eb878e8b0 JavaThread "ForkJoinPool.commonPool-worker-1" daemon [_thread_blocked, id=3552, stack(0x0000003db0f00000,0x0000003db1000000)]
  0x0000016eb87935b0 JavaThread "Worker-6" [_thread_blocked, id=6736, stack(0x0000003db1000000,0x0000003db1100000)]
  0x0000016eb87948f0 JavaThread "ForkJoinPool.commonPool-worker-2" daemon [_thread_blocked, id=13448, stack(0x0000003db1100000,0x0000003db1200000)]
  0x0000016eb878f250 JavaThread "ForkJoinPool.commonPool-worker-3" daemon [_thread_blocked, id=12024, stack(0x0000003db1300000,0x0000003db1400000)]
  0x0000016ebdde2bc0 JavaThread "pool-3-thread-1" [_thread_blocked, id=14508, stack(0x0000003daed00000,0x0000003daee00000)]
  0x0000016eb878ed80 JavaThread "pool-4-thread-1" [_thread_blocked, id=8604, stack(0x0000003daee00000,0x0000003daef00000)]
  0x0000016eb878e3e0 JavaThread "Worker-8" [_thread_blocked, id=13812, stack(0x0000003daec00000,0x0000003daed00000)]

Other Threads:
  0x0000016eb4a0f7d0 VMThread "VM Thread" [stack: 0x0000003daf000000,0x0000003daf100000] [id=13720]
  0x0000016eb67e34a0 WatcherThread [stack: 0x0000003dafc00000,0x0000003dafd00000] [id=12716]
  0x0000016ea0cdbf50 GCTaskThread "GC Thread#0" [stack: 0x0000003daef00000,0x0000003daf000000] [id=15316]
  0x0000016eb69062d0 GCTaskThread "GC Thread#1" [stack: 0x0000003dafe00000,0x0000003daff00000] [id=14900]
=>0x0000016eb6906580 GCTaskThread "GC Thread#2" [stack: 0x0000003daff00000,0x0000003db0000000] [id=6048]
  0x0000016eb6906830 GCTaskThread "GC Thread#3" [stack: 0x0000003db0000000,0x0000003db0100000] [id=13320]

Threads with active compile tasks:

VM state: at safepoint (normal execution)

VM Mutex/Monitor currently owned by a thread:  ([mutex/lock_event])
[0x0000016ea0cc0490] Threads_lock - owner thread: 0x0000016eb4a0f7d0
[0x0000016ea0cc1890] Heap_lock - owner thread: 0x0000016eb878f250

Heap address: 0x00000000c0000000, size: 1024 MB, Compressed Oops mode: 32-bit

CDS archive(s) not mapped
Compressed class space mapped at: 0x0000000100000000-0x0000000140000000, reserved size: 1073741824
Narrow klass base: 0x0000000000000000, Narrow klass shift: 3, Narrow klass range: 0x140000000

GC Precious Log:
 CPUs: 4 total, 4 available
 Memory: 8079M
 Large Page Support: Disabled
 NUMA Support: Disabled
 Compressed Oops: Enabled (32-bit)
 Alignments: Space 512K, Generation 512K, Heap 2M
 Heap Min Capacity: 100M
 Heap Initial Capacity: 100M
 Heap Max Capacity: 1G
 Pre-touch: Disabled
 Parallel Workers: 4

Heap:
 PSYoungGen      total 12288K, used 12224K [0x00000000eab00000, 0x00000000eb980000, 0x0000000100000000)
  eden space 11776K, 100% used [0x00000000eab00000,0x00000000eb680000,0x00000000eb680000)
  from space 512K, 87% used [0x00000000eb900000,0x00000000eb970000,0x00000000eb980000)
  to   space 1024K, 99% used [0x00000000eb780000,0x00000000eb87e900,0x00000000eb880000)
 ParOldGen       total 170496K, used 166453K [0x00000000c0000000, 0x00000000ca680000, 0x00000000eab00000)
  object space 170496K, 97% used [0x00000000c0000000,0x00000000ca28d580,0x00000000ca680000)
 Metaspace       used 83898K, committed 85056K, reserved 1130496K
  class space    used 8282K, committed 8832K, reserved 1048576K

Card table byte_map: [0x0000016ea0650000,0x0000016ea0860000] _byte_map_base: 0x0000016ea0050000

Marking Bits: (ParMarkBitMap*) 0x00007ffb26ca2a60
 Begin Bits: [0x0000016eb2920000, 0x0000016eb3920000)
 End Bits:   [0x0000016eb3920000, 0x0000016eb4920000)

Polling page: 0x0000016e9ec00000

Metaspace:

Usage:
  Non-class:     73.84 MB used.
      Class:      8.09 MB used.
       Both:     81.93 MB used.

Virtual space:
  Non-class space:       80.00 MB reserved,      74.44 MB ( 93%) committed,  10 nodes.
      Class space:        1.00 GB reserved,       8.62 MB ( <1%) committed,  1 nodes.
             Both:        1.08 GB reserved,      83.06 MB (  8%) committed. 

Chunk freelists:
   Non-Class:  736.00 KB
       Class:  3.41 MB
        Both:  4.13 MB

MaxMetaspaceSize: unlimited
CompressedClassSpaceSize: 1.00 GB
Initial GC threshold: 21.00 MB
Current GC threshold: 138.38 MB
CDS: off
MetaspaceReclaimPolicy: balanced
 - commit_granule_bytes: 65536.
 - commit_granule_words: 8192.
 - virtual_space_node_default_size: 1048576.
 - enlarge_chunks_in_place: 1.
 - new_chunks_are_fully_committed: 0.
 - uncommit_free_chunks: 1.
 - use_allocation_guard: 0.
 - handle_deallocations: 1.


Internal statistics:

num_allocs_failed_limit: 9.
num_arena_births: 608.
num_arena_deaths: 0.
num_vsnodes_births: 11.
num_vsnodes_deaths: 0.
num_space_committed: 1329.
num_space_uncommitted: 0.
num_chunks_returned_to_freelist: 9.
num_chunks_taken_from_freelist: 4154.
num_chunk_merges: 9.
num_chunk_splits: 2597.
num_chunks_enlarged: 1516.
num_purges: 0.
num_inconsistent_stats: 0.

CodeHeap 'non-profiled nmethods': size=120000Kb used=17594Kb max_used=17594Kb free=102405Kb
 bounds [0x0000016eab3f0000, 0x0000016eac520000, 0x0000016eb2920000]
CodeHeap 'profiled nmethods': size=120000Kb used=31162Kb max_used=32530Kb free=88837Kb
 bounds [0x0000016ea3ec0000, 0x0000016ea5e90000, 0x0000016eab3f0000]
CodeHeap 'non-nmethods': size=5760Kb used=1396Kb max_used=1471Kb free=4363Kb
 bounds [0x0000016ea3920000, 0x0000016ea3b90000, 0x0000016ea3ec0000]
 total_blobs=15695 nmethods=14959 adapters=646
 compilation: enabled
              stopped_count=0, restarted_count=0
 full_count=0

Compilation events (20 events):
Event: 173.419 Thread 0x0000016e9ea0dba0 nmethod 21514 0x0000016ea54b5610 code [0x0000016ea54b57c0, 0x0000016ea54b5b28]
Event: 173.419 Thread 0x0000016e9ea0d690 nmethod 21513 0x0000016eac516890 code [0x0000016eac516a40, 0x0000016eac516cb8]
Event: 173.424 Thread 0x0000016e9ea0dba0 21515       3       org.eclipse.jdt.ls.core.internal.corrections.InnovationContext::getCoveredNode (38 bytes)
Event: 173.424 Thread 0x0000016e9ea0dba0 nmethod 21515 0x0000016ea59ce690 code [0x0000016ea59ce860, 0x0000016ea59ceb98]
Event: 173.440 Thread 0x0000016e9ea0d690 21516   !   4       jdk.internal.reflect.GeneratedConstructorAccessor30::newInstance (61 bytes)
Event: 173.442 Thread 0x0000016e9ea0d690 nmethod 21516 0x0000016eac516f10 code [0x0000016eac5170c0, 0x0000016eac517328]
Event: 174.188 Thread 0x0000016e9ea0d690 21517       4       org.eclipse.jdt.internal.core.SourceType::getAnnotations (13 bytes)
Event: 174.213 Thread 0x0000016e9ea0d690 nmethod 21517 0x0000016eac517590 code [0x0000016eac517800, 0x0000016eac518900]
Event: 174.214 Thread 0x0000016e9ea0d690 21519   !   4       org.eclipse.core.internal.localstore.FileSystemResourceManager::getStore (32 bytes)
Event: 174.216 Thread 0x0000016e9ea0d690 nmethod 21519 0x0000016eac519710 code [0x0000016eac5198c0, 0x0000016eac519aa8]
Event: 174.216 Thread 0x0000016e9ea0d690 21518       4       java.util.Calendar::complete (40 bytes)
Event: 174.216 Thread 0x0000016e9ea0d690 nmethod 21518 0x0000016eac519d10 code [0x0000016eac519e80, 0x0000016eac519f58]
Event: 174.263 Thread 0x0000016e9ea0dba0 21520       3       org.eclipse.jdt.internal.codeassist.select.SelectionParser::getUnspecifiedReferenceOptimized (38 bytes)
Event: 174.263 Thread 0x0000016e9ea0dba0 nmethod 21520 0x0000016ea5bf4890 code [0x0000016ea5bf4a40, 0x0000016ea5bf4db8]
Event: 174.441 Thread 0x0000016e9ea0d690 21521       4       org.eclipse.jdt.internal.compiler.parser.Parser::consumeClassHeaderName1 (6 bytes)
Event: 174.442 Thread 0x0000016e9ea0d690 nmethod 21521 0x0000016eac51a010 code [0x0000016eac51a1a0, 0x0000016eac51a248]
Event: 174.442 Thread 0x0000016e9ea0d690 21522       4       org.eclipse.jdt.internal.compiler.parser.Parser::consumeClassHeader (54 bytes)
Event: 174.443 Thread 0x0000016e9ea0d690 nmethod 21522 0x0000016eac51a310 code [0x0000016eac51a4a0, 0x0000016eac51a5d8]
Event: 174.444 Thread 0x0000016e9ea0d690 21523       4       org.eclipse.jdt.internal.compiler.lookup.SourceTypeBinding::getExactMethod (559 bytes)
Event: 174.510 Thread 0x0000016e9ea0d690 nmethod 21523 0x0000016eac51a710 code [0x0000016eac51aa40, 0x0000016eac51cdf0]

GC Heap History (20 events):
Event: 173.553 GC heap after
{Heap after GC invocations=2452 (full 61):
 PSYoungGen      total 9728K, used 416K [0x00000000eab00000, 0x00000000eb580000, 0x0000000100000000)
  eden space 8704K, 0% used [0x00000000eab00000,0x00000000eab00000,0x00000000eb380000)
  from space 1024K, 40% used [0x00000000eb380000,0x00000000eb3e8000,0x00000000eb480000)
  to   space 512K, 0% used [0x00000000eb500000,0x00000000eb500000,0x00000000eb580000)
 ParOldGen       total 170496K, used 158275K [0x00000000c0000000, 0x00000000ca680000, 0x00000000eab00000)
  object space 170496K, 92% used [0x00000000c0000000,0x00000000c9a90cb0,0x00000000ca680000)
 Metaspace       used 83898K, committed 85056K, reserved 1130496K
  class space    used 8282K, committed 8832K, reserved 1048576K
}
Event: 173.574 GC heap before
{Heap before GC invocations=2453 (full 61):
 PSYoungGen      total 9728K, used 9120K [0x00000000eab00000, 0x00000000eb580000, 0x0000000100000000)
  eden space 8704K, 100% used [0x00000000eab00000,0x00000000eb380000,0x00000000eb380000)
  from space 1024K, 40% used [0x00000000eb380000,0x00000000eb3e8000,0x00000000eb480000)
  to   space 512K, 0% used [0x00000000eb500000,0x00000000eb500000,0x00000000eb580000)
 ParOldGen       total 170496K, used 158275K [0x00000000c0000000, 0x00000000ca680000, 0x00000000eab00000)
  object space 170496K, 92% used [0x00000000c0000000,0x00000000c9a90cb0,0x00000000ca680000)
 Metaspace       used 83898K, committed 85056K, reserved 1130496K
  class space    used 8282K, committed 8832K, reserved 1048576K
}
Event: 173.578 GC heap after
{Heap after GC invocations=2453 (full 61):
 PSYoungGen      total 9728K, used 512K [0x00000000eab00000, 0x00000000eb700000, 0x0000000100000000)
  eden space 9216K, 0% used [0x00000000eab00000,0x00000000eab00000,0x00000000eb400000)
  from space 512K, 100% used [0x00000000eb500000,0x00000000eb580000,0x00000000eb580000)
  to   space 1024K, 0% used [0x00000000eb400000,0x00000000eb400000,0x00000000eb500000)
 ParOldGen       total 170496K, used 158679K [0x00000000c0000000, 0x00000000ca680000, 0x00000000eab00000)
  object space 170496K, 93% used [0x00000000c0000000,0x00000000c9af5d00,0x00000000ca680000)
 Metaspace       used 83898K, committed 85056K, reserved 1130496K
  class space    used 8282K, committed 8832K, reserved 1048576K
}
Event: 174.158 GC heap before
{Heap before GC invocations=2454 (full 61):
 PSYoungGen      total 9728K, used 9728K [0x00000000eab00000, 0x00000000eb700000, 0x0000000100000000)
  eden space 9216K, 100% used [0x00000000eab00000,0x00000000eb400000,0x00000000eb400000)
  from space 512K, 100% used [0x00000000eb500000,0x00000000eb580000,0x00000000eb580000)
  to   space 1024K, 0% used [0x00000000eb400000,0x00000000eb400000,0x00000000eb500000)
 ParOldGen       total 170496K, used 158679K [0x00000000c0000000, 0x00000000ca680000, 0x00000000eab00000)
  object space 170496K, 93% used [0x00000000c0000000,0x00000000c9af5d00,0x00000000ca680000)
 Metaspace       used 83898K, committed 85056K, reserved 1130496K
  class space    used 8282K, committed 8832K, reserved 1048576K
}
Event: 174.161 GC heap after
{Heap after GC invocations=2454 (full 61):
 PSYoungGen      total 10240K, used 1005K [0x00000000eab00000, 0x00000000eb900000, 0x0000000100000000)
  eden space 9216K, 0% used [0x00000000eab00000,0x00000000eab00000,0x00000000eb400000)
  from space 1024K, 98% used [0x00000000eb400000,0x00000000eb4fb4e8,0x00000000eb500000)
  to   space 2560K, 0% used [0x00000000eb680000,0x00000000eb680000,0x00000000eb900000)
 ParOldGen       total 170496K, used 159812K [0x00000000c0000000, 0x00000000ca680000, 0x00000000eab00000)
  object space 170496K, 93% used [0x00000000c0000000,0x00000000c9c11048,0x00000000ca680000)
 Metaspace       used 83898K, committed 85056K, reserved 1130496K
  class space    used 8282K, committed 8832K, reserved 1048576K
}
Event: 174.170 GC heap before
{Heap before GC invocations=2455 (full 61):
 PSYoungGen      total 10240K, used 10221K [0x00000000eab00000, 0x00000000eb900000, 0x0000000100000000)
  eden space 9216K, 100% used [0x00000000eab00000,0x00000000eb400000,0x00000000eb400000)
  from space 1024K, 98% used [0x00000000eb400000,0x00000000eb4fb4e8,0x00000000eb500000)
  to   space 2560K, 0% used [0x00000000eb680000,0x00000000eb680000,0x00000000eb900000)
 ParOldGen       total 170496K, used 159812K [0x00000000c0000000, 0x00000000ca680000, 0x00000000eab00000)
  object space 170496K, 93% used [0x00000000c0000000,0x00000000c9c11048,0x00000000ca680000)
 Metaspace       used 83898K, committed 85056K, reserved 1130496K
  class space    used 8282K, committed 8832K, reserved 1048576K
}
Event: 174.172 GC heap after
{Heap after GC invocations=2455 (full 61):
 PSYoungGen      total 12288K, used 416K [0x00000000eab00000, 0x00000000eb880000, 0x0000000100000000)
  eden space 10240K, 0% used [0x00000000eab00000,0x00000000eab00000,0x00000000eb500000)
  from space 2048K, 20% used [0x00000000eb680000,0x00000000eb6e8020,0x00000000eb880000)
  to   space 1536K, 0% used [0x00000000eb500000,0x00000000eb500000,0x00000000eb680000)
 ParOldGen       total 170496K, used 160837K [0x00000000c0000000, 0x00000000ca680000, 0x00000000eab00000)
  object space 170496K, 94% used [0x00000000c0000000,0x00000000c9d11440,0x00000000ca680000)
 Metaspace       used 83898K, committed 85056K, reserved 1130496K
  class space    used 8282K, committed 8832K, reserved 1048576K
}
Event: 174.184 GC heap before
{Heap before GC invocations=2456 (full 61):
 PSYoungGen      total 12288K, used 10656K [0x00000000eab00000, 0x00000000eb880000, 0x0000000100000000)
  eden space 10240K, 100% used [0x00000000eab00000,0x00000000eb500000,0x00000000eb500000)
  from space 2048K, 20% used [0x00000000eb680000,0x00000000eb6e8020,0x00000000eb880000)
  to   space 1536K, 0% used [0x00000000eb500000,0x00000000eb500000,0x00000000eb680000)
 ParOldGen       total 170496K, used 160837K [0x00000000c0000000, 0x00000000ca680000, 0x00000000eab00000)
  object space 170496K, 94% used [0x00000000c0000000,0x00000000c9d11440,0x00000000ca680000)
 Metaspace       used 83898K, committed 85056K, reserved 1130496K
  class space    used 8282K, committed 8832K, reserved 1048576K
}
Event: 174.185 GC heap after
{Heap after GC invocations=2456 (full 61):
 PSYoungGen      total 11776K, used 512K [0x00000000eab00000, 0x00000000eb880000, 0x0000000100000000)
  eden space 10240K, 0% used [0x00000000eab00000,0x00000000eab00000,0x00000000eb500000)
  from space 1536K, 33% used [0x00000000eb500000,0x00000000eb580000,0x00000000eb680000)
  to   space 1024K, 0% used [0x00000000eb780000,0x00000000eb780000,0x00000000eb880000)
 ParOldGen       total 170496K, used 161209K [0x00000000c0000000, 0x00000000ca680000, 0x00000000eab00000)
  object space 170496K, 94% used [0x00000000c0000000,0x00000000c9d6e490,0x00000000ca680000)
 Metaspace       used 83898K, committed 85056K, reserved 1130496K
  class space    used 8282K, committed 8832K, reserved 1048576K
}
Event: 174.210 GC heap before
{Heap before GC invocations=2457 (full 61):
 PSYoungGen      total 11776K, used 10752K [0x00000000eab00000, 0x00000000eb880000, 0x0000000100000000)
  eden space 10240K, 100% used [0x00000000eab00000,0x00000000eb500000,0x00000000eb500000)
  from space 1536K, 33% used [0x00000000eb500000,0x00000000eb580000,0x00000000eb680000)
  to   space 1024K, 0% used [0x00000000eb780000,0x00000000eb780000,0x00000000eb880000)
 ParOldGen       total 170496K, used 161209K [0x00000000c0000000, 0x00000000ca680000, 0x00000000eab00000)
  object space 170496K, 94% used [0x00000000c0000000,0x00000000c9d6e490,0x00000000ca680000)
 Metaspace       used 83898K, committed 85056K, reserved 1130496K
  class space    used 8282K, committed 8832K, reserved 1048576K
}
Event: 174.213 GC heap after
{Heap after GC invocations=2457 (full 61):
 PSYoungGen      total 11264K, used 1005K [0x00000000eab00000, 0x00000000eb900000, 0x0000000100000000)
  eden space 10240K, 0% used [0x00000000eab00000,0x00000000eab00000,0x00000000eb500000)
  from space 1024K, 98% used [0x00000000eb780000,0x00000000eb87b4e8,0x00000000eb880000)
  to   space 2048K, 0% used [0x00000000eb500000,0x00000000eb500000,0x00000000eb700000)
 ParOldGen       total 170496K, used 161921K [0x00000000c0000000, 0x00000000ca680000, 0x00000000eab00000)
  object space 170496K, 94% used [0x00000000c0000000,0x00000000c9e207d8,0x00000000ca680000)
 Metaspace       used 83898K, committed 85056K, reserved 1130496K
  class space    used 8282K, committed 8832K, reserved 1048576K
}
Event: 174.227 GC heap before
{Heap before GC invocations=2458 (full 61):
 PSYoungGen      total 11264K, used 11245K [0x00000000eab00000, 0x00000000eb900000, 0x0000000100000000)
  eden space 10240K, 100% used [0x00000000eab00000,0x00000000eb500000,0x00000000eb500000)
  from space 1024K, 98% used [0x00000000eb780000,0x00000000eb87b4e8,0x00000000eb880000)
  to   space 2048K, 0% used [0x00000000eb500000,0x00000000eb500000,0x00000000eb700000)
 ParOldGen       total 170496K, used 161921K [0x00000000c0000000, 0x00000000ca680000, 0x00000000eab00000)
  object space 170496K, 94% used [0x00000000c0000000,0x00000000c9e207d8,0x00000000ca680000)
 Metaspace       used 83898K, committed 85056K, reserved 1130496K
  class space    used 8282K, committed 8832K, reserved 1048576K
}
Event: 174.231 GC heap after
{Heap after GC invocations=2458 (full 61):
 PSYoungGen      total 12288K, used 416K [0x00000000eab00000, 0x00000000eb880000, 0x0000000100000000)
  eden space 10240K, 0% used [0x00000000eab00000,0x00000000eab00000,0x00000000eb500000)
  from space 2048K, 20% used [0x00000000eb500000,0x00000000eb568020,0x00000000eb700000)
  to   space 1024K, 0% used [0x00000000eb780000,0x00000000eb780000,0x00000000eb880000)
 ParOldGen       total 170496K, used 162915K [0x00000000c0000000, 0x00000000ca680000, 0x00000000eab00000)
  object space 170496K, 95% used [0x00000000c0000000,0x00000000c9f18fd8,0x00000000ca680000)
 Metaspace       used 83898K, committed 85056K, reserved 1130496K
  class space    used 8282K, committed 8832K, reserved 1048576K
}
Event: 174.258 GC heap before
{Heap before GC invocations=2459 (full 61):
 PSYoungGen      total 12288K, used 10656K [0x00000000eab00000, 0x00000000eb880000, 0x0000000100000000)
  eden space 10240K, 100% used [0x00000000eab00000,0x00000000eb500000,0x00000000eb500000)
  from space 2048K, 20% used [0x00000000eb500000,0x00000000eb568020,0x00000000eb700000)
  to   space 1024K, 0% used [0x00000000eb780000,0x00000000eb780000,0x00000000eb880000)
 ParOldGen       total 170496K, used 162915K [0x00000000c0000000, 0x00000000ca680000, 0x00000000eab00000)
  object space 170496K, 95% used [0x00000000c0000000,0x00000000c9f18fd8,0x00000000ca680000)
 Metaspace       used 83898K, committed 85056K, reserved 1130496K
  class space    used 8282K, committed 8832K, reserved 1048576K
}
Event: 174.260 GC heap after
{Heap after GC invocations=2459 (full 61):
 PSYoungGen      total 12800K, used 480K [0x00000000eab00000, 0x00000000eb880000, 0x0000000100000000)
  eden space 11776K, 0% used [0x00000000eab00000,0x00000000eab00000,0x00000000eb680000)
  from space 1024K, 46% used [0x00000000eb780000,0x00000000eb7f8000,0x00000000eb880000)
  to   space 1024K, 0% used [0x00000000eb680000,0x00000000eb680000,0x00000000eb780000)
 ParOldGen       total 170496K, used 163300K [0x00000000c0000000, 0x00000000ca680000, 0x00000000eab00000)
  object space 170496K, 95% used [0x00000000c0000000,0x00000000c9f79038,0x00000000ca680000)
 Metaspace       used 83898K, committed 85056K, reserved 1130496K
  class space    used 8282K, committed 8832K, reserved 1048576K
}
Event: 174.397 GC heap before
{Heap before GC invocations=2460 (full 61):
 PSYoungGen      total 12800K, used 12256K [0x00000000eab00000, 0x00000000eb880000, 0x0000000100000000)
  eden space 11776K, 100% used [0x00000000eab00000,0x00000000eb680000,0x00000000eb680000)
  from space 1024K, 46% used [0x00000000eb780000,0x00000000eb7f8000,0x00000000eb880000)
  to   space 1024K, 0% used [0x00000000eb680000,0x00000000eb680000,0x00000000eb780000)
 ParOldGen       total 170496K, used 163300K [0x00000000c0000000, 0x00000000ca680000, 0x00000000eab00000)
  object space 170496K, 95% used [0x00000000c0000000,0x00000000c9f79038,0x00000000ca680000)
 Metaspace       used 83898K, committed 85056K, reserved 1130496K
  class space    used 8282K, committed 8832K, reserved 1048576K
}
Event: 174.400 GC heap after
{Heap after GC invocations=2460 (full 61):
 PSYoungGen      total 12800K, used 994K [0x00000000eab00000, 0x00000000ebb80000, 0x0000000100000000)
  eden space 11776K, 0% used [0x00000000eab00000,0x00000000eab00000,0x00000000eb680000)
  from space 1024K, 97% used [0x00000000eb680000,0x00000000eb778bf8,0x00000000eb780000)
  to   space 2560K, 0% used [0x00000000eb900000,0x00000000eb900000,0x00000000ebb80000)
 ParOldGen       total 170496K, used 164228K [0x00000000c0000000, 0x00000000ca680000, 0x00000000eab00000)
  object space 170496K, 96% used [0x00000000c0000000,0x00000000ca0610f8,0x00000000ca680000)
 Metaspace       used 83898K, committed 85056K, reserved 1130496K
  class space    used 8282K, committed 8832K, reserved 1048576K
}
Event: 174.417 GC heap before
{Heap before GC invocations=2461 (full 61):
 PSYoungGen      total 12800K, used 12770K [0x00000000eab00000, 0x00000000ebb80000, 0x0000000100000000)
  eden space 11776K, 100% used [0x00000000eab00000,0x00000000eb680000,0x00000000eb680000)
  from space 1024K, 97% used [0x00000000eb680000,0x00000000eb778bf8,0x00000000eb780000)
  to   space 2560K, 0% used [0x00000000eb900000,0x00000000eb900000,0x00000000ebb80000)
 ParOldGen       total 170496K, used 164228K [0x00000000c0000000, 0x00000000ca680000, 0x00000000eab00000)
  object space 170496K, 96% used [0x00000000c0000000,0x00000000ca0610f8,0x00000000ca680000)
 Metaspace       used 83898K, committed 85056K, reserved 1130496K
  class space    used 8282K, committed 8832K, reserved 1048576K
}
Event: 174.420 GC heap after
{Heap after GC invocations=2461 (full 61):
 PSYoungGen      total 12288K, used 448K [0x00000000eab00000, 0x00000000eb980000, 0x0000000100000000)
  eden space 11776K, 0% used [0x00000000eab00000,0x00000000eab00000,0x00000000eb680000)
  from space 512K, 87% used [0x00000000eb900000,0x00000000eb970000,0x00000000eb980000)
  to   space 1024K, 0% used [0x00000000eb780000,0x00000000eb780000,0x00000000eb880000)
 ParOldGen       total 170496K, used 165250K [0x00000000c0000000, 0x00000000ca680000, 0x00000000eab00000)
  object space 170496K, 96% used [0x00000000c0000000,0x00000000ca1608e8,0x00000000ca680000)
 Metaspace       used 83898K, committed 85056K, reserved 1130496K
  class space    used 8282K, committed 8832K, reserved 1048576K
}
Event: 174.641 GC heap before
{Heap before GC invocations=2462 (full 61):
 PSYoungGen      total 12288K, used 12224K [0x00000000eab00000, 0x00000000eb980000, 0x0000000100000000)
  eden space 11776K, 100% used [0x00000000eab00000,0x00000000eb680000,0x00000000eb680000)
  from space 512K, 87% used [0x00000000eb900000,0x00000000eb970000,0x00000000eb980000)
  to   space 1024K, 0% used [0x00000000eb780000,0x00000000eb780000,0x00000000eb880000)
 ParOldGen       total 170496K, used 165250K [0x00000000c0000000, 0x00000000ca680000, 0x00000000eab00000)
  object space 170496K, 96% used [0x00000000c0000000,0x00000000ca1608e8,0x00000000ca680000)
 Metaspace       used 83898K, committed 85056K, reserved 1130496K
  class space    used 8282K, committed 8832K, reserved 1048576K
}

Deoptimization events (20 events):
Event: 171.702 Thread 0x0000016eb6aa2420 DEOPT PACKING pc=0x0000016eac34a568 sp=0x0000003db0bfcfa0
Event: 171.702 Thread 0x0000016eb6aa2420 DEOPT UNPACKING pc=0x0000016ea39720a3 sp=0x0000003db0bfccf8 mode 2
Event: 172.367 Thread 0x0000016eb878e8b0 Uncommon trap: trap_request=0xffffff66 fr.pc=0x0000016eab850928 relative=0x0000000000002e68
Event: 172.367 Thread 0x0000016eb878e8b0 Uncommon trap: reason=speculate_class_check action=maybe_recompile pc=0x0000016eab850928 method=org.eclipse.jdt.internal.compiler.ast.TypeReference.resolveType(Lorg/eclipse/jdt/internal/compiler/lookup/BlockScope;Z)Lorg/eclipse/jdt/internal/compiler/looku
Event: 172.367 Thread 0x0000016eb878e8b0 DEOPT PACKING pc=0x0000016eab850928 sp=0x0000003db0ffe5f0
Event: 172.367 Thread 0x0000016eb878e8b0 DEOPT UNPACKING pc=0x0000016ea39720a3 sp=0x0000003db0ffe528 mode 2
Event: 172.373 Thread 0x0000016eb6aa2dc0 Uncommon trap: trap_request=0xffffffde fr.pc=0x0000016eac21c1e8 relative=0x00000000000007a8
Event: 172.373 Thread 0x0000016eb6aa2dc0 Uncommon trap: reason=class_check action=maybe_recompile pc=0x0000016eac21c1e8 method=org.eclipse.jdt.internal.compiler.SourceElementParser.addUnknownRef(Lorg/eclipse/jdt/internal/compiler/ast/NameReference;)V @ 49 c2
Event: 172.373 Thread 0x0000016eb6aa2dc0 DEOPT PACKING pc=0x0000016eac21c1e8 sp=0x0000003db0afecb0
Event: 172.373 Thread 0x0000016eb6aa2dc0 DEOPT UNPACKING pc=0x0000016ea39720a3 sp=0x0000003db0afebf8 mode 2
Event: 172.373 Thread 0x0000016eb6aa2dc0 Uncommon trap: trap_request=0xffffffde fr.pc=0x0000016eac21c1e8 relative=0x00000000000007a8
Event: 172.373 Thread 0x0000016eb6aa2dc0 Uncommon trap: reason=class_check action=maybe_recompile pc=0x0000016eac21c1e8 method=org.eclipse.jdt.internal.compiler.SourceElementParser.addUnknownRef(Lorg/eclipse/jdt/internal/compiler/ast/NameReference;)V @ 49 c2
Event: 172.373 Thread 0x0000016eb6aa2dc0 DEOPT PACKING pc=0x0000016eac21c1e8 sp=0x0000003db0afecb0
Event: 172.373 Thread 0x0000016eb6aa2dc0 DEOPT UNPACKING pc=0x0000016ea39720a3 sp=0x0000003db0afebf8 mode 2
Event: 172.373 Thread 0x0000016eb6aa2dc0 Uncommon trap: trap_request=0xffffffde fr.pc=0x0000016eac21c1e8 relative=0x00000000000007a8
Event: 172.373 Thread 0x0000016eb6aa2dc0 Uncommon trap: reason=class_check action=maybe_recompile pc=0x0000016eac21c1e8 method=org.eclipse.jdt.internal.compiler.SourceElementParser.addUnknownRef(Lorg/eclipse/jdt/internal/compiler/ast/NameReference;)V @ 49 c2
Event: 172.373 Thread 0x0000016eb6aa2dc0 DEOPT PACKING pc=0x0000016eac21c1e8 sp=0x0000003db0afecb0
Event: 172.373 Thread 0x0000016eb6aa2dc0 DEOPT UNPACKING pc=0x0000016ea39720a3 sp=0x0000003db0afebf8 mode 2
Event: 173.287 Thread 0x0000016eb87948f0 DEOPT PACKING pc=0x0000016ea51acf44 sp=0x0000003db11febf0
Event: 173.287 Thread 0x0000016eb87948f0 DEOPT UNPACKING pc=0x0000016ea3972843 sp=0x0000003db11fe108 mode 0

Classes unloaded (0 events):
No events

Classes redefined (0 events):
No events

Internal exceptions (20 events):
Event: 127.746 Thread 0x0000016eb878e8b0 Exception <a 'java/lang/ArrayIndexOutOfBoundsException'{0x00000000eae4ea60}> (0x00000000eae4ea60) 
thrown [e:\jenkins\tmp\workspace\build\src\src\hotspot\share\runtime\sharedRuntime.cpp, line 628]
Event: 127.753 Thread 0x0000016eb878e8b0 Exception <a 'java/lang/ArrayIndexOutOfBoundsException'{0x00000000eac42c30}> (0x00000000eac42c30) 
thrown [e:\jenkins\tmp\workspace\build\src\src\hotspot\share\runtime\sharedRuntime.cpp, line 628]
Event: 127.755 Thread 0x0000016eb878e8b0 Exception <a 'java/lang/ArrayIndexOutOfBoundsException'{0x00000000ead16208}> (0x00000000ead16208) 
thrown [e:\jenkins\tmp\workspace\build\src\src\hotspot\share\runtime\sharedRuntime.cpp, line 628]
Event: 128.507 Thread 0x0000016eb87948f0 Exception <a 'java/lang/ArrayIndexOutOfBoundsException'{0x00000000eade6878}> (0x00000000eade6878) 
thrown [e:\jenkins\tmp\workspace\build\src\src\hotspot\share\runtime\sharedRuntime.cpp, line 628]
Event: 128.514 Thread 0x0000016eb87948f0 Exception <a 'java/lang/ArrayIndexOutOfBoundsException'{0x00000000eae22b20}> (0x00000000eae22b20) 
thrown [e:\jenkins\tmp\workspace\build\src\src\hotspot\share\runtime\sharedRuntime.cpp, line 628]
Event: 139.328 Thread 0x0000016eb878e8b0 Exception <a 'java/lang/ArrayIndexOutOfBoundsException'{0x00000000eac3e370}> (0x00000000eac3e370) 
thrown [e:\jenkins\tmp\workspace\build\src\src\hotspot\share\runtime\sharedRuntime.cpp, line 628]
Event: 139.328 Thread 0x0000016eb878e8b0 Exception <a 'java/lang/ArrayIndexOutOfBoundsException'{0x00000000eac3e758}> (0x00000000eac3e758) 
thrown [e:\jenkins\tmp\workspace\build\src\src\hotspot\share\runtime\sharedRuntime.cpp, line 628]
Event: 139.328 Thread 0x0000016eb878e8b0 Exception <a 'java/lang/ArrayIndexOutOfBoundsException'{0x00000000eac3eae0}> (0x00000000eac3eae0) 
thrown [e:\jenkins\tmp\workspace\build\src\src\hotspot\share\runtime\sharedRuntime.cpp, line 628]
Event: 140.945 Thread 0x0000016ebdde2bc0 Exception <a 'java/lang/ClassNotFoundException'{0x00000000eab00eb0}: sun/net/www/protocol/jdt/Handler> (0x00000000eab00eb0) 
thrown [e:\jenkins\tmp\workspace\build\src\src\hotspot\share\classfile\systemDictionary.cpp, line 256]
Event: 140.945 Thread 0x0000016ebdde2bc0 Exception <a 'java/lang/ClassNotFoundException'{0x00000000eab03688}: sun/net/www/protocol/jdt/Handler> (0x00000000eab03688) 
thrown [e:\jenkins\tmp\workspace\build\src\src\hotspot\share\classfile\systemDictionary.cpp, line 256]
Event: 140.946 Thread 0x0000016ebdde2bc0 Exception <a 'java/lang/ClassNotFoundException'{0x00000000eab07be0}: sun/net/www/protocol/jdt/Handler> (0x00000000eab07be0) 
thrown [e:\jenkins\tmp\workspace\build\src\src\hotspot\share\classfile\systemDictionary.cpp, line 256]
Event: 140.946 Thread 0x0000016ebdde2bc0 Exception <a 'java/lang/ClassNotFoundException'{0x00000000eab0be48}: sun/net/www/protocol/jdt/Handler> (0x00000000eab0be48) 
thrown [e:\jenkins\tmp\workspace\build\src\src\hotspot\share\classfile\systemDictionary.cpp, line 256]
Event: 140.946 Thread 0x0000016ebdde2bc0 Exception <a 'java/lang/ClassNotFoundException'{0x00000000eab0e130}: sun/net/www/protocol/jdt/Handler> (0x00000000eab0e130) 
thrown [e:\jenkins\tmp\workspace\build\src\src\hotspot\share\classfile\systemDictionary.cpp, line 256]
Event: 140.946 Thread 0x0000016ebdde2bc0 Exception <a 'java/lang/ClassNotFoundException'{0x00000000eab10458}: sun/net/www/protocol/jdt/Handler> (0x00000000eab10458) 
thrown [e:\jenkins\tmp\workspace\build\src\src\hotspot\share\classfile\systemDictionary.cpp, line 256]
Event: 140.946 Thread 0x0000016ebdde2bc0 Exception <a 'java/lang/ClassNotFoundException'{0x00000000eab127a8}: sun/net/www/protocol/jdt/Handler> (0x00000000eab127a8) 
thrown [e:\jenkins\tmp\workspace\build\src\src\hotspot\share\classfile\systemDictionary.cpp, line 256]
Event: 142.479 Thread 0x0000016eb878e8b0 Exception <a 'java/lang/ArrayIndexOutOfBoundsException'{0x00000000eb1c55c8}> (0x00000000eb1c55c8) 
thrown [e:\jenkins\tmp\workspace\build\src\src\hotspot\share\runtime\sharedRuntime.cpp, line 628]
Event: 142.479 Thread 0x0000016eb878e8b0 Exception <a 'java/lang/ArrayIndexOutOfBoundsException'{0x00000000eb1c58f0}> (0x00000000eb1c58f0) 
thrown [e:\jenkins\tmp\workspace\build\src\src\hotspot\share\runtime\sharedRuntime.cpp, line 628]
Event: 157.639 Thread 0x0000016eb878e8b0 Exception <a 'java/lang/ArrayIndexOutOfBoundsException'{0x00000000eadc4340}> (0x00000000eadc4340) 
thrown [e:\jenkins\tmp\workspace\build\src\src\hotspot\share\runtime\sharedRuntime.cpp, line 628]
Event: 157.639 Thread 0x0000016eb878e8b0 Exception <a 'java/lang/ArrayIndexOutOfBoundsException'{0x00000000eadc4668}> (0x00000000eadc4668) 
thrown [e:\jenkins\tmp\workspace\build\src\src\hotspot\share\runtime\sharedRuntime.cpp, line 628]
Event: 167.861 Thread 0x0000016eb878e8b0 Implicit null exception at 0x0000016eab7098cc to 0x0000016eab70a137

VM Operations (20 events):
Event: 173.553 Executing VM operation: ParallelGCFailedAllocation done
Event: 173.574 Executing VM operation: ParallelGCFailedAllocation
Event: 173.578 Executing VM operation: ParallelGCFailedAllocation done
Event: 174.158 Executing VM operation: ParallelGCFailedAllocation
Event: 174.161 Executing VM operation: ParallelGCFailedAllocation done
Event: 174.170 Executing VM operation: ParallelGCFailedAllocation
Event: 174.172 Executing VM operation: ParallelGCFailedAllocation done
Event: 174.184 Executing VM operation: ParallelGCFailedAllocation
Event: 174.185 Executing VM operation: ParallelGCFailedAllocation done
Event: 174.210 Executing VM operation: ParallelGCFailedAllocation
Event: 174.213 Executing VM operation: ParallelGCFailedAllocation done
Event: 174.227 Executing VM operation: ParallelGCFailedAllocation
Event: 174.231 Executing VM operation: ParallelGCFailedAllocation done
Event: 174.258 Executing VM operation: ParallelGCFailedAllocation
Event: 174.260 Executing VM operation: ParallelGCFailedAllocation done
Event: 174.397 Executing VM operation: ParallelGCFailedAllocation
Event: 174.400 Executing VM operation: ParallelGCFailedAllocation done
Event: 174.417 Executing VM operation: ParallelGCFailedAllocation
Event: 174.420 Executing VM operation: ParallelGCFailedAllocation done
Event: 174.641 Executing VM operation: ParallelGCFailedAllocation

Events (20 events):
Event: 163.354 Thread 0x0000016eb651b7c0 flushing nmethod 0x0000016ea5bd7c10
Event: 163.354 Thread 0x0000016eb651b7c0 flushing nmethod 0x0000016ea5be0b90
Event: 163.354 Thread 0x0000016eb651b7c0 flushing nmethod 0x0000016ea5bf4890
Event: 163.354 Thread 0x0000016eb651b7c0 flushing nmethod 0x0000016ea5c1bb90
Event: 163.354 Thread 0x0000016eb651b7c0 flushing nmethod 0x0000016ea5c58f90
Event: 163.354 Thread 0x0000016eb651b7c0 flushing nmethod 0x0000016ea5c5cf10
Event: 163.354 Thread 0x0000016eb651b7c0 flushing nmethod 0x0000016ea5c6da10
Event: 163.354 Thread 0x0000016eb651b7c0 flushing nmethod 0x0000016ea5c74f10
Event: 163.354 Thread 0x0000016eb651b7c0 flushing nmethod 0x0000016ea5c79610
Event: 163.354 Thread 0x0000016eb651b7c0 flushing nmethod 0x0000016ea5ce3490
Event: 163.354 Thread 0x0000016eb651b7c0 flushing nmethod 0x0000016ea5d18a90
Event: 163.354 Thread 0x0000016eb651b7c0 flushing nmethod 0x0000016ea5d3e290
Event: 163.354 Thread 0x0000016eb651b7c0 flushing nmethod 0x0000016ea5d44f10
Event: 163.355 Thread 0x0000016eb651b7c0 flushing nmethod 0x0000016ea5d6ea90
Event: 163.355 Thread 0x0000016eb651b7c0 flushing nmethod 0x0000016ea5de3d10
Event: 164.262 Thread 0x0000016eb878e3e0 Thread added: 0x0000016eb878e3e0
Event: 164.899 Thread 0x0000016eb7f97360 Thread added: 0x0000016eb7f97360
Event: 165.168 Thread 0x0000016eb7f97360 Thread exited: 0x0000016eb7f97360
Event: 166.187 Thread 0x0000016eb7f99be0 Thread added: 0x0000016eb7f99be0
Event: 166.405 Thread 0x0000016eb7f99be0 Thread exited: 0x0000016eb7f99be0


Dynamic libraries:
0x00007ff78f220000 - 0x00007ff78f22e000 	c:\Users\rhuan\.vscode\extensions\redhat.java-1.2.0\jre\17.0.1-win32-x86_64\bin\java.exe
0x00007ffb9aa90000 - 0x00007ffb9ac85000 	C:\WINDOWS\SYSTEM32\ntdll.dll
0x00007ffb98b40000 - 0x00007ffb98bfe000 	C:\WINDOWS\System32\KERNEL32.DLL
0x00007ffb98250000 - 0x00007ffb98518000 	C:\WINDOWS\System32\KERNELBASE.dll
0x00007ffb98700000 - 0x00007ffb98800000 	C:\WINDOWS\System32\ucrtbase.dll
0x00007ffb74040000 - 0x00007ffb74059000 	c:\Users\rhuan\.vscode\extensions\redhat.java-1.2.0\jre\17.0.1-win32-x86_64\bin\VCRUNTIME140.dll
0x00007ffb73b90000 - 0x00007ffb73ba8000 	c:\Users\rhuan\.vscode\extensions\redhat.java-1.2.0\jre\17.0.1-win32-x86_64\bin\jli.dll
0x00007ffb9a140000 - 0x00007ffb9a2e0000 	C:\WINDOWS\System32\USER32.dll
0x00007ffb87450000 - 0x00007ffb876ea000 	C:\WINDOWS\WinSxS\amd64_microsoft.windows.common-controls_6595b64144ccf1df_6.0.19041.1110_none_60b5254171f9507e\COMCTL32.dll
0x00007ffb98520000 - 0x00007ffb98542000 	C:\WINDOWS\System32\win32u.dll
0x00007ffb99470000 - 0x00007ffb9950e000 	C:\WINDOWS\System32\msvcrt.dll
0x00007ffb99010000 - 0x00007ffb9903b000 	C:\WINDOWS\System32\GDI32.dll
0x00007ffb988d0000 - 0x00007ffb989dd000 	C:\WINDOWS\System32\gdi32full.dll
0x00007ffb98830000 - 0x00007ffb988cd000 	C:\WINDOWS\System32\msvcp_win.dll
0x00007ffb98f40000 - 0x00007ffb98f70000 	C:\WINDOWS\System32\IMM32.DLL
0x00007ffb74a30000 - 0x00007ffb74b45000 	C:\Program Files\Topaz OFD\Warsaw\wslbscr64.dll
0x00007ffb98d30000 - 0x00007ffb98dde000 	C:\WINDOWS\System32\ADVAPI32.dll
0x00007ffb98f70000 - 0x00007ffb9900c000 	C:\WINDOWS\System32\sechost.dll
0x00007ffb98c00000 - 0x00007ffb98d25000 	C:\WINDOWS\System32\RPCRT4.dll
0x00007ffb9a2e0000 - 0x00007ffb9aa24000 	C:\WINDOWS\System32\SHELL32.dll
0x00007ffb96e30000 - 0x00007ffb96e63000 	C:\WINDOWS\SYSTEM32\ntmarta.dll
0x00007ffb78ef0000 - 0x00007ffb78efc000 	c:\Users\rhuan\.vscode\extensions\redhat.java-1.2.0\jre\17.0.1-win32-x86_64\bin\vcruntime140_1.dll
0x00007ffb26d70000 - 0x00007ffb26e01000 	c:\Users\rhuan\.vscode\extensions\redhat.java-1.2.0\jre\17.0.1-win32-x86_64\bin\msvcp140.dll
0x00007ffb26120000 - 0x00007ffb26d66000 	c:\Users\rhuan\.vscode\extensions\redhat.java-1.2.0\jre\17.0.1-win32-x86_64\bin\server\jvm.dll
0x00007ffb99fb0000 - 0x00007ffb99fb8000 	C:\WINDOWS\System32\PSAPI.DLL
0x00007ffb81e70000 - 0x00007ffb81e79000 	C:\WINDOWS\SYSTEM32\WSOCK32.dll
0x00007ffb9a0d0000 - 0x00007ffb9a13b000 	C:\WINDOWS\System32\WS2_32.dll
0x00007ffb87270000 - 0x00007ffb87297000 	C:\WINDOWS\SYSTEM32\WINMM.dll
0x00007ffb8f750000 - 0x00007ffb8f75a000 	C:\WINDOWS\SYSTEM32\VERSION.dll
0x00007ffb96050000 - 0x00007ffb96062000 	C:\WINDOWS\SYSTEM32\kernel.appcore.dll
0x00007ffb77180000 - 0x00007ffb7718a000 	c:\Users\rhuan\.vscode\extensions\redhat.java-1.2.0\jre\17.0.1-win32-x86_64\bin\jimage.dll
0x00007ffb84b80000 - 0x00007ffb84d64000 	C:\WINDOWS\SYSTEM32\DBGHELP.DLL
0x00007ffb83cc0000 - 0x00007ffb83cec000 	C:\WINDOWS\SYSTEM32\dbgcore.DLL
0x00007ffb989e0000 - 0x00007ffb98a62000 	C:\WINDOWS\System32\bcryptPrimitives.dll
0x00007ffb77090000 - 0x00007ffb7709e000 	c:\Users\rhuan\.vscode\extensions\redhat.java-1.2.0\jre\17.0.1-win32-x86_64\bin\instrument.dll
0x00007ffb5fb20000 - 0x00007ffb5fb45000 	c:\Users\rhuan\.vscode\extensions\redhat.java-1.2.0\jre\17.0.1-win32-x86_64\bin\java.dll
0x00007ffb736b0000 - 0x00007ffb736c8000 	c:\Users\rhuan\.vscode\extensions\redhat.java-1.2.0\jre\17.0.1-win32-x86_64\bin\zip.dll
0x00007ffb96250000 - 0x00007ffb969e4000 	C:\WINDOWS\SYSTEM32\windows.storage.dll
0x00007ffb99650000 - 0x00007ffb999a5000 	C:\WINDOWS\System32\combase.dll
0x00007ffb97a40000 - 0x00007ffb97a6e000 	C:\WINDOWS\SYSTEM32\Wldp.dll
0x00007ffb99510000 - 0x00007ffb995bd000 	C:\WINDOWS\System32\SHCORE.dll
0x00007ffb99250000 - 0x00007ffb992a5000 	C:\WINDOWS\System32\shlwapi.dll
0x00007ffb980e0000 - 0x00007ffb980ff000 	C:\WINDOWS\SYSTEM32\profapi.dll
0x00007ffb74930000 - 0x00007ffb74a23000 	C:\Program Files\Topaz OFD\Warsaw\wslbscrwh64.dll
0x00007ffb75330000 - 0x00007ffb75349000 	C:\Users\rhuan\.vscode\extensions\redhat.java-1.2.0\jre\17.0.1-win32-x86_64\bin\net.dll
0x00007ffb90dd0000 - 0x00007ffb90edc000 	C:\WINDOWS\SYSTEM32\WINHTTP.dll
0x00007ffb97820000 - 0x00007ffb9788a000 	C:\WINDOWS\system32\mswsock.dll
0x00007ffb74530000 - 0x00007ffb74545000 	C:\Users\rhuan\.vscode\extensions\redhat.java-1.2.0\jre\17.0.1-win32-x86_64\bin\nio.dll
0x00007ffb85bc0000 - 0x00007ffb85bd0000 	c:\Users\rhuan\.vscode\extensions\redhat.java-1.2.0\jre\17.0.1-win32-x86_64\bin\verify.dll
0x00007ffb97d80000 - 0x00007ffb97d98000 	C:\WINDOWS\SYSTEM32\CRYPTSP.dll
0x00007ffb971c0000 - 0x00007ffb971f4000 	C:\WINDOWS\system32\rsaenh.dll
0x00007ffb98800000 - 0x00007ffb98827000 	C:\WINDOWS\System32\bcrypt.dll
0x00007ffb980a0000 - 0x00007ffb980ce000 	C:\WINDOWS\SYSTEM32\USERENV.dll
0x00007ffb979b0000 - 0x00007ffb979bc000 	C:\WINDOWS\SYSTEM32\CRYPTBASE.dll
0x00007ffb97530000 - 0x00007ffb9756b000 	C:\WINDOWS\SYSTEM32\IPHLPAPI.DLL
0x00007ffb99040000 - 0x00007ffb99048000 	C:\WINDOWS\System32\NSI.dll
0x00007ffb91a50000 - 0x00007ffb91a67000 	C:\WINDOWS\SYSTEM32\dhcpcsvc6.DLL
0x00007ffb91a30000 - 0x00007ffb91a4d000 	C:\WINDOWS\SYSTEM32\dhcpcsvc.DLL
0x00007ffb97570000 - 0x00007ffb9763b000 	C:\WINDOWS\SYSTEM32\DNSAPI.dll
0x00007ffb73d00000 - 0x00007ffb73d3e000 	C:\Users\rhuan\AppData\Roaming\Code\User\globalStorage\redhat.java\1.2.0\config_win\org.eclipse.equinox.launcher\org.eclipse.equinox.launcher.win32.win32.x86_64_1.2.400.v20211117-0650\eclipse_11602.dll
0x0000016eb7260000 - 0x0000016eb738a000 	C:\WINDOWS\System32\ole32.dll
0x00007ffb74510000 - 0x00007ffb74521000 	C:\Users\rhuan\AppData\Roaming\Code\User\globalStorage\redhat.java\1.2.0\config_win\org.eclipse.osgi\22\0\.cp\jWinHttp-1.0.0.dll
0x00007ffb75c70000 - 0x00007ffb75c79000 	C:\Users\rhuan\.vscode\extensions\redhat.java-1.2.0\jre\17.0.1-win32-x86_64\bin\management.dll
0x00007ffb75680000 - 0x00007ffb7568b000 	C:\Users\rhuan\.vscode\extensions\redhat.java-1.2.0\jre\17.0.1-win32-x86_64\bin\management_ext.dll

dbghelp: loaded successfully - version: 4.0.5 - missing functions: none
symbol engine: initialized successfully - sym options: 0x614 - pdb path: .;c:\Users\rhuan\.vscode\extensions\redhat.java-1.2.0\jre\17.0.1-win32-x86_64\bin;C:\WINDOWS\SYSTEM32;C:\WINDOWS\WinSxS\amd64_microsoft.windows.common-controls_6595b64144ccf1df_6.0.19041.1110_none_60b5254171f9507e;C:\Program Files\Topaz OFD\Warsaw;c:\Users\rhuan\.vscode\extensions\redhat.java-1.2.0\jre\17.0.1-win32-x86_64\bin\server;C:\Users\rhuan\AppData\Roaming\Code\User\globalStorage\redhat.java\1.2.0\config_win\org.eclipse.equinox.launcher\org.eclipse.equinox.launcher.win32.win32.x86_64_1.2.400.v20211117-0650;C:\Users\rhuan\AppData\Roaming\Code\User\globalStorage\redhat.java\1.2.0\config_win\org.eclipse.osgi\22\0\.cp

VM Arguments:
jvm_args: --add-modules=ALL-SYSTEM --add-opens=java.base/java.util=ALL-UNNAMED --add-opens=java.base/java.lang=ALL-UNNAMED -Declipse.application=org.eclipse.jdt.ls.core.id1 -Dosgi.bundles.defaultStartLevel=4 -Declipse.product=org.eclipse.jdt.ls.core.product -Djava.import.generatesMetadataFilesAtProjectRoot=false -Dfile.encoding=utf8 -DwatchParentProcess=false -XX:+UseParallelGC -XX:GCTimeRatio=4 -XX:AdaptiveSizePolicyWeight=90 -Dsun.zip.disableMemoryMapping=true -Xmx1G -Xms100m -javaagent:c:\Users\rhuan\.vscode\extensions\gabrielbb.vscode-lombok-1.0.1\server\lombok.jar -XX:+HeapDumpOnOutOfMemoryError -XX:HeapDumpPath=c:\Users\rhuan\AppData\Roaming\Code\User\workspaceStorage\e7f517770e77997855dded13f607dff6\redhat.java 
java_command: c:\Users\rhuan\.vscode\extensions\redhat.java-1.2.0\server\plugins\org.eclipse.equinox.launcher_1.6.400.v20210924-0641.jar -configuration c:\Users\rhuan\AppData\Roaming\Code\User\globalStorage\redhat.java\1.2.0\config_win -data c:\Users\rhuan\AppData\Roaming\Code\User\workspaceStorage\e7f517770e77997855dded13f607dff6\redhat.java\jdt_ws
java_class_path (initial): c:\Users\rhuan\.vscode\extensions\redhat.java-1.2.0\server\plugins\org.eclipse.equinox.launcher_1.6.400.v20210924-0641.jar
Launcher Type: SUN_STANDARD

[Global flags]
    uintx AdaptiveSizePolicyWeight                 = 90                                        {product} {command line}
     intx CICompilerCount                          = 3                                         {product} {ergonomic}
    uintx GCTimeRatio                              = 4                                         {product} {command line}
     bool HeapDumpOnOutOfMemoryError               = true                                   {manageable} {command line}
    ccstr HeapDumpPath                             = c:\Users\rhuan\AppData\Roaming\Code\User\workspaceStorage\e7f517770e77997855dded13f607dff6\redhat.java         {manageable} {command line}
   size_t InitialHeapSize                          = 104857600                                 {product} {command line}
   size_t MaxHeapSize                              = 1073741824                                {product} {command line}
   size_t MaxNewSize                               = 357564416                                 {product} {ergonomic}
   size_t MinHeapDeltaBytes                        = 524288                                    {product} {ergonomic}
   size_t MinHeapSize                              = 104857600                                 {product} {command line}
   size_t NewSize                                  = 34603008                                  {product} {ergonomic}
    uintx NonNMethodCodeHeapSize                   = 5832780                                {pd product} {ergonomic}
    uintx NonProfiledCodeHeapSize                  = 122912730                              {pd product} {ergonomic}
   size_t OldSize                                  = 70254592                                  {product} {ergonomic}
    uintx ProfiledCodeHeapSize                     = 122912730                              {pd product} {ergonomic}
    uintx ReservedCodeCacheSize                    = 251658240                              {pd product} {ergonomic}
     bool SegmentedCodeCache                       = true                                      {product} {ergonomic}
   size_t SoftMaxHeapSize                          = 1073741824                             {manageable} {ergonomic}
     bool UseCompressedClassPointers               = true                           {product lp64_product} {ergonomic}
     bool UseCompressedOops                        = true                           {product lp64_product} {ergonomic}
     bool UseLargePagesIndividualAllocation        = false                                  {pd product} {ergonomic}
     bool UseParallelGC                            = true                                      {product} {command line}

Logging:
Log output configuration:
 #0: stdout all=warning uptime,level,tags
 #1: stderr all=off uptime,level,tags

Environment Variables:
JAVA_HOME=C:\Program Files\Java\jdk-11.0.8
CLASSPATH=C:\sqljdbc_4.2\ptb\jre8\sqljdbc42.jar
PATH=C:\Program Files\AdoptOpenJDK\jdk-11.0.9.11-hotspot\bin;C:\Program Files\Common Files\Oracle\Java\javapath;C:\Python38\Scripts\;C:\Python38\;C:\Program Files (x86)\Common Files\Oracle\Java\javapath;C:\WINDOWS\system32;C:\WINDOWS;C:\WINDOWS\System32\Wbem;C:\WINDOWS\System32\WindowsPowerShell\v1.0\;C:\WINDOWS\System32\OpenSSH\;C:\Program Files (x86)\MySQL\MySQL Server 5.5\bin;C:\Program Files\Git\cmd;C:\ProgramData\chocolatey\bin;C:\apache-maven-3.6.3\bin;C:\Program Files (x86)\Google\Chrome\Application;C:\Program Files\Java\jdk-11.0.8\bin;C:\Program Files (x86)\Yarn\bin\;C:\Program Files\Microsoft SQL Server\Client SDK\ODBC\170\Tools\Binn\;C:\Program Files (x86)\Microsoft SQL Server\150\Tools\Binn\;C:\Program Files\Microsoft SQL Server\150\Tools\Binn\;C:\Program Files\Microsoft SQL Server\150\DTS\Binn\;C:\Program Files\Docker\Docker\resources\bin;C:\ProgramData\DockerDesktop\version-bin;C:\Program Files\dotnet\;C:\Users\rhuan\AppData\Local\Android\Sdk\platform-tools;C:\Users\rhuan\AppData\Local\Android\Sdk\emulator;C:\Users\rhuan\AppData\Local\Android\Sdk\tools\bin;C:\curl-7.74.0_2-win64-mingw\bin;C:\Program Files (x86)\GnuWin32\bin;C:\Program Files\nodejs\;C:\Program Files\TortoiseSVN\bin;C:\Program Files\TortoiseGit\bin;C:\Ruby27-x64\bin;C:\Users\rhuan\anaconda3;C:\Users\rhuan\anaconda3\Library\mingw-w64\bin;C:\Users\rhuan\anaconda3\Library\usr\bin;C:\Users\rhuan\anaconda3\Library\bin;C:\Users\rhuan\anaconda3\Scripts;C:\Users\rhuan\AppData\Local\Microsoft\WindowsApps;C:\Program Files\heroku\bin;C:\src\flutter\bin;C:\Users\rhuan\AppData\Local\Yarn\bin;C:\Users\rhuan\.dotnet\tools;C:\Users\rhuan\AppData\Roaming\npm;C:\Users\rhuan\AppData\Local\Programs\Microsoft VS Code\bin
USERNAME=rhuan
OS=Windows_NT
PROCESSOR_IDENTIFIER=Intel64 Family 6 Model 58 Stepping 9, GenuineIntel



---------------  S Y S T E M  ---------------

OS:
 Windows 10 , 64 bit Build 19041 (10.0.19041.1499)
OS uptime: 1 days 1:42 hours
Hyper-V role detected

CPU: total 4 (initial active 4) (4 cores per cpu, 1 threads per core) family 6 model 58 stepping 9 microcode 0x21, cx8, cmov, fxsr, mmx, sse, sse2, sse3, ssse3, sse4.1, sse4.2, popcnt, tsc, tscinvbit, avx, aes, erms, clmul, vzeroupper, clflush, hv

Memory: 4k page, system-wide physical 8079M (788M free)
TotalPageFile size 18831M (AvailPageFile size 5534M)
current process WorkingSet (physical memory assigned to process): 445M, peak: 445M
current process commit charge ("private bytes"): 462M, peak: 500M

vm_info: OpenJDK 64-Bit Server VM (17.0.1+12) for windows-amd64 JRE (17.0.1+12), built on Oct 20 2021 07:42:55 by "" with MS VC++ 16.7 (VS2019)

END.
