#
# A fatal error has been detected by the Java Runtime Environment:
#
#  EXCEPTION_ACCESS_VIOLATION (0xc0000005) at pc=0x00007ffb25b19533, pid=7356, tid=12116
#
# JRE version: Java(TM) SE Runtime Environment 18.9 (11.0.8+10) (build 11.0.8+10-LTS)
# Java VM: Java HotSpot(TM) 64-Bit Server VM 18.9 (11.0.8+10-LTS, mixed mode, tiered, compressed oops, g1 gc, windows-amd64)
# Problematic frame:
# V  [jvm.dll+0x4e9533]
#
# No core dump will be written. Minidumps are not enabled by default on client versions of Windows
#
# If you would like to submit a bug report, please visit:
#   https://bugreport.java.com/bugreport/crash.jsp
#

---------------  S U M M A R Y ------------

Command Line: -Dsts.lsp.client=vscode -Dsts.log.file=/dev/null -XX:TieredStopAtLevel=1 -Dspring.config.location=file:c:\Users\rhuan\.vscode\extensions\pivotal.vscode-spring-boot-1.29.0\language-server\BOOT-INF\classes\application.properties org.springframework.ide.vscode.boot.app.BootLanguageServerBootApp

Host: Intel(R) Core(TM) i5-3570K CPU @ 3.40GHz, 4 cores, 7G,  Windows 10 , 64 bit Build 19041 (10.0.19041.1499)
Time: Mon Jan 24 14:49:48 2022 Hora oficial do Brasil elapsed time: 755 seconds (0d 0h 12m 35s)

---------------  T H R E A D  ---------------

Current thread (0x000002d4ddc13800):  JavaThread "ForkJoinPool.commonPool-worker-1" daemon [_thread_in_vm, id=12116, stack(0x000000e877600000,0x000000e877700000)]

Stack: [0x000000e877600000,0x000000e877700000],  sp=0x000000e8776fad58,  free space=1003k
Native frames: (J=compiled Java code, j=interpreted, Vv=VM code, C=native code)
V  [jvm.dll+0x4e9533]

Java frames: (J=compiled Java code, j=interpreted, Vv=VM code)
v  ~RuntimeStub::ic_miss_stub
J 5569 c1 org.eclipse.jdt.core.dom.DefaultBindingResolver.getMethodOrLambdaBinding(Lorg/eclipse/jdt/internal/compiler/lookup/MethodBinding;Lorg/eclipse/jdt/internal/compiler/lookup/MethodBinding;Lorg/eclipse/jdt/core/dom/IBinding;)Lorg/eclipse/jdt/core/dom/IMethodBinding; (131 bytes) @ 0x000002d4c55cf1cc [0x000002d4c55cf0a0+0x000000000000012c]
J 5813 c1 org.eclipse.jdt.core.dom.DefaultBindingResolver.resolveMethod(Lorg/eclipse/jdt/core/dom/MethodDeclaration;)Lorg/eclipse/jdt/core/dom/IMethodBinding; (89 bytes) @ 0x000002d4c566831c [0x000002d4c56680a0+0x000000000000027c]
J 6608 c1 org.eclipse.jdt.core.dom.MethodDeclaration.resolveBinding()Lorg/eclipse/jdt/core/dom/IMethodBinding; (12 bytes) @ 0x000002d4c57e3e8c [0x000002d4c57e3e40+0x000000000000004c]
j  org.springframework.ide.vscode.boot.java.requestmapping.WebfluxHandlerCodeLensProvider.provideCodeLens(Lorg/eclipse/lsp4j/jsonrpc/CancelChecker;Lorg/eclipse/jdt/core/dom/MethodDeclaration;Lorg/springframework/ide/vscode/commons/util/text/TextDocument;Ljava/util/List;)V+7
j  org.springframework.ide.vscode.boot.java.requestmapping.WebfluxHandlerCodeLensProvider$1.visit(Lorg/eclipse/jdt/core/dom/MethodDeclaration;)Z+17
J 4795 c1 org.eclipse.jdt.core.dom.MethodDeclaration.accept0(Lorg/eclipse/jdt/core/dom/ASTVisitor;)V (174 bytes) @ 0x000002d4c542cbb4 [0x000002d4c542cb60+0x0000000000000054]
J 4074 c1 org.eclipse.jdt.core.dom.ASTNode.acceptChildren(Lorg/eclipse/jdt/core/dom/ASTVisitor;Lorg/eclipse/jdt/core/dom/ASTNode$NodeList;)V (49 bytes) @ 0x000002d4c52b670c [0x000002d4c52b65c0+0x000000000000014c]
J 5214 c1 org.eclipse.jdt.core.dom.TypeDeclaration.accept0(Lorg/eclipse/jdt/core/dom/ASTVisitor;)V (168 bytes) @ 0x000002d4c551ccbc [0x000002d4c551c7e0+0x00000000000004dc]
J 4074 c1 org.eclipse.jdt.core.dom.ASTNode.acceptChildren(Lorg/eclipse/jdt/core/dom/ASTVisitor;Lorg/eclipse/jdt/core/dom/ASTNode$NodeList;)V (49 bytes) @ 0x000002d4c52b670c [0x000002d4c52b65c0+0x000000000000014c]
J 5055 c1 org.eclipse.jdt.core.dom.CompilationUnit.accept0(Lorg/eclipse/jdt/core/dom/ASTVisitor;)V (64 bytes) @ 0x000002d4c54b026c [0x000002d4c54b00e0+0x000000000000018c]
J 3981 c1 org.eclipse.jdt.core.dom.ASTNode.accept(Lorg/eclipse/jdt/core/dom/ASTVisitor;)V (31 bytes) @ 0x000002d4c528bc6c [0x000002d4c528bbe0+0x000000000000008c]
j  org.springframework.ide.vscode.boot.java.requestmapping.WebfluxHandlerCodeLensProvider.provideCodeLenses(Lorg/eclipse/lsp4j/jsonrpc/CancelChecker;Lorg/springframework/ide/vscode/commons/util/text/TextDocument;Lorg/eclipse/jdt/core/dom/CompilationUnit;Ljava/util/List;)V+13
j  org.springframework.ide.vscode.boot.java.handlers.BootJavaCodeLensEngine.lambda$provideCodeLenses$0(Lorg/eclipse/lsp4j/jsonrpc/CancelChecker;Lorg/springframework/ide/vscode/commons/util/text/TextDocument;Lorg/eclipse/jdt/core/dom/CompilationUnit;)Ljava/util/List;+53
j  org.springframework.ide.vscode.boot.java.handlers.BootJavaCodeLensEngine$$Lambda$603.apply(Ljava/lang/Object;)Ljava/lang/Object;+16
j  org.springframework.ide.vscode.boot.java.utils.CompilationUnitCache.withCompilationUnit(Lorg/springframework/ide/vscode/commons/java/IJavaProject;Ljava/net/URI;Ljava/util/function/Function;)Ljava/lang/Object;+113
j  org.springframework.ide.vscode.boot.java.utils.CompilationUnitCache.withCompilationUnit(Lorg/springframework/ide/vscode/commons/util/text/TextDocument;Ljava/util/function/Function;)Ljava/lang/Object;+46
j  org.springframework.ide.vscode.boot.java.handlers.BootJavaCodeLensEngine.provideCodeLenses(Lorg/eclipse/lsp4j/jsonrpc/CancelChecker;Lorg/springframework/ide/vscode/commons/util/text/TextDocument;)Ljava/util/List;+16
j  org.springframework.ide.vscode.boot.java.handlers.BootJavaCodeLensEngine.handle(Lorg/eclipse/lsp4j/jsonrpc/CancelChecker;Lorg/eclipse/lsp4j/CodeLensParams;)Ljava/util/List;+54
j  org.springframework.ide.vscode.commons.languageserver.util.SimpleTextDocumentService.lambda$codeLens$12(Lorg/springframework/ide/vscode/commons/languageserver/util/CodeLensHandler;Lorg/eclipse/lsp4j/CodeLensParams;Lorg/eclipse/lsp4j/jsonrpc/CancelChecker;)Ljava/util/List;+3
j  org.springframework.ide.vscode.commons.languageserver.util.SimpleTextDocumentService$$Lambda$602.apply(Ljava/lang/Object;)Ljava/lang/Object;+12
J 6562 c1 java.util.concurrent.CompletableFuture$UniApply.tryFire(I)Ljava/util/concurrent/CompletableFuture; java.base@11.0.8 (149 bytes) @ 0x000002d4c57c877c [0x000002d4c57c84c0+0x00000000000002bc]
j  java.util.concurrent.CompletableFuture$Completion.exec()Z+2 java.base@11.0.8
j  java.util.concurrent.ForkJoinTask.doExec()I+10 java.base@11.0.8
j  java.util.concurrent.ForkJoinPool$WorkQueue.topLevelExec(Ljava/util/concurrent/ForkJoinTask;Ljava/util/concurrent/ForkJoinPool$WorkQueue;I)V+12 java.base@11.0.8
J 6530 c1 java.util.concurrent.ForkJoinPool.scan(Ljava/util/concurrent/ForkJoinPool$WorkQueue;I)Z java.base@11.0.8 (209 bytes) @ 0x000002d4c57b7f6c [0x000002d4c57b7b20+0x000000000000044c]
j  java.util.concurrent.ForkJoinPool.runWorker(Ljava/util/concurrent/ForkJoinPool$WorkQueue;)V+25 java.base@11.0.8
j  java.util.concurrent.ForkJoinWorkerThread.run()V+24 java.base@11.0.8
v  ~StubRoutines::call_stub

siginfo: EXCEPTION_ACCESS_VIOLATION (0xc0000005), reading address 0x0000000100ca9fe8


Register to memory mapping:

RIP=0x00007ffb25b19533 jvm.dll
RAX=0x000000000000000d is an unknown value
RBX=0x000002d4ddc13800 is a thread
RCX=0x0000000100ca9db0 is an unknown value
RDX=0x000000000000000d is an unknown value
RSP=0x000000e8776fad58 is pointing into the stack for thread: 0x000002d4ddc13800
RBP=0x000000e8776fadc0 is pointing into the stack for thread: 0x000002d4ddc13800
RSI=0x000000000000000d is an unknown value
RDI=0x000000e8776fae40 is pointing into the stack for thread: 0x000002d4ddc13800
R8 =0x000000010043f830 is a pointer to class: 
org.eclipse.jdt.internal.compiler.lookup.Binding {0x000000010043f838}
R9 =0x000002d4de186f18 points into unknown readable memory: e0 2f f2 87 00 00 00 00
R10=0x000002d4ddde1460 points into unknown readable memory: 06 00 00 00 1e 00 00 00
R11={method} {0x000002d4dea605d0} 'problemId' '()I' in 'org/eclipse/jdt/internal/compiler/lookup/Binding'
R12=0x000000e8776fc2f0 is pointing into the stack for thread: 0x000002d4ddc13800
R13=0x000000010043f830 is a pointer to class: 
org.eclipse.jdt.internal.compiler.lookup.Binding {0x000000010043f838}
R14=0x0000000000000001 is an unknown value
R15=0x0000000100ca9db0 is an unknown value


Registers:
RAX=0x000000000000000d, RBX=0x000002d4ddc13800, RCX=0x0000000100ca9db0, RDX=0x000000000000000d
RSP=0x000000e8776fad58, RBP=0x000000e8776fadc0, RSI=0x000000000000000d, RDI=0x000000e8776fae40
R8 =0x000000010043f830, R9 =0x000002d4de186f18, R10=0x000002d4ddde1460, R11=0x000002d4dea605c8
R12=0x000000e8776fc2f0, R13=0x000000010043f830, R14=0x0000000000000001, R15=0x0000000100ca9db0
RIP=0x00007ffb25b19533, EFLAGS=0x0000000000010217

Top of Stack: (sp=0x000000e8776fad58)
0x000000e8776fad58:   00007ffb25b387f5 000002d4dea5f028
0x000000e8776fad68:   00007ffb2595ded5 000000e8776fad01
0x000000e8776fad78:   00007ffb25b377a9 000002d4dea5f028
0x000000e8776fad88:   000002d4ddc13800 000000e8776fae50
0x000000e8776fad98:   0000000000000000 0000000000000000
0x000000e8776fada8:   000002d4ddc13800 000000e8776fc290
0x000000e8776fadb8:   000002d4ddc13800 000002d4ddc13800
0x000000e8776fadc8:   000000e8776fc3c0 0000000000000000
0x000000e8776fadd8:   0000000100ca9db0 000000e8776fae49
0x000000e8776fade8:   00007ffb25b36b5f 000002d4de186f18
0x000000e8776fadf8:   000000e8776fc2f0 000000e8776fc290
0x000000e8776fae08:   000000e8776fae49 0000000100ca9db0
0x000000e8776fae18:   00007ffb25c00101 000002d4ddc13800
0x000000e8776fae28:   0000000000000004 000002d4ddc13800
0x000000e8776fae38:   00007ffb258f6877 000002d4dea605c8
0x000000e8776fae48:   000002d4ddc13800 000002d4dd6d4d70 

Instructions: (pc=0x00007ffb25b19533)
0x00007ffb25b19513:   0c 00 ff c3 41 3b 9e c4 00 00 00 7c d0 48 83 c4
0x00007ffb25b19523:   30 41 5e 5f 5e 5b 5d c3 cc cc cc cc cc 48 63 c2
0x00007ffb25b19533:   48 8b 84 c1 d0 01 00 00 c3 cc cc cc cc 48 89 5c
0x00007ffb25b19543:   24 08 48 89 6c 24 10 48 89 74 24 18 48 89 7c 24 


Stack slot to memory mapping:
stack at sp + 0 slots: 0x00007ffb25b387f5 jvm.dll
stack at sp + 1 slots: 0x000002d4dea5f028 is pointing into metadata
stack at sp + 2 slots: 0x00007ffb2595ded5 jvm.dll
stack at sp + 3 slots: 0x000000e8776fad01 is pointing into the stack for thread: 0x000002d4ddc13800
stack at sp + 4 slots: 0x00007ffb25b377a9 jvm.dll
stack at sp + 5 slots: 0x000002d4dea5f028 is pointing into metadata
stack at sp + 6 slots: 0x000002d4ddc13800 is a thread
stack at sp + 7 slots: 0x000000e8776fae50 is pointing into the stack for thread: 0x000002d4ddc13800


---------------  P R O C E S S  ---------------

Threads class SMR info:
_java_thread_list=0x000002d4dba67b10, length=19, elements={
0x000002d4dace0800, 0x000002d4dace5000, 0x000002d4db574800, 0x000002d4db578000,
0x000002d4db520000, 0x000002d4db525000, 0x000002d4db693000, 0x000002d4db69f800,
0x000002d4dd362800, 0x000002d4ba991000, 0x000002d4dd645800, 0x000002d4dd4c6000,
0x000002d4dd72d800, 0x000002d4dd794800, 0x000002d4dd4c9800, 0x000002d4dd4bc000,
0x000002d4ddc13800, 0x000002d4ddc13000, 0x000002d4ddc14800
}

Java Threads: ( => current thread )
  0x000002d4dace0800 JavaThread "Reference Handler" daemon [_thread_blocked, id=15396, stack(0x000000e876400000,0x000000e876500000)]
  0x000002d4dace5000 JavaThread "Finalizer" daemon [_thread_blocked, id=15236, stack(0x000000e876500000,0x000000e876600000)]
  0x000002d4db574800 JavaThread "Signal Dispatcher" daemon [_thread_blocked, id=10284, stack(0x000000e876600000,0x000000e876700000)]
  0x000002d4db578000 JavaThread "Attach Listener" daemon [_thread_blocked, id=16120, stack(0x000000e876700000,0x000000e876800000)]
  0x000002d4db520000 JavaThread "C1 CompilerThread0" daemon [_thread_blocked, id=1976, stack(0x000000e876800000,0x000000e876900000)]
  0x000002d4db525000 JavaThread "Sweeper thread" daemon [_thread_blocked, id=11180, stack(0x000000e876900000,0x000000e876a00000)]
  0x000002d4db693000 JavaThread "Service Thread" daemon [_thread_blocked, id=7176, stack(0x000000e876a00000,0x000000e876b00000)]
  0x000002d4db69f800 JavaThread "Common-Cleaner" daemon [_thread_blocked, id=5352, stack(0x000000e876c00000,0x000000e876d00000)]
  0x000002d4dd362800 JavaThread "LanguageServerApp-lifecycle" [_thread_blocked, id=15776, stack(0x000000e876f00000,0x000000e877000000)]
  0x000002d4ba991000 JavaThread "DestroyJavaVM" [_thread_blocked, id=6404, stack(0x000000e875d00000,0x000000e875e00000)]
  0x000002d4dd645800 JavaThread "pool-5-thread-1" [_thread_in_native, id=760, stack(0x000000e877100000,0x000000e877200000)]
  0x000002d4dd4c6000 JavaThread "Simple-Language-Server main thread" daemon [_thread_blocked, id=16300, stack(0x000000e877200000,0x000000e877300000)]
  0x000002d4dd72d800 JavaThread "parallel-1" daemon [_thread_blocked, id=11256, stack(0x000000e877300000,0x000000e877400000)]
  0x000002d4dd794800 JavaThread "pool-2-thread-1" [_thread_blocked, id=15844, stack(0x000000e877400000,0x000000e877500000)]
  0x000002d4dd4c9800 JavaThread "pool-4-thread-1" [_thread_blocked, id=11520, stack(0x000000e877800000,0x000000e877900000)]
  0x000002d4dd4bc000 JavaThread "Reconciler-1" [_thread_blocked, id=8136, stack(0x000000e877900000,0x000000e877a00000)]
=>0x000002d4ddc13800 JavaThread "ForkJoinPool.commonPool-worker-1" daemon [_thread_in_vm, id=12116, stack(0x000000e877600000,0x000000e877700000)]
  0x000002d4ddc13000 JavaThread "ForkJoinPool.commonPool-worker-3" daemon [_thread_blocked, id=4268, stack(0x000000e877700000,0x000000e877800000)]
  0x000002d4ddc14800 JavaThread "ForkJoinPool.commonPool-worker-5" daemon [_thread_blocked, id=5892, stack(0x000000e877a00000,0x000000e877b00000)]

Other Threads:
  0x000002d4dad0c000 VMThread "VM Thread" [stack: 0x000000e876300000,0x000000e876400000] [id=15520]
  0x000002d4db69a000 WatcherThread [stack: 0x000000e876b00000,0x000000e876c00000] [id=10356]
  0x000002d4ba9a5000 GCTaskThread "GC Thread#0" [stack: 0x000000e875e00000,0x000000e875f00000] [id=2952]
  0x000002d4dbea1800 GCTaskThread "GC Thread#1" [stack: 0x000000e876d00000,0x000000e876e00000] [id=11584]
  0x000002d4dbeb4000 GCTaskThread "GC Thread#2" [stack: 0x000000e876e00000,0x000000e876f00000] [id=9120]
  0x000002d4dbff3000 GCTaskThread "GC Thread#3" [stack: 0x000000e877000000,0x000000e877100000] [id=2932]
  0x000002d4ba9d7000 ConcurrentGCThread "G1 Main Marker" [stack: 0x000000e875f00000,0x000000e876000000] [id=2280]
  0x000002d4ba9d8000 ConcurrentGCThread "G1 Conc#0" [stack: 0x000000e876000000,0x000000e876100000] [id=5824]
  0x000002d4dab49000 ConcurrentGCThread "G1 Refine#0" [stack: 0x000000e876100000,0x000000e876200000] [id=14012]
  0x000002d4dd558000 ConcurrentGCThread "G1 Refine#1" [stack: 0x000000e877500000,0x000000e877600000] [id=3764]
  0x000002d4dab4c000 ConcurrentGCThread "G1 Young RemSet Sampling" [stack: 0x000000e876200000,0x000000e876300000] [id=9340]

Threads with active compile tasks:

VM state:not at safepoint (normal execution)

VM Mutex/Monitor currently owned by a thread: None

Heap address: 0x0000000081c00000, size: 2020 MB, Compressed Oops mode: 32-bit
Narrow klass base: 0x0000000000000000, Narrow klass shift: 3
Compressed class space size: 1073741824 Address: 0x0000000100000000

Heap:
 garbage-first heap   total 131072K, used 82578K [0x0000000081c00000, 0x0000000100000000)
  region size 1024K, 38 young (38912K), 3 survivors (3072K)
 Metaspace       used 42699K, capacity 44049K, committed 44316K, reserved 1087488K
  class space    used 5174K, capacity 5729K, committed 5760K, reserved 1048576K
Heap Regions: E=young(eden), S=young(survivor), O=old, HS=humongous(starts), HC=humongous(continues), CS=collection set, F=free, A=archive, TAMS=top-at-mark-start (previous, next)
|   0|0x0000000081c00000, 0x0000000081d00000, 0x0000000081d00000|100%| O|  |TAMS 0x0000000081d00000, 0x0000000081c00000| Untracked 
|   1|0x0000000081d00000, 0x0000000081e00000, 0x0000000081e00000|100%| O|  |TAMS 0x0000000081e00000, 0x0000000081d00000| Untracked 
|   2|0x0000000081e00000, 0x0000000081f00000, 0x0000000081f00000|100%| O|  |TAMS 0x0000000081f00000, 0x0000000081e00000| Untracked 
|   3|0x0000000081f00000, 0x0000000082000000, 0x0000000082000000|100%| O|  |TAMS 0x0000000082000000, 0x0000000081f00000| Untracked 
|   4|0x0000000082000000, 0x0000000082100000, 0x0000000082100000|100%| O|  |TAMS 0x0000000082100000, 0x0000000082000000| Untracked 
|   5|0x0000000082100000, 0x0000000082200000, 0x0000000082200000|100%|HS|  |TAMS 0x0000000082200000, 0x0000000082100000| Complete 
|   6|0x0000000082200000, 0x0000000082300000, 0x0000000082300000|100%| O|  |TAMS 0x0000000082300000, 0x0000000082200000| Untracked 
|   7|0x0000000082300000, 0x0000000082400000, 0x0000000082400000|100%| O|  |TAMS 0x0000000082400000, 0x0000000082300000| Untracked 
|   8|0x0000000082400000, 0x0000000082500000, 0x0000000082500000|100%| O|  |TAMS 0x0000000082500000, 0x0000000082400000| Untracked 
|   9|0x0000000082500000, 0x0000000082600000, 0x0000000082600000|100%| O|  |TAMS 0x0000000082600000, 0x0000000082500000| Untracked 
|  10|0x0000000082600000, 0x0000000082700000, 0x0000000082700000|100%| O|  |TAMS 0x0000000082700000, 0x0000000082600000| Untracked 
|  11|0x0000000082700000, 0x0000000082800000, 0x0000000082800000|100%| O|  |TAMS 0x0000000082800000, 0x0000000082700000| Untracked 
|  12|0x0000000082800000, 0x0000000082900000, 0x0000000082900000|100%| O|  |TAMS 0x0000000082900000, 0x0000000082800000| Untracked 
|  13|0x0000000082900000, 0x0000000082a00000, 0x0000000082a00000|100%| O|  |TAMS 0x0000000082a00000, 0x0000000082900000| Untracked 
|  14|0x0000000082a00000, 0x0000000082b00000, 0x0000000082b00000|100%| O|  |TAMS 0x0000000082b00000, 0x0000000082a00000| Untracked 
|  15|0x0000000082b00000, 0x0000000082c00000, 0x0000000082c00000|100%| O|  |TAMS 0x0000000082c00000, 0x0000000082b00000| Untracked 
|  16|0x0000000082c00000, 0x0000000082d00000, 0x0000000082d00000|100%| O|  |TAMS 0x0000000082d00000, 0x0000000082c00000| Untracked 
|  17|0x0000000082d00000, 0x0000000082e00000, 0x0000000082e00000|100%| O|  |TAMS 0x0000000082e00000, 0x0000000082d00000| Untracked 
|  18|0x0000000082e00000, 0x0000000082f00000, 0x0000000082f00000|100%| O|  |TAMS 0x0000000082f00000, 0x0000000082e00000| Untracked 
|  19|0x0000000082f00000, 0x0000000083000000, 0x0000000083000000|100%| O|  |TAMS 0x0000000083000000, 0x0000000082f00000| Untracked 
|  20|0x0000000083000000, 0x0000000083100000, 0x0000000083100000|100%| O|  |TAMS 0x0000000083100000, 0x0000000083000000| Untracked 
|  21|0x0000000083100000, 0x0000000083200000, 0x0000000083200000|100%| O|  |TAMS 0x0000000083200000, 0x0000000083100000| Untracked 
|  22|0x0000000083200000, 0x0000000083300000, 0x0000000083300000|100%| O|  |TAMS 0x0000000083300000, 0x0000000083200000| Untracked 
|  23|0x0000000083300000, 0x0000000083400000, 0x0000000083400000|100%| O|  |TAMS 0x0000000083347a00, 0x0000000083300000| Untracked 
|  24|0x0000000083400000, 0x0000000083500000, 0x0000000083500000|100%| O|  |TAMS 0x0000000083400000, 0x0000000083400000| Untracked 
|  25|0x0000000083500000, 0x0000000083600000, 0x0000000083600000|100%| O|  |TAMS 0x0000000083500000, 0x0000000083500000| Untracked 
|  26|0x0000000083600000, 0x0000000083700000, 0x0000000083700000|100%| O|  |TAMS 0x0000000083600000, 0x0000000083600000| Untracked 
|  27|0x0000000083700000, 0x0000000083800000, 0x0000000083800000|100%| O|  |TAMS 0x0000000083700000, 0x0000000083700000| Untracked 
|  28|0x0000000083800000, 0x0000000083900000, 0x0000000083900000|100%| O|  |TAMS 0x0000000083800000, 0x0000000083800000| Untracked 
|  29|0x0000000083900000, 0x0000000083a00000, 0x0000000083a00000|100%| O|  |TAMS 0x0000000083900000, 0x0000000083900000| Untracked 
|  30|0x0000000083a00000, 0x0000000083b00000, 0x0000000083b00000|100%| O|  |TAMS 0x0000000083a00000, 0x0000000083a00000| Untracked 
|  31|0x0000000083b00000, 0x0000000083c00000, 0x0000000083c00000|100%| O|  |TAMS 0x0000000083b00000, 0x0000000083b00000| Untracked 
|  32|0x0000000083c00000, 0x0000000083d00000, 0x0000000083d00000|100%| O|  |TAMS 0x0000000083c00000, 0x0000000083c00000| Untracked 
|  33|0x0000000083d00000, 0x0000000083e00000, 0x0000000083e00000|100%| O|  |TAMS 0x0000000083d00000, 0x0000000083d00000| Untracked 
|  34|0x0000000083e00000, 0x0000000083f00000, 0x0000000083f00000|100%| O|  |TAMS 0x0000000083e00000, 0x0000000083e00000| Untracked 
|  35|0x0000000083f00000, 0x0000000084000000, 0x0000000084000000|100%| O|  |TAMS 0x0000000083f00000, 0x0000000083f00000| Untracked 
|  36|0x0000000084000000, 0x0000000084100000, 0x0000000084100000|100%| O|  |TAMS 0x0000000084000000, 0x0000000084000000| Untracked 
|  37|0x0000000084100000, 0x0000000084200000, 0x0000000084200000|100%| O|  |TAMS 0x0000000084100000, 0x0000000084100000| Untracked 
|  38|0x0000000084200000, 0x0000000084300000, 0x0000000084300000|100%| O|  |TAMS 0x0000000084200000, 0x0000000084200000| Untracked 
|  39|0x0000000084300000, 0x0000000084400000, 0x0000000084400000|100%| O|  |TAMS 0x0000000084300000, 0x0000000084300000| Untracked 
|  40|0x0000000084400000, 0x0000000084500000, 0x0000000084500000|100%| O|  |TAMS 0x0000000084400000, 0x0000000084400000| Untracked 
|  41|0x0000000084500000, 0x0000000084600000, 0x0000000084600000|100%| O|  |TAMS 0x0000000084500000, 0x0000000084500000| Untracked 
|  42|0x0000000084600000, 0x0000000084700000, 0x0000000084700000|100%| O|  |TAMS 0x0000000084600000, 0x0000000084600000| Untracked 
|  43|0x0000000084700000, 0x0000000084800000, 0x0000000084800000|100%| O|  |TAMS 0x0000000084700000, 0x0000000084700000| Untracked 
|  44|0x0000000084800000, 0x0000000084837400, 0x0000000084900000| 21%| O|  |TAMS 0x0000000084800000, 0x0000000084800000| Untracked 
|  45|0x0000000084900000, 0x0000000084900000, 0x0000000084a00000|  0%| F|  |TAMS 0x0000000084900000, 0x0000000084900000| Untracked 
|  46|0x0000000084a00000, 0x0000000084a00000, 0x0000000084b00000|  0%| F|  |TAMS 0x0000000084a00000, 0x0000000084a00000| Untracked 
|  47|0x0000000084b00000, 0x0000000084b00000, 0x0000000084c00000|  0%| F|  |TAMS 0x0000000084b00000, 0x0000000084b00000| Untracked 
|  48|0x0000000084c00000, 0x0000000084c00000, 0x0000000084d00000|  0%| F|  |TAMS 0x0000000084c00000, 0x0000000084c00000| Untracked 
|  49|0x0000000084d00000, 0x0000000084d00000, 0x0000000084e00000|  0%| F|  |TAMS 0x0000000084d00000, 0x0000000084d00000| Untracked 
|  50|0x0000000084e00000, 0x0000000084e00000, 0x0000000084f00000|  0%| F|  |TAMS 0x0000000084e00000, 0x0000000084e00000| Untracked 
|  51|0x0000000084f00000, 0x0000000084f00000, 0x0000000085000000|  0%| F|  |TAMS 0x0000000084f00000, 0x0000000084f00000| Untracked 
|  52|0x0000000085000000, 0x0000000085000000, 0x0000000085100000|  0%| F|  |TAMS 0x0000000085000000, 0x0000000085000000| Untracked 
|  53|0x0000000085100000, 0x0000000085100000, 0x0000000085200000|  0%| F|  |TAMS 0x0000000085100000, 0x0000000085100000| Untracked 
|  54|0x0000000085200000, 0x0000000085200000, 0x0000000085300000|  0%| F|  |TAMS 0x0000000085200000, 0x0000000085200000| Untracked 
|  55|0x0000000085300000, 0x0000000085300000, 0x0000000085400000|  0%| F|  |TAMS 0x0000000085300000, 0x0000000085300000| Untracked 
|  56|0x0000000085400000, 0x0000000085400000, 0x0000000085500000|  0%| F|  |TAMS 0x0000000085400000, 0x0000000085400000| Untracked 
|  57|0x0000000085500000, 0x0000000085500000, 0x0000000085600000|  0%| F|  |TAMS 0x0000000085500000, 0x0000000085500000| Untracked 
|  58|0x0000000085600000, 0x0000000085600000, 0x0000000085700000|  0%| F|  |TAMS 0x0000000085600000, 0x0000000085600000| Untracked 
|  59|0x0000000085700000, 0x0000000085700000, 0x0000000085800000|  0%| F|  |TAMS 0x0000000085700000, 0x0000000085700000| Untracked 
|  60|0x0000000085800000, 0x0000000085800000, 0x0000000085900000|  0%| F|  |TAMS 0x0000000085800000, 0x0000000085800000| Untracked 
|  61|0x0000000085900000, 0x0000000085900000, 0x0000000085a00000|  0%| F|  |TAMS 0x0000000085900000, 0x0000000085900000| Untracked 
|  62|0x0000000085a00000, 0x0000000085a00000, 0x0000000085b00000|  0%| F|  |TAMS 0x0000000085a00000, 0x0000000085a00000| Untracked 
|  63|0x0000000085b00000, 0x0000000085b00000, 0x0000000085c00000|  0%| F|  |TAMS 0x0000000085b00000, 0x0000000085b00000| Untracked 
|  64|0x0000000085c00000, 0x0000000085c00000, 0x0000000085d00000|  0%| F|  |TAMS 0x0000000085c00000, 0x0000000085c00000| Untracked 
|  65|0x0000000085d00000, 0x0000000085d00000, 0x0000000085e00000|  0%| F|  |TAMS 0x0000000085d00000, 0x0000000085d00000| Untracked 
|  66|0x0000000085e00000, 0x0000000085e00000, 0x0000000085f00000|  0%| F|  |TAMS 0x0000000085e00000, 0x0000000085e00000| Untracked 
|  67|0x0000000085f00000, 0x0000000085f00000, 0x0000000086000000|  0%| F|  |TAMS 0x0000000085f00000, 0x0000000085f00000| Untracked 
|  68|0x0000000086000000, 0x0000000086000000, 0x0000000086100000|  0%| F|  |TAMS 0x0000000086000000, 0x0000000086000000| Untracked 
|  69|0x0000000086100000, 0x0000000086100000, 0x0000000086200000|  0%| F|  |TAMS 0x0000000086100000, 0x0000000086100000| Untracked 
|  70|0x0000000086200000, 0x0000000086200000, 0x0000000086300000|  0%| F|  |TAMS 0x0000000086200000, 0x0000000086200000| Untracked 
|  71|0x0000000086300000, 0x0000000086300000, 0x0000000086400000|  0%| F|  |TAMS 0x0000000086300000, 0x0000000086300000| Untracked 
|  72|0x0000000086400000, 0x0000000086400000, 0x0000000086500000|  0%| F|  |TAMS 0x0000000086400000, 0x0000000086400000| Untracked 
|  73|0x0000000086500000, 0x0000000086500000, 0x0000000086600000|  0%| F|  |TAMS 0x0000000086500000, 0x0000000086500000| Untracked 
|  74|0x0000000086600000, 0x0000000086600000, 0x0000000086700000|  0%| F|  |TAMS 0x0000000086600000, 0x0000000086600000| Untracked 
|  75|0x0000000086700000, 0x0000000086700000, 0x0000000086800000|  0%| F|  |TAMS 0x0000000086700000, 0x0000000086700000| Untracked 
|  76|0x0000000086800000, 0x0000000086800000, 0x0000000086900000|  0%| F|  |TAMS 0x0000000086800000, 0x0000000086800000| Untracked 
|  77|0x0000000086900000, 0x0000000086900000, 0x0000000086a00000|  0%| F|  |TAMS 0x0000000086900000, 0x0000000086900000| Untracked 
|  78|0x0000000086a00000, 0x0000000086a00000, 0x0000000086b00000|  0%| F|  |TAMS 0x0000000086a00000, 0x0000000086a00000| Untracked 
|  79|0x0000000086b00000, 0x0000000086b00000, 0x0000000086c00000|  0%| F|  |TAMS 0x0000000086b00000, 0x0000000086b00000| Untracked 
|  80|0x0000000086c00000, 0x0000000086c00000, 0x0000000086d00000|  0%| F|  |TAMS 0x0000000086c00000, 0x0000000086c00000| Untracked 
|  81|0x0000000086d00000, 0x0000000086d00000, 0x0000000086e00000|  0%| F|  |TAMS 0x0000000086d00000, 0x0000000086d00000| Untracked 
|  82|0x0000000086e00000, 0x0000000086e6d5f0, 0x0000000086f00000| 42%| S|CS|TAMS 0x0000000086e00000, 0x0000000086e00000| Complete 
|  83|0x0000000086f00000, 0x0000000087000000, 0x0000000087000000|100%| S|CS|TAMS 0x0000000086f00000, 0x0000000086f00000| Complete 
|  84|0x0000000087000000, 0x0000000087100000, 0x0000000087100000|100%| S|CS|TAMS 0x0000000087000000, 0x0000000087000000| Complete 
|  85|0x0000000087100000, 0x0000000087100000, 0x0000000087200000|  0%| F|  |TAMS 0x0000000087100000, 0x0000000087100000| Untracked 
|  86|0x0000000087200000, 0x0000000087200000, 0x0000000087300000|  0%| F|  |TAMS 0x0000000087200000, 0x0000000087200000| Untracked 
|  87|0x0000000087300000, 0x0000000087300000, 0x0000000087400000|  0%| F|  |TAMS 0x0000000087300000, 0x0000000087300000| Untracked 
|  88|0x0000000087400000, 0x0000000087400000, 0x0000000087500000|  0%| F|  |TAMS 0x0000000087400000, 0x0000000087400000| Untracked 
|  89|0x0000000087500000, 0x0000000087500000, 0x0000000087600000|  0%| F|  |TAMS 0x0000000087500000, 0x0000000087500000| Untracked 
|  90|0x0000000087600000, 0x0000000087600000, 0x0000000087700000|  0%| F|  |TAMS 0x0000000087600000, 0x0000000087600000| Untracked 
|  91|0x0000000087700000, 0x0000000087700000, 0x0000000087800000|  0%| F|  |TAMS 0x0000000087700000, 0x0000000087700000| Untracked 
|  92|0x0000000087800000, 0x0000000087800000, 0x0000000087900000|  0%| F|  |TAMS 0x0000000087800000, 0x0000000087800000| Untracked 
|  93|0x0000000087900000, 0x00000000879fddd0, 0x0000000087a00000| 99%| E|  |TAMS 0x0000000087900000, 0x0000000087900000| Complete 
|  94|0x0000000087a00000, 0x0000000087b00000, 0x0000000087b00000|100%| E|CS|TAMS 0x0000000087a00000, 0x0000000087a00000| Complete 
|  95|0x0000000087b00000, 0x0000000087c00000, 0x0000000087c00000|100%| E|CS|TAMS 0x0000000087b00000, 0x0000000087b00000| Complete 
|  96|0x0000000087c00000, 0x0000000087d00000, 0x0000000087d00000|100%| E|CS|TAMS 0x0000000087c00000, 0x0000000087c00000| Complete 
|  97|0x0000000087d00000, 0x0000000087e00000, 0x0000000087e00000|100%| E|CS|TAMS 0x0000000087d00000, 0x0000000087d00000| Complete 
|  98|0x0000000087e00000, 0x0000000087f00000, 0x0000000087f00000|100%| E|CS|TAMS 0x0000000087e00000, 0x0000000087e00000| Complete 
|  99|0x0000000087f00000, 0x0000000088000000, 0x0000000088000000|100%| E|CS|TAMS 0x0000000087f00000, 0x0000000087f00000| Complete 
| 100|0x0000000088000000, 0x0000000088100000, 0x0000000088100000|100%| E|CS|TAMS 0x0000000088000000, 0x0000000088000000| Complete 
| 101|0x0000000088100000, 0x0000000088200000, 0x0000000088200000|100%| E|CS|TAMS 0x0000000088100000, 0x0000000088100000| Complete 
| 102|0x0000000088200000, 0x0000000088300000, 0x0000000088300000|100%| E|CS|TAMS 0x0000000088200000, 0x0000000088200000| Complete 
| 103|0x0000000088300000, 0x0000000088400000, 0x0000000088400000|100%| E|CS|TAMS 0x0000000088300000, 0x0000000088300000| Complete 
| 104|0x0000000088400000, 0x0000000088500000, 0x0000000088500000|100%| E|CS|TAMS 0x0000000088400000, 0x0000000088400000| Complete 
| 105|0x0000000088500000, 0x0000000088600000, 0x0000000088600000|100%| E|CS|TAMS 0x0000000088500000, 0x0000000088500000| Complete 
| 106|0x0000000088600000, 0x0000000088700000, 0x0000000088700000|100%| E|CS|TAMS 0x0000000088600000, 0x0000000088600000| Complete 
| 107|0x0000000088700000, 0x0000000088800000, 0x0000000088800000|100%| E|CS|TAMS 0x0000000088700000, 0x0000000088700000| Complete 
| 108|0x0000000088800000, 0x0000000088900000, 0x0000000088900000|100%| E|CS|TAMS 0x0000000088800000, 0x0000000088800000| Complete 
| 109|0x0000000088900000, 0x0000000088a00000, 0x0000000088a00000|100%| E|CS|TAMS 0x0000000088900000, 0x0000000088900000| Complete 
| 110|0x0000000088a00000, 0x0000000088b00000, 0x0000000088b00000|100%| E|CS|TAMS 0x0000000088a00000, 0x0000000088a00000| Complete 
| 111|0x0000000088b00000, 0x0000000088c00000, 0x0000000088c00000|100%| E|CS|TAMS 0x0000000088b00000, 0x0000000088b00000| Complete 
| 112|0x0000000088c00000, 0x0000000088d00000, 0x0000000088d00000|100%| E|CS|TAMS 0x0000000088c00000, 0x0000000088c00000| Complete 
| 113|0x0000000088d00000, 0x0000000088e00000, 0x0000000088e00000|100%| E|CS|TAMS 0x0000000088d00000, 0x0000000088d00000| Complete 
| 114|0x0000000088e00000, 0x0000000088f00000, 0x0000000088f00000|100%| E|CS|TAMS 0x0000000088e00000, 0x0000000088e00000| Complete 
| 115|0x0000000088f00000, 0x0000000089000000, 0x0000000089000000|100%| E|CS|TAMS 0x0000000088f00000, 0x0000000088f00000| Complete 
| 116|0x0000000089000000, 0x0000000089100000, 0x0000000089100000|100%| E|CS|TAMS 0x0000000089000000, 0x0000000089000000| Complete 
| 117|0x0000000089100000, 0x0000000089200000, 0x0000000089200000|100%| E|CS|TAMS 0x0000000089100000, 0x0000000089100000| Complete 
| 118|0x0000000089200000, 0x0000000089300000, 0x0000000089300000|100%| E|CS|TAMS 0x0000000089200000, 0x0000000089200000| Complete 
| 119|0x0000000089300000, 0x0000000089400000, 0x0000000089400000|100%| E|CS|TAMS 0x0000000089300000, 0x0000000089300000| Complete 
| 120|0x0000000089400000, 0x0000000089500000, 0x0000000089500000|100%| E|CS|TAMS 0x0000000089400000, 0x0000000089400000| Complete 
| 121|0x0000000089500000, 0x0000000089600000, 0x0000000089600000|100%| E|CS|TAMS 0x0000000089500000, 0x0000000089500000| Complete 
| 122|0x0000000089600000, 0x0000000089700000, 0x0000000089700000|100%| E|CS|TAMS 0x0000000089600000, 0x0000000089600000| Complete 
| 123|0x0000000089700000, 0x0000000089800000, 0x0000000089800000|100%| E|CS|TAMS 0x0000000089700000, 0x0000000089700000| Complete 
| 124|0x0000000089800000, 0x0000000089900000, 0x0000000089900000|100%| E|CS|TAMS 0x0000000089800000, 0x0000000089800000| Complete 
| 125|0x0000000089900000, 0x0000000089a00000, 0x0000000089a00000|100%| E|CS|TAMS 0x0000000089900000, 0x0000000089900000| Complete 
| 126|0x0000000089a00000, 0x0000000089b00000, 0x0000000089b00000|100%| E|CS|TAMS 0x0000000089a00000, 0x0000000089a00000| Complete 
| 127|0x0000000089b00000, 0x0000000089c00000, 0x0000000089c00000|100%| E|CS|TAMS 0x0000000089b00000, 0x0000000089b00000| Complete 

Card table byte_map: [0x000002d4d3f60000,0x000002d4d4360000] _byte_map_base: 0x000002d4d3b52000

Marking Bits (Prev, Next): (CMBitMap*) 0x000002d4ba9ce698, (CMBitMap*) 0x000002d4ba9ce6d0
 Prev Bits: [0x000002d4d4760000, 0x000002d4d66f0000)
 Next Bits: [0x000002d4d66f0000, 0x000002d4d8680000)

Polling page: 0x000002d4c4510000

Metaspace:

Usage:
  Non-class:     37.42 MB capacity,    36.65 MB ( 98%) used,   645.25 KB (  2%) free+waste,   149.69 KB ( <1%) overhead. 
      Class:      5.59 MB capacity,     5.05 MB ( 90%) used,   481.14 KB (  8%) free+waste,    73.25 KB (  1%) overhead. 
       Both:     43.02 MB capacity,    41.70 MB ( 97%) used,     1.10 MB (  3%) free+waste,   222.94 KB ( <1%) overhead. 

Virtual space:
  Non-class space:       38.00 MB reserved,      37.65 MB (>99%) committed 
      Class space:        1.00 GB reserved,       5.63 MB ( <1%) committed 
             Both:        1.04 GB reserved,      43.28 MB (  4%) committed 

Chunk freelists:
   Non-Class:  0 bytes
       Class:  0 bytes
        Both:  0 bytes

CodeHeap 'non-profiled nmethods': size=238912Kb used=12452Kb max_used=12452Kb free=226459Kb
 bounds [0x000002d4c4be0000, 0x000002d4c5810000, 0x000002d4d3530000]
CodeHeap 'non-nmethods': size=6848Kb used=1204Kb max_used=1204Kb free=5643Kb
 bounds [0x000002d4c4530000, 0x000002d4c47a0000, 0x000002d4c4be0000]
 total_blobs=7169 nmethods=6616 adapters=478
 compilation: enabled
              stopped_count=0, restarted_count=0
 full_count=0

Compilation events (10 events):
Event: 755.514 Thread 0x000002d4db520000 6648       1       java.net.URI::normalizedHash (84 bytes)
Event: 755.514 Thread 0x000002d4db520000 nmethod 6648 0x000002d4c5803210 code [0x000002d4c5803400, 0x000002d4c58038a0]
Event: 755.514 Thread 0x000002d4db520000 6649       1       com.google.common.cache.LocalCache::expiresAfterWrite (15 bytes)
Event: 755.515 Thread 0x000002d4db520000 nmethod 6649 0x000002d4c5803c10 code [0x000002d4c5803da0, 0x000002d4c5803ed8]
Event: 755.523 Thread 0x000002d4db520000 6650       1       org.eclipse.jdt.core.dom.MethodBinding::toString (8 bytes)
Event: 755.523 Thread 0x000002d4db520000 nmethod 6650 0x000002d4c5803f90 code [0x000002d4c5804140, 0x000002d4c5804290]
Event: 755.523 Thread 0x000002d4db520000 6651       1       org.eclipse.jdt.internal.compiler.lookup.MethodBinding::toString (305 bytes)
Event: 755.525 Thread 0x000002d4db520000 nmethod 6651 0x000002d4c5804390 code [0x000002d4c58046c0, 0x000002d4c58064e0]
Event: 755.525 Thread 0x000002d4db520000 6652       1       org.eclipse.jdt.internal.compiler.ast.ASTNode::printModifiers (197 bytes)
Event: 755.526 Thread 0x000002d4db520000 nmethod 6652 0x000002d4c5806d10 code [0x000002d4c5806fe0, 0x000002d4c5808af0]

GC Heap History (10 events):
Event: 29.396 GC heap before
{Heap before GC invocations=12 (full 0):
 garbage-first heap   total 131072K, used 76961K [0x0000000081c00000, 0x0000000100000000)
  region size 1024K, 48 young (49152K), 5 survivors (5120K)
 Metaspace       used 40971K, capacity 42157K, committed 42268K, reserved 1085440K
  class space    used 4940K, capacity 5448K, committed 5504K, reserved 1048576K
}
Event: 29.405 GC heap after
{Heap after GC invocations=13 (full 0):
 garbage-first heap   total 131072K, used 40237K [0x0000000081c00000, 0x0000000100000000)
  region size 1024K, 6 young (6144K), 6 survivors (6144K)
 Metaspace       used 40971K, capacity 42157K, committed 42268K, reserved 1085440K
  class space    used 4940K, capacity 5448K, committed 5504K, reserved 1048576K
}
Event: 41.452 GC heap before
{Heap before GC invocations=13 (full 0):
 garbage-first heap   total 131072K, used 83245K [0x0000000081c00000, 0x0000000100000000)
  region size 1024K, 48 young (49152K), 6 survivors (6144K)
 Metaspace       used 42027K, capacity 43321K, committed 43420K, reserved 1087488K
  class space    used 5074K, capacity 5624K, committed 5632K, reserved 1048576K
}
Event: 41.461 GC heap after
{Heap after GC invocations=14 (full 0):
 garbage-first heap   total 131072K, used 45898K [0x0000000081c00000, 0x0000000100000000)
  region size 1024K, 6 young (6144K), 6 survivors (6144K)
 Metaspace       used 42027K, capacity 43321K, committed 43420K, reserved 1087488K
  class space    used 5074K, capacity 5624K, committed 5632K, reserved 1048576K
}
Event: 311.484 GC heap before
{Heap before GC invocations=14 (full 0):
 garbage-first heap   total 131072K, used 86858K [0x0000000081c00000, 0x0000000100000000)
  region size 1024K, 47 young (48128K), 6 survivors (6144K)
 Metaspace       used 42309K, capacity 43648K, committed 43804K, reserved 1087488K
  class space    used 5122K, capacity 5668K, committed 5760K, reserved 1048576K
}
Event: 311.490 GC heap after
{Heap after GC invocations=15 (full 0):
 garbage-first heap   total 131072K, used 48184K [0x0000000081c00000, 0x0000000100000000)
  region size 1024K, 4 young (4096K), 4 survivors (4096K)
 Metaspace       used 42309K, capacity 43648K, committed 43804K, reserved 1087488K
  class space    used 5122K, capacity 5668K, committed 5760K, reserved 1048576K
}
Event: 447.034 GC heap before
{Heap before GC invocations=15 (full 0):
 garbage-first heap   total 131072K, used 91192K [0x0000000081c00000, 0x0000000100000000)
  region size 1024K, 46 young (47104K), 4 survivors (4096K)
 Metaspace       used 42557K, capacity 43947K, committed 44060K, reserved 1087488K
  class space    used 5146K, capacity 5716K, committed 5760K, reserved 1048576K
}
Event: 447.038 GC heap after
{Heap after GC invocations=16 (full 0):
 garbage-first heap   total 131072K, used 49692K [0x0000000081c00000, 0x0000000100000000)
  region size 1024K, 5 young (5120K), 5 survivors (5120K)
 Metaspace       used 42557K, capacity 43947K, committed 44060K, reserved 1087488K
  class space    used 5146K, capacity 5716K, committed 5760K, reserved 1048576K
}
Event: 704.011 GC heap before
{Heap before GC invocations=16 (full 0):
 garbage-first heap   total 131072K, used 93724K [0x0000000081c00000, 0x0000000100000000)
  region size 1024K, 48 young (49152K), 5 survivors (5120K)
 Metaspace       used 42692K, capacity 44049K, committed 44316K, reserved 1087488K
  class space    used 5172K, capacity 5729K, committed 5760K, reserved 1048576K
}
Event: 704.014 GC heap after
{Heap after GC invocations=17 (full 0):
 garbage-first heap   total 131072K, used 47762K [0x0000000081c00000, 0x0000000100000000)
  region size 1024K, 3 young (3072K), 3 survivors (3072K)
 Metaspace       used 42692K, capacity 44049K, committed 44316K, reserved 1087488K
  class space    used 5172K, capacity 5729K, committed 5760K, reserved 1048576K
}

Deoptimization events (0 events):
No events

Classes redefined (0 events):
No events

Internal exceptions (10 events):
Event: 685.749 Thread 0x000002d4ddc13800 Exception <a 'java/lang/ArrayIndexOutOfBoundsException'{0x00000000882ae808}> (0x00000000882ae808) thrown at [./open/src/hotspot/share/runtime/sharedRuntime.cpp, line 584]
Event: 697.811 Thread 0x000002d4dd4bc000 Exception <a 'java/lang/ArrayIndexOutOfBoundsException'{0x00000000881f2e78}> (0x00000000881f2e78) thrown at [./open/src/hotspot/share/runtime/sharedRuntime.cpp, line 584]
Event: 702.365 Thread 0x000002d4dd4bc000 Exception <a 'java/lang/ArrayIndexOutOfBoundsException'{0x0000000087d94c58}> (0x0000000087d94c58) thrown at [./open/src/hotspot/share/runtime/sharedRuntime.cpp, line 584]
Event: 702.529 Thread 0x000002d4ddc13800 Exception <a 'java/lang/NoSuchMethodError'{0x0000000087919d30}: java.lang.invoke.DirectMethodHandle$Holder.invokeSpecial(Ljava/lang/Object;Ljava/lang/Object;ILjava/lang/Object;Ljava/lang/Object;)Ljava/lang/Object;> (0x0000000087919d30) thrown at [./open/s
Event: 703.987 Thread 0x000002d4dd794800 Exception <a 'java/lang/ArrayIndexOutOfBoundsException'{0x00000000879cc668}> (0x00000000879cc668) thrown at [./open/src/hotspot/share/runtime/sharedRuntime.cpp, line 584]
Event: 704.230 Thread 0x000002d4dd794800 Exception <a 'java/lang/ArrayIndexOutOfBoundsException'{0x000000008966cfa0}> (0x000000008966cfa0) thrown at [./open/src/hotspot/share/runtime/sharedRuntime.cpp, line 584]
Event: 704.231 Thread 0x000002d4dd794800 Exception <a 'java/lang/ArrayIndexOutOfBoundsException'{0x0000000089680d98}> (0x0000000089680d98) thrown at [./open/src/hotspot/share/runtime/sharedRuntime.cpp, line 584]
Event: 704.233 Thread 0x000002d4dd794800 Exception <a 'java/lang/ArrayIndexOutOfBoundsException'{0x0000000089695a08}> (0x0000000089695a08) thrown at [./open/src/hotspot/share/runtime/sharedRuntime.cpp, line 584]
Event: 704.237 Thread 0x000002d4dd794800 Exception <a 'java/lang/ArrayIndexOutOfBoundsException'{0x00000000896ac0f8}> (0x00000000896ac0f8) thrown at [./open/src/hotspot/share/runtime/sharedRuntime.cpp, line 584]
Event: 755.102 Thread 0x000002d4dd4bc000 Exception <a 'java/lang/ArrayIndexOutOfBoundsException'{0x00000000880c32f0}> (0x00000000880c32f0) thrown at [./open/src/hotspot/share/runtime/sharedRuntime.cpp, line 584]

Events (10 events):
Event: 702.534 loading class org/eclipse/lsp4j/InsertTextFormat done
Event: 703.863 Executing VM operation: RevokeBias
Event: 703.863 Executing VM operation: RevokeBias done
Event: 704.011 Executing VM operation: G1CollectForAllocation
Event: 704.014 Executing VM operation: G1CollectForAllocation done
Event: 755.099 Thread 0x000002d4ddc14800 Thread added: 0x000002d4ddc14800
Event: 755.268 Executing VM operation: RevokeBias
Event: 755.268 Executing VM operation: RevokeBias done
Event: 755.514 Executing VM operation: RevokeBias
Event: 755.514 Executing VM operation: RevokeBias done


Dynamic libraries:
0x00007ff7108a0000 - 0x00007ff7108af000 	C:\Program Files\Java\jdk-11.0.8\bin\java.exe
0x00007ffb9aa90000 - 0x00007ffb9ac85000 	C:\WINDOWS\SYSTEM32\ntdll.dll
0x00007ffb98b40000 - 0x00007ffb98bfe000 	C:\WINDOWS\System32\KERNEL32.DLL
0x00007ffb98250000 - 0x00007ffb98518000 	C:\WINDOWS\System32\KERNELBASE.dll
0x00007ffb98700000 - 0x00007ffb98800000 	C:\WINDOWS\System32\ucrtbase.dll
0x00007ffb74390000 - 0x00007ffb743a8000 	C:\Program Files\Java\jdk-11.0.8\bin\jli.dll
0x00007ffb98d30000 - 0x00007ffb98dde000 	C:\WINDOWS\System32\ADVAPI32.dll
0x00007ffb99470000 - 0x00007ffb9950e000 	C:\WINDOWS\System32\msvcrt.dll
0x00007ffb98f70000 - 0x00007ffb9900c000 	C:\WINDOWS\System32\sechost.dll
0x00007ffb98c00000 - 0x00007ffb98d25000 	C:\WINDOWS\System32\RPCRT4.dll
0x00007ffb9a140000 - 0x00007ffb9a2e0000 	C:\WINDOWS\System32\USER32.dll
0x00007ffb98520000 - 0x00007ffb98542000 	C:\WINDOWS\System32\win32u.dll
0x00007ffb99010000 - 0x00007ffb9903b000 	C:\WINDOWS\System32\GDI32.dll
0x00007ffb988d0000 - 0x00007ffb989dd000 	C:\WINDOWS\System32\gdi32full.dll
0x00007ffb98830000 - 0x00007ffb988cd000 	C:\WINDOWS\System32\msvcp_win.dll
0x00007ffb6f450000 - 0x00007ffb6f465000 	C:\Program Files\Java\jdk-11.0.8\bin\VCRUNTIME140.dll
0x00007ffb87450000 - 0x00007ffb876ea000 	C:\WINDOWS\WinSxS\amd64_microsoft.windows.common-controls_6595b64144ccf1df_6.0.19041.1110_none_60b5254171f9507e\COMCTL32.dll
0x00007ffb8f750000 - 0x00007ffb8f75a000 	C:\WINDOWS\SYSTEM32\VERSION.dll
0x00007ffb98f40000 - 0x00007ffb98f70000 	C:\WINDOWS\System32\IMM32.DLL
0x00007ffb74a30000 - 0x00007ffb74b45000 	C:\Program Files\Topaz OFD\Warsaw\wslbscr64.dll
0x00007ffb9a2e0000 - 0x00007ffb9aa24000 	C:\WINDOWS\System32\SHELL32.dll
0x00007ffb96e30000 - 0x00007ffb96e63000 	C:\WINDOWS\SYSTEM32\ntmarta.dll
0x00007ffb74930000 - 0x00007ffb74a23000 	C:\Program Files\Topaz OFD\Warsaw\wslbscrwh64.dll
0x00007ffb45860000 - 0x00007ffb458fb000 	C:\Program Files\Java\jdk-11.0.8\bin\msvcp140.dll
0x00007ffb25630000 - 0x00007ffb26116000 	C:\Program Files\Java\jdk-11.0.8\bin\server\jvm.dll
0x00007ffb99fb0000 - 0x00007ffb99fb8000 	C:\WINDOWS\System32\PSAPI.DLL
0x00007ffb81e70000 - 0x00007ffb81e79000 	C:\WINDOWS\SYSTEM32\WSOCK32.dll
0x00007ffb9a0d0000 - 0x00007ffb9a13b000 	C:\WINDOWS\System32\WS2_32.dll
0x00007ffb87270000 - 0x00007ffb87297000 	C:\WINDOWS\SYSTEM32\WINMM.dll
0x00007ffb96050000 - 0x00007ffb96062000 	C:\WINDOWS\SYSTEM32\kernel.appcore.dll
0x00007ffb82670000 - 0x00007ffb82680000 	C:\Program Files\Java\jdk-11.0.8\bin\verify.dll
0x00007ffb84b80000 - 0x00007ffb84d64000 	C:\WINDOWS\SYSTEM32\DBGHELP.DLL
0x00007ffb83cc0000 - 0x00007ffb83cec000 	C:\WINDOWS\SYSTEM32\dbgcore.DLL
0x00007ffb989e0000 - 0x00007ffb98a62000 	C:\WINDOWS\System32\bcryptPrimitives.dll
0x00007ffb6f420000 - 0x00007ffb6f448000 	C:\Program Files\Java\jdk-11.0.8\bin\java.dll
0x00007ffb75b20000 - 0x00007ffb75b2a000 	C:\Program Files\Java\jdk-11.0.8\bin\jimage.dll
0x00007ffb6f3e0000 - 0x00007ffb6f3f6000 	C:\Program Files\Java\jdk-11.0.8\bin\zip.dll
0x00007ffb96250000 - 0x00007ffb969e4000 	C:\WINDOWS\SYSTEM32\windows.storage.dll
0x00007ffb99650000 - 0x00007ffb999a5000 	C:\WINDOWS\System32\combase.dll
0x00007ffb97a40000 - 0x00007ffb97a6e000 	C:\WINDOWS\SYSTEM32\Wldp.dll
0x00007ffb99510000 - 0x00007ffb995bd000 	C:\WINDOWS\System32\SHCORE.dll
0x00007ffb99250000 - 0x00007ffb992a5000 	C:\WINDOWS\System32\shlwapi.dll
0x00007ffb980e0000 - 0x00007ffb980ff000 	C:\WINDOWS\SYSTEM32\profapi.dll
0x00007ffb6a200000 - 0x00007ffb6a219000 	C:\Program Files\Java\jdk-11.0.8\bin\net.dll
0x00007ffb90dd0000 - 0x00007ffb90edc000 	C:\WINDOWS\SYSTEM32\WINHTTP.dll
0x00007ffb97820000 - 0x00007ffb9788a000 	C:\WINDOWS\system32\mswsock.dll
0x00007ffb69060000 - 0x00007ffb69072000 	C:\Program Files\Java\jdk-11.0.8\bin\nio.dll
0x00007ffb75730000 - 0x00007ffb75739000 	C:\Program Files\Java\jdk-11.0.8\bin\management.dll
0x00007ffb75680000 - 0x00007ffb7568b000 	C:\Program Files\Java\jdk-11.0.8\bin\management_ext.dll
0x00007ffb76b90000 - 0x00007ffb76ba7000 	C:\WINDOWS\system32\napinsp.dll
0x00007ffb76b70000 - 0x00007ffb76b8b000 	C:\WINDOWS\system32\pnrpnsp.dll
0x00007ffb76b50000 - 0x00007ffb76b65000 	C:\WINDOWS\system32\wshbth.dll
0x00007ffb93b60000 - 0x00007ffb93b7d000 	C:\WINDOWS\system32\NLAapi.dll
0x00007ffb97530000 - 0x00007ffb9756b000 	C:\WINDOWS\SYSTEM32\IPHLPAPI.DLL
0x00007ffb97570000 - 0x00007ffb9763b000 	C:\WINDOWS\SYSTEM32\DNSAPI.dll
0x00007ffb99040000 - 0x00007ffb99048000 	C:\WINDOWS\System32\NSI.dll
0x00007ffb76b30000 - 0x00007ffb76b42000 	C:\WINDOWS\System32\winrnr.dll
0x00007ffb89d90000 - 0x00007ffb89d9a000 	C:\Windows\System32\rasadhlp.dll
0x00007ffb90960000 - 0x00007ffb909df000 	C:\WINDOWS\System32\fwpuclnt.dll
0x00007ffb98800000 - 0x00007ffb98827000 	C:\WINDOWS\System32\bcrypt.dll
0x00007ffb97d80000 - 0x00007ffb97d98000 	C:\WINDOWS\SYSTEM32\CRYPTSP.dll
0x00007ffb971c0000 - 0x00007ffb971f4000 	C:\WINDOWS\system32\rsaenh.dll
0x00007ffb980a0000 - 0x00007ffb980ce000 	C:\WINDOWS\SYSTEM32\USERENV.dll
0x00007ffb979b0000 - 0x00007ffb979bc000 	C:\WINDOWS\SYSTEM32\CRYPTBASE.dll
0x00007ffb91a50000 - 0x00007ffb91a67000 	C:\WINDOWS\SYSTEM32\dhcpcsvc6.DLL
0x00007ffb91a30000 - 0x00007ffb91a4d000 	C:\WINDOWS\SYSTEM32\dhcpcsvc.DLL

dbghelp: loaded successfully - version: 4.0.5 - missing functions: none
symbol engine: initialized successfully - sym options: 0x614 - pdb path: .;C:\Program Files\Java\jdk-11.0.8\bin;C:\WINDOWS\SYSTEM32;C:\WINDOWS\WinSxS\amd64_microsoft.windows.common-controls_6595b64144ccf1df_6.0.19041.1110_none_60b5254171f9507e;C:\Program Files\Topaz OFD\Warsaw;C:\Program Files\Java\jdk-11.0.8\bin\server

VM Arguments:
jvm_args: -Dsts.lsp.client=vscode -Dsts.log.file=/dev/null -XX:TieredStopAtLevel=1 -Dspring.config.location=file:c:\Users\rhuan\.vscode\extensions\pivotal.vscode-spring-boot-1.29.0\language-server\BOOT-INF\classes\application.properties 
java_command: org.springframework.ide.vscode.boot.app.BootLanguageServerBootApp
java_class_path (initial): c:\Users\rhuan\.vscode\extensions\pivotal.vscode-spring-boot-1.29.0\language-server\BOOT-INF\classes;c:\Users\rhuan\.vscode\extensions\pivotal.vscode-spring-boot-1.29.0\language-server\BOOT-INF\lib\antlr4-runtime-4.5.3.jar;c:\Users\rhuan\.vscode\extensions\pivotal.vscode-spring-boot-1.29.0\language-server\BOOT-INF\lib\byte-buddy-1.10.18.jar;c:\Users\rhuan\.vscode\extensions\pivotal.vscode-spring-boot-1.29.0\language-server\BOOT-INF\lib\commons-codec-1.14.jar;c:\Users\rhuan\.vscode\extensions\pivotal.vscode-spring-boot-1.29.0\language-server\BOOT-INF\lib\commons-io-2.4.jar;c:\Users\rhuan\.vscode\extensions\pivotal.vscode-spring-boot-1.29.0\language-server\BOOT-INF\lib\commons-java-1.29.0-SNAPSHOT.jar;c:\Users\rhuan\.vscode\extensions\pivotal.vscode-spring-boot-1.29.0\language-server\BOOT-INF\lib\commons-lang3-3.10.jar;c:\Users\rhuan\.vscode\extensions\pivotal.vscode-spring-boot-1.29.0\language-server\BOOT-INF\lib\commons-language-server-1.29.0-SNAPSHOT.jar;c:\Users\rhuan\.vscode\extensions\pivotal.vscode-spring-boot-1.29.0\language-server\BOOT-INF\lib\commons-lsp-extensions-1.29.0-SNAPSHOT.jar;c:\Users\rhuan\.vscode\extensions\pivotal.vscode-spring-boot-1.29.0\language-server\BOOT-INF\lib\commons-util-1.29.0-SNAPSHOT.jar;c:\Users\rhuan\.vscode\extensions\pivotal.vscode-spring-boot-1.29.0\language-server\BOOT-INF\lib\commons-yaml-1.29.0-SNAPSHOT.jar;c:\Users\rhuan\.vscode\extensions\pivotal.vscode-spring-boot-1.29.0\language-server\BOOT-INF\lib\gson-2.8.6.jar;c:\Users\rhuan\.vscode\extensions\pivotal.vscode-spring-boot-1.29.0\language-server\BOOT-INF\lib\guava-19.0.jar;c:\Users\rhuan\.vscode\extensions\pivotal.vscode-spring-boot-1.29.0\language-server\BOOT-INF\lib\jakarta.annotation-api-1.3.5.jar;c:\Users\rhuan\.vscode\extensions\pivotal.vscode-spring-boot-1.29.0\language-server\BOOT-INF\lib\jandex-2.0.5.Final.jar;c:\Users\rhuan\.vscode\extensions\pivotal.vscode-spring-boot-1.29.0\language-server\BOOT-INF\lib\java-properties-1.29.0-SNAPSHO
Launcher Type: SUN_STANDARD

[Global flags]
     intx CICompilerCount                          = 3                                         {product} {ergonomic}
     uint ConcGCThreads                            = 1                                         {product} {ergonomic}
     uint G1ConcRefinementThreads                  = 4                                         {product} {ergonomic}
   size_t G1HeapRegionSize                         = 1048576                                   {product} {ergonomic}
    uintx GCDrainStackTargetSize                   = 64                                        {product} {ergonomic}
   size_t InitialHeapSize                          = 134217728                                 {product} {ergonomic}
   size_t MarkStackSize                            = 4194304                                   {product} {ergonomic}
   size_t MaxHeapSize                              = 2118123520                                {product} {ergonomic}
   size_t MaxNewSize                               = 1270874112                                {product} {ergonomic}
   size_t MinHeapDeltaBytes                        = 1048576                                   {product} {ergonomic}
    uintx NonNMethodCodeHeapSize                   = 6973028                                {pd product} {ergonomic}
    uintx NonProfiledCodeHeapSize                  = 244685212                              {pd product} {ergonomic}
    uintx ProfiledCodeHeapSize                     = 0                                      {pd product} {ergonomic}
    uintx ReservedCodeCacheSize                    = 251658240                              {pd product} {ergonomic}
     bool SegmentedCodeCache                       = true                                      {product} {ergonomic}
     intx TieredStopAtLevel                        = 1                                         {product} {command line}
     bool UseCompressedClassPointers               = true                                 {lp64_product} {ergonomic}
     bool UseCompressedOops                        = true                                 {lp64_product} {ergonomic}
     bool UseG1GC                                  = true                                      {product} {ergonomic}
     bool UseLargePagesIndividualAllocation        = false                                  {pd product} {ergonomic}

Logging:
Log output configuration:
 #0: stdout all=warning uptime,level,tags
 #1: stderr all=off uptime,level,tags

Environment Variables:
JAVA_HOME=C:\Program Files\Java\jdk-11.0.8
CLASSPATH=C:\sqljdbc_4.2\ptb\jre8\sqljdbc42.jar
PATH=C:\Program Files\AdoptOpenJDK\jdk-11.0.9.11-hotspot\bin;C:\Program Files\Common Files\Oracle\Java\javapath;C:\Python38\Scripts\;C:\Python38\;C:\Program Files (x86)\Common Files\Oracle\Java\javapath;C:\WINDOWS\system32;C:\WINDOWS;C:\WINDOWS\System32\Wbem;C:\WINDOWS\System32\WindowsPowerShell\v1.0\;C:\WINDOWS\System32\OpenSSH\;C:\Program Files (x86)\MySQL\MySQL Server 5.5\bin;C:\Program Files\Git\cmd;C:\ProgramData\chocolatey\bin;C:\apache-maven-3.6.3\bin;C:\Program Files (x86)\Google\Chrome\Application;C:\Program Files\Java\jdk-11.0.8\bin;C:\Program Files (x86)\Yarn\bin\;C:\Program Files\Microsoft SQL Server\Client SDK\ODBC\170\Tools\Binn\;C:\Program Files (x86)\Microsoft SQL Server\150\Tools\Binn\;C:\Program Files\Microsoft SQL Server\150\Tools\Binn\;C:\Program Files\Microsoft SQL Server\150\DTS\Binn\;C:\Program Files\Docker\Docker\resources\bin;C:\ProgramData\DockerDesktop\version-bin;C:\Program Files\dotnet\;C:\Users\rhuan\AppData\Local\Android\Sdk\platform-tools;C:\Users\rhuan\AppData\Local\Android\Sdk\emulator;C:\Users\rhuan\AppData\Local\Android\Sdk\tools\bin;C:\curl-7.74.0_2-win64-mingw\bin;C:\Program Files (x86)\GnuWin32\bin;C:\Program Files\nodejs\;C:\Program Files\TortoiseSVN\bin;C:\Program Files\TortoiseGit\bin;C:\Ruby27-x64\bin;C:\Users\rhuan\anaconda3;C:\Users\rhuan\anaconda3\Library\mingw-w64\bin;C:\Users\rhuan\anaconda3\Library\usr\bin;C:\Users\rhuan\anaconda3\Library\bin;C:\Users\rhuan\anaconda3\Scripts;C:\Users\rhuan\AppData\Local\Microsoft\WindowsApps;C:\Program Files\heroku\bin;C:\src\flutter\bin;C:\Users\rhuan\AppData\Local\Yarn\bin;C:\Users\rhuan\.dotnet\tools;C:\Users\rhuan\AppData\Roaming\npm;C:\Users\rhuan\AppData\Local\Programs\Microsoft VS Code\bin
USERNAME=rhuan
OS=Windows_NT
PROCESSOR_IDENTIFIER=Intel64 Family 6 Model 58 Stepping 9, GenuineIntel



---------------  S Y S T E M  ---------------

OS: Windows 10 , 64 bit Build 19041 (10.0.19041.1499)
HyperV virtualization detected

CPU:total 4 (initial active 4) (4 cores per cpu, 1 threads per core) family 6 model 58 stepping 9, cmov, cx8, fxsr, mmx, sse, sse2, sse3, ssse3, sse4.1, sse4.2, popcnt, avx, aes, clmul, erms, tsc, tscinvbit, tscinv

Memory: 4k page, system-wide physical 8079M (724M free)
TotalPageFile size 18831M (AvailPageFile size 5569M)
current process WorkingSet (physical memory assigned to process): 235M, peak: 235M
current process commit charge ("private bytes"): 270M, peak: 270M

vm_info: Java HotSpot(TM) 64-Bit Server VM (11.0.8+10-LTS) for windows-amd64 JRE (11.0.8+10-LTS), built on Jun 16 2020 05:53:08 by "mach5one" with unknown MS VC++:1916

END.
